16:06:28: 	Неизвестный пользователь: 	Системное сообщение	Ожидается авторизация пользователя
16:06:28: 	Пользователь-1: 	Системное сообщение	Авторизация успешна
16:06:29: 	Пользователь-1: 	Системное сообщение	Программный комплекс включен
16:07:39: 	Пользователь-1: 	Действие оператора	Изменение настроек поезда: 041 ВОЛГОГРАД - АСТРАХАНЬ: Отправление: 16:16 -> 16:17; 
16:23:29: 	Пользователь-1: 	Действие оператора	Изменение настроек поезда: 041 ВОЛГОГРАД - АСТРАХАНЬ: Отправление: 16:17 -> 16:16; 
16:24:29: 	Пользователь-1: 	Действие диспетчера	Выставлена нештатная ситуация
16:24:39: 	Пользователь-1: 	Действие диспетчера	Выставлена нештатная ситуация
16:24:49: 	Пользователь-1: 	Действие диспетчера	Выставлена нештатная ситуация
16:25:00: 	Пользователь-1: 	Действие программы	Ожидаемое время события меньше, чем текущее. Флаг нештатной ситуации снят
16:25:29: 	Пользователь-1: 	Действие диспетчера	Выставлена нештатная ситуация
16:25:29: 	Пользователь-1: 	Действие программы	Ожидаемое время события меньше, чем текущее. Флаг нештатной ситуации снят
16:25:29: 	Пользователь-1: 	Действие программы	Ожидаемое время события меньше, чем текущее. Флаг нештатной ситуации снят
16:25:29: 	Пользователь-1: 	Действие программы	Ожидаемое время события меньше, чем текущее. Флаг нештатной ситуации снят
16:25:30: 	Пользователь-1: 	Действие программы	Ожидаемое время события меньше, чем текущее. Флаг нештатной ситуации снят
16:25:30: 	Пользователь-1: 	Действие программы	Ожидаемое время события меньше, чем текущее. Флаг нештатной ситуации снят
16:25:30: 	Пользователь-1: 	Действие программы	Ожидаемое время события меньше, чем текущее. Флаг нештатной ситуации снят
16:25:30: 	Пользователь-1: 	Действие программы	Ожидаемое время события меньше, чем текущее. Флаг нештатной ситуации снят
16:25:30: 	Пользователь-1: 	Действие программы	Ожидаемое время события меньше, чем текущее. Флаг нештатной ситуации снят
16:25:30: 	Пользователь-1: 	Действие программы	Ожидаемое время события меньше, чем текущее. Флаг нештатной ситуации снят
16:25:30: 	Пользователь-1: 	Действие программы	Ожидаемое время события меньше, чем текущее. Флаг нештатной ситуации снят
16:25:30: 	Пользователь-1: 	Действие программы	Ожидаемое время события меньше, чем текущее. Флаг нештатной ситуации снят
16:25:30: 	Пользователь-1: 	Действие программы	Ожидаемое время события меньше, чем текущее. Флаг нештатной ситуации снят
16:25:31: 	Пользователь-1: 	Действие программы	Ожидаемое время события меньше, чем текущее. Флаг нештатной ситуации снят
16:25:31: 	Пользователь-1: 	Действие программы	Ожидаемое время события меньше, чем текущее. Флаг нештатной ситуации снят
16:25:31: 	Пользователь-1: 	Действие программы	Ожидаемое время события меньше, чем текущее. Флаг нештатной ситуации снят
16:25:31: 	Пользователь-1: 	Действие программы	Ожидаемое время события меньше, чем текущее. Флаг нештатной ситуации снят
16:25:31: 	Пользователь-1: 	Действие программы	Ожидаемое время события меньше, чем текущее. Флаг нештатной ситуации снят
16:25:31: 	Пользователь-1: 	Действие программы	Ожидаемое время события меньше, чем текущее. Флаг нештатной ситуации снят
16:25:31: 	Пользователь-1: 	Действие программы	Ожидаемое время события меньше, чем текущее. Флаг нештатной ситуации снят
16:25:31: 	Пользователь-1: 	Действие программы	Ожидаемое время события меньше, чем текущее. Флаг нештатной ситуации снят
16:25:31: 	Пользователь-1: 	Действие программы	Ожидаемое время события меньше, чем текущее. Флаг нештатной ситуации снят
16:25:32: 	Пользователь-1: 	Действие программы	Ожидаемое время события меньше, чем текущее. Флаг нештатной ситуации снят
16:25:32: 	Пользователь-1: 	Действие программы	Ожидаемое время события меньше, чем текущее. Флаг нештатной ситуации снят
16:25:32: 	Пользователь-1: 	Действие программы	Ожидаемое время события меньше, чем текущее. Флаг нештатной ситуации снят
16:25:32: 	Пользователь-1: 	Действие программы	Ожидаемое время события меньше, чем текущее. Флаг нештатной ситуации снят
16:25:32: 	Пользователь-1: 	Действие программы	Ожидаемое время события меньше, чем текущее. Флаг нештатной ситуации снят
16:25:32: 	Пользователь-1: 	Действие программы	Ожидаемое время события меньше, чем текущее. Флаг нештатной ситуации снят
16:25:32: 	Пользователь-1: 	Действие программы	Ожидаемое время события меньше, чем текущее. Флаг нештатной ситуации снят
16:25:32: 	Пользователь-1: 	Действие программы	Ожидаемое время события меньше, чем текущее. Флаг нештатной ситуации снят
16:25:32: 	Пользователь-1: 	Действие программы	Ожидаемое время события меньше, чем текущее. Флаг нештатной ситуации снят
16:25:33: 	Пользователь-1: 	Действие программы	Ожидаемое время события меньше, чем текущее. Флаг нештатной ситуации снят
16:25:33: 	Пользователь-1: 	Действие программы	Ожидаемое время события меньше, чем текущее. Флаг нештатной ситуации снят
16:25:33: 	Пользователь-1: 	Действие программы	Ожидаемое время события меньше, чем текущее. Флаг нештатной ситуации снят
16:25:33: 	Пользователь-1: 	Действие программы	Ожидаемое время события меньше, чем текущее. Флаг нештатной ситуации снят
16:25:33: 	Пользователь-1: 	Действие программы	Ожидаемое время события меньше, чем текущее. Флаг нештатной ситуации снят
16:25:33: 	Пользователь-1: 	Действие программы	Ожидаемое время события меньше, чем текущее. Флаг нештатной ситуации снят
16:25:33: 	Пользователь-1: 	Действие программы	Ожидаемое время события меньше, чем текущее. Флаг нештатной ситуации снят
16:25:33: 	Пользователь-1: 	Действие программы	Ожидаемое время события меньше, чем текущее. Флаг нештатной ситуации снят
16:25:33: 	Пользователь-1: 	Действие программы	Ожидаемое время события меньше, чем текущее. Флаг нештатной ситуации снят
16:25:33: 	Пользователь-1: 	Действие программы	Ожидаемое время события меньше, чем текущее. Флаг нештатной ситуации снят
16:25:34: 	Пользователь-1: 	Действие программы	Ожидаемое время события меньше, чем текущее. Флаг нештатной ситуации снят
16:25:34: 	Пользователь-1: 	Действие программы	Ожидаемое время события меньше, чем текущее. Флаг нештатной ситуации снят
16:25:34: 	Пользователь-1: 	Действие программы	Ожидаемое время события меньше, чем текущее. Флаг нештатной ситуации снят
16:25:34: 	Пользователь-1: 	Действие программы	Ожидаемое время события меньше, чем текущее. Флаг нештатной ситуации снят
16:25:34: 	Пользователь-1: 	Действие программы	Ожидаемое время события меньше, чем текущее. Флаг нештатной ситуации снят
16:25:34: 	Пользователь-1: 	Действие программы	Ожидаемое время события меньше, чем текущее. Флаг нештатной ситуации снят
16:25:34: 	Пользователь-1: 	Действие программы	Ожидаемое время события меньше, чем текущее. Флаг нештатной ситуации снят
16:25:34: 	Пользователь-1: 	Действие программы	Ожидаемое время события меньше, чем текущее. Флаг нештатной ситуации снят
16:25:34: 	Пользователь-1: 	Действие программы	Ожидаемое время события меньше, чем текущее. Флаг нештатной ситуации снят
16:25:35: 	Пользователь-1: 	Действие программы	Ожидаемое время события меньше, чем текущее. Флаг нештатной ситуации снят
16:25:35: 	Пользователь-1: 	Действие программы	Ожидаемое время события меньше, чем текущее. Флаг нештатной ситуации снят
16:25:35: 	Пользователь-1: 	Действие программы	Ожидаемое время события меньше, чем текущее. Флаг нештатной ситуации снят
16:25:35: 	Пользователь-1: 	Действие программы	Ожидаемое время события меньше, чем текущее. Флаг нештатной ситуации снят
16:25:35: 	Пользователь-1: 	Действие программы	Ожидаемое время события меньше, чем текущее. Флаг нештатной ситуации снят
16:25:35: 	Пользователь-1: 	Действие программы	Ожидаемое время события меньше, чем текущее. Флаг нештатной ситуации снят
16:25:35: 	Пользователь-1: 	Действие программы	Ожидаемое время события меньше, чем текущее. Флаг нештатной ситуации снят
16:25:35: 	Пользователь-1: 	Действие программы	Ожидаемое время события меньше, чем текущее. Флаг нештатной ситуации снят
16:25:35: 	Пользователь-1: 	Действие программы	Ожидаемое время события меньше, чем текущее. Флаг нештатной ситуации снят
16:25:36: 	Пользователь-1: 	Действие программы	Ожидаемое время события меньше, чем текущее. Флаг нештатной ситуации снят
16:25:36: 	Пользователь-1: 	Действие программы	Ожидаемое время события меньше, чем текущее. Флаг нештатной ситуации снят
16:25:36: 	Пользователь-1: 	Действие программы	Ожидаемое время события меньше, чем текущее. Флаг нештатной ситуации снят
16:25:36: 	Пользователь-1: 	Действие программы	Ожидаемое время события меньше, чем текущее. Флаг нештатной ситуации снят
16:25:36: 	Пользователь-1: 	Действие программы	Ожидаемое время события меньше, чем текущее. Флаг нештатной ситуации снят
16:25:36: 	Пользователь-1: 	Действие программы	Ожидаемое время события меньше, чем текущее. Флаг нештатной ситуации снят
16:25:36: 	Пользователь-1: 	Действие программы	Ожидаемое время события меньше, чем текущее. Флаг нештатной ситуации снят
16:25:36: 	Пользователь-1: 	Действие программы	Ожидаемое время события меньше, чем текущее. Флаг нештатной ситуации снят
16:25:36: 	Пользователь-1: 	Действие программы	Ожидаемое время события меньше, чем текущее. Флаг нештатной ситуации снят
16:25:37: 	Пользователь-1: 	Действие программы	Ожидаемое время события меньше, чем текущее. Флаг нештатной ситуации снят
16:25:37: 	Пользователь-1: 	Действие программы	Ожидаемое время события меньше, чем текущее. Флаг нештатной ситуации снят
16:25:37: 	Пользователь-1: 	Действие программы	Ожидаемое время события меньше, чем текущее. Флаг нештатной ситуации снят
16:25:37: 	Пользователь-1: 	Действие программы	Ожидаемое время события меньше, чем текущее. Флаг нештатной ситуации снят
16:25:37: 	Пользователь-1: 	Действие программы	Ожидаемое время события меньше, чем текущее. Флаг нештатной ситуации снят
16:25:37: 	Пользователь-1: 	Действие программы	Ожидаемое время события меньше, чем текущее. Флаг нештатной ситуации снят
16:25:37: 	Пользователь-1: 	Действие программы	Ожидаемое время события меньше, чем текущее. Флаг нештатной ситуации снят
16:25:37: 	Пользователь-1: 	Действие программы	Ожидаемое время события меньше, чем текущее. Флаг нештатной ситуации снят
16:25:37: 	Пользователь-1: 	Действие программы	Ожидаемое время события меньше, чем текущее. Флаг нештатной ситуации снят
16:25:38: 	Пользователь-1: 	Действие программы	Ожидаемое время события меньше, чем текущее. Флаг нештатной ситуации снят
16:25:38: 	Пользователь-1: 	Действие программы	Ожидаемое время события меньше, чем текущее. Флаг нештатной ситуации снят
16:25:38: 	Пользователь-1: 	Действие программы	Ожидаемое время события меньше, чем текущее. Флаг нештатной ситуации снят
16:25:38: 	Пользователь-1: 	Действие программы	Ожидаемое время события меньше, чем текущее. Флаг нештатной ситуации снят
16:25:38: 	Пользователь-1: 	Действие программы	Ожидаемое время события меньше, чем текущее. Флаг нештатной ситуации снят
16:25:38: 	Пользователь-1: 	Действие программы	Ожидаемое время события меньше, чем текущее. Флаг нештатной ситуации снят
16:25:38: 	Пользователь-1: 	Действие программы	Ожидаемое время события меньше, чем текущее. Флаг нештатной ситуации снят
16:25:38: 	Пользователь-1: 	Действие программы	Ожидаемое время события меньше, чем текущее. Флаг нештатной ситуации снят
16:25:38: 	Пользователь-1: 	Действие программы	Ожидаемое время события меньше, чем текущее. Флаг нештатной ситуации снят
16:25:39: 	Пользователь-1: 	Действие программы	Ожидаемое время события меньше, чем текущее. Флаг нештатной ситуации снят
16:25:39: 	Пользователь-1: 	Действие программы	Ожидаемое время события меньше, чем текущее. Флаг нештатной ситуации снят
16:25:39: 	Пользователь-1: 	Действие программы	Ожидаемое время события меньше, чем текущее. Флаг нештатной ситуации снят
16:25:39: 	Пользователь-1: 	Действие программы	Ожидаемое время события меньше, чем текущее. Флаг нештатной ситуации снят
16:25:39: 	Пользователь-1: 	Действие программы	Ожидаемое время события меньше, чем текущее. Флаг нештатной ситуации снят
16:25:39: 	Пользователь-1: 	Действие программы	Ожидаемое время события меньше, чем текущее. Флаг нештатной ситуации снят
16:25:39: 	Пользователь-1: 	Действие программы	Ожидаемое время события меньше, чем текущее. Флаг нештатной ситуации снят
16:25:39: 	Пользователь-1: 	Действие программы	Ожидаемое время события меньше, чем текущее. Флаг нештатной ситуации снят
16:25:39: 	Пользователь-1: 	Действие программы	Ожидаемое время события меньше, чем текущее. Флаг нештатной ситуации снят
16:25:40: 	Пользователь-1: 	Действие программы	Ожидаемое время события меньше, чем текущее. Флаг нештатной ситуации снят
16:25:40: 	Пользователь-1: 	Действие программы	Ожидаемое время события меньше, чем текущее. Флаг нештатной ситуации снят
16:25:40: 	Пользователь-1: 	Действие программы	Ожидаемое время события меньше, чем текущее. Флаг нештатной ситуации снят
16:25:40: 	Пользователь-1: 	Действие программы	Ожидаемое время события меньше, чем текущее. Флаг нештатной ситуации снят
16:25:40: 	Пользователь-1: 	Действие программы	Ожидаемое время события меньше, чем текущее. Флаг нештатной ситуации снят
16:25:40: 	Пользователь-1: 	Действие программы	Ожидаемое время события меньше, чем текущее. Флаг нештатной ситуации снят
16:25:40: 	Пользователь-1: 	Действие программы	Ожидаемое время события меньше, чем текущее. Флаг нештатной ситуации снят
16:25:40: 	Пользователь-1: 	Действие программы	Ожидаемое время события меньше, чем текущее. Флаг нештатной ситуации снят
16:25:41: 	Пользователь-1: 	Действие программы	Ожидаемое время события меньше, чем текущее. Флаг нештатной ситуации снят
16:25:41: 	Пользователь-1: 	Действие программы	Ожидаемое время события меньше, чем текущее. Флаг нештатной ситуации снят
16:25:41: 	Пользователь-1: 	Действие программы	Ожидаемое время события меньше, чем текущее. Флаг нештатной ситуации снят
16:25:41: 	Пользователь-1: 	Действие программы	Ожидаемое время события меньше, чем текущее. Флаг нештатной ситуации снят
16:25:41: 	Пользователь-1: 	Действие программы	Ожидаемое время события меньше, чем текущее. Флаг нештатной ситуации снят
16:25:41: 	Пользователь-1: 	Действие программы	Ожидаемое время события меньше, чем текущее. Флаг нештатной ситуации снят
16:25:41: 	Пользователь-1: 	Действие программы	Ожидаемое время события меньше, чем текущее. Флаг нештатной ситуации снят
16:25:41: 	Пользователь-1: 	Действие программы	Ожидаемое время события меньше, чем текущее. Флаг нештатной ситуации снят
16:25:41: 	Пользователь-1: 	Действие программы	Ожидаемое время события меньше, чем текущее. Флаг нештатной ситуации снят
16:25:42: 	Пользователь-1: 	Действие программы	Ожидаемое время события меньше, чем текущее. Флаг нештатной ситуации снят
16:25:42: 	Пользователь-1: 	Действие программы	Ожидаемое время события меньше, чем текущее. Флаг нештатной ситуации снят
16:25:42: 	Пользователь-1: 	Действие программы	Ожидаемое время события меньше, чем текущее. Флаг нештатной ситуации снят
16:25:42: 	Пользователь-1: 	Действие программы	Ожидаемое время события меньше, чем текущее. Флаг нештатной ситуации снят
16:25:42: 	Пользователь-1: 	Действие программы	Ожидаемое время события меньше, чем текущее. Флаг нештатной ситуации снят
16:25:42: 	Пользователь-1: 	Действие программы	Ожидаемое время события меньше, чем текущее. Флаг нештатной ситуации снят
16:25:42: 	Пользователь-1: 	Действие программы	Ожидаемое время события меньше, чем текущее. Флаг нештатной ситуации снят
16:25:42: 	Пользователь-1: 	Действие программы	Ожидаемое время события меньше, чем текущее. Флаг нештатной ситуации снят
16:25:42: 	Пользователь-1: 	Действие программы	Ожидаемое время события меньше, чем текущее. Флаг нештатной ситуации снят
16:25:43: 	Пользователь-1: 	Действие программы	Ожидаемое время события меньше, чем текущее. Флаг нештатной ситуации снят
16:25:43: 	Пользователь-1: 	Действие программы	Ожидаемое время события меньше, чем текущее. Флаг нештатной ситуации снят
16:25:43: 	Пользователь-1: 	Действие программы	Ожидаемое время события меньше, чем текущее. Флаг нештатной ситуации снят
16:25:43: 	Пользователь-1: 	Действие программы	Ожидаемое время события меньше, чем текущее. Флаг нештатной ситуации снят
16:25:43: 	Пользователь-1: 	Действие программы	Ожидаемое время события меньше, чем текущее. Флаг нештатной ситуации снят
16:25:43: 	Пользователь-1: 	Действие программы	Ожидаемое время события меньше, чем текущее. Флаг нештатной ситуации снят
16:25:43: 	Пользователь-1: 	Действие программы	Ожидаемое время события меньше, чем текущее. Флаг нештатной ситуации снят
16:25:43: 	Пользователь-1: 	Действие программы	Ожидаемое время события меньше, чем текущее. Флаг нештатной ситуации снят
16:25:43: 	Пользователь-1: 	Действие программы	Ожидаемое время события меньше, чем текущее. Флаг нештатной ситуации снят
16:25:44: 	Пользователь-1: 	Действие программы	Ожидаемое время события меньше, чем текущее. Флаг нештатной ситуации снят
16:25:44: 	Пользователь-1: 	Действие программы	Ожидаемое время события меньше, чем текущее. Флаг нештатной ситуации снят
16:25:44: 	Пользователь-1: 	Действие программы	Ожидаемое время события меньше, чем текущее. Флаг нештатной ситуации снят
16:25:44: 	Пользователь-1: 	Действие программы	Ожидаемое время события меньше, чем текущее. Флаг нештатной ситуации снят
16:25:44: 	Пользователь-1: 	Действие программы	Ожидаемое время события меньше, чем текущее. Флаг нештатной ситуации снят
16:25:44: 	Пользователь-1: 	Действие программы	Ожидаемое время события меньше, чем текущее. Флаг нештатной ситуации снят
16:25:44: 	Пользователь-1: 	Действие программы	Ожидаемое время события меньше, чем текущее. Флаг нештатной ситуации снят
16:25:44: 	Пользователь-1: 	Действие программы	Ожидаемое время события меньше, чем текущее. Флаг нештатной ситуации снят
16:25:44: 	Пользователь-1: 	Действие программы	Ожидаемое время события меньше, чем текущее. Флаг нештатной ситуации снят
16:25:45: 	Пользователь-1: 	Действие программы	Ожидаемое время события меньше, чем текущее. Флаг нештатной ситуации снят
16:25:45: 	Пользователь-1: 	Действие программы	Ожидаемое время события меньше, чем текущее. Флаг нештатной ситуации снят
16:25:45: 	Пользователь-1: 	Действие программы	Ожидаемое время события меньше, чем текущее. Флаг нештатной ситуации снят
16:25:45: 	Пользователь-1: 	Действие программы	Ожидаемое время события меньше, чем текущее. Флаг нештатной ситуации снят
16:25:45: 	Пользователь-1: 	Действие программы	Ожидаемое время события меньше, чем текущее. Флаг нештатной ситуации снят
16:25:45: 	Пользователь-1: 	Действие программы	Ожидаемое время события меньше, чем текущее. Флаг нештатной ситуации снят
16:25:45: 	Пользователь-1: 	Действие программы	Ожидаемое время события меньше, чем текущее. Флаг нештатной ситуации снят
16:25:45: 	Пользователь-1: 	Действие программы	Ожидаемое время события меньше, чем текущее. Флаг нештатной ситуации снят
16:25:45: 	Пользователь-1: 	Действие программы	Ожидаемое время события меньше, чем текущее. Флаг нештатной ситуации снят
16:25:46: 	Пользователь-1: 	Действие программы	Ожидаемое время события меньше, чем текущее. Флаг нештатной ситуации снят
16:25:46: 	Пользователь-1: 	Действие программы	Ожидаемое время события меньше, чем текущее. Флаг нештатной ситуации снят
16:25:46: 	Пользователь-1: 	Действие программы	Ожидаемое время события меньше, чем текущее. Флаг нештатной ситуации снят
16:25:46: 	Пользователь-1: 	Действие программы	Ожидаемое время события меньше, чем текущее. Флаг нештатной ситуации снят
16:25:46: 	Пользователь-1: 	Действие программы	Ожидаемое время события меньше, чем текущее. Флаг нештатной ситуации снят
16:25:46: 	Пользователь-1: 	Действие программы	Ожидаемое время события меньше, чем текущее. Флаг нештатной ситуации снят
16:25:46: 	Пользователь-1: 	Действие программы	Ожидаемое время события меньше, чем текущее. Флаг нештатной ситуации снят
16:25:46: 	Пользователь-1: 	Действие программы	Ожидаемое время события меньше, чем текущее. Флаг нештатной ситуации снят
16:25:46: 	Пользователь-1: 	Действие программы	Ожидаемое время события меньше, чем текущее. Флаг нештатной ситуации снят
16:25:47: 	Пользователь-1: 	Действие программы	Ожидаемое время события меньше, чем текущее. Флаг нештатной ситуации снят
16:25:47: 	Пользователь-1: 	Действие программы	Ожидаемое время события меньше, чем текущее. Флаг нештатной ситуации снят
16:25:47: 	Пользователь-1: 	Действие программы	Ожидаемое время события меньше, чем текущее. Флаг нештатной ситуации снят
16:25:47: 	Пользователь-1: 	Действие программы	Ожидаемое время события меньше, чем текущее. Флаг нештатной ситуации снят
16:25:47: 	Пользователь-1: 	Действие программы	Ожидаемое время события меньше, чем текущее. Флаг нештатной ситуации снят
16:25:47: 	Пользователь-1: 	Действие программы	Ожидаемое время события меньше, чем текущее. Флаг нештатной ситуации снят
16:25:47: 	Пользователь-1: 	Действие программы	Ожидаемое время события меньше, чем текущее. Флаг нештатной ситуации снят
16:25:47: 	Пользователь-1: 	Действие программы	Ожидаемое время события меньше, чем текущее. Флаг нештатной ситуации снят
16:25:47: 	Пользователь-1: 	Действие программы	Ожидаемое время события меньше, чем текущее. Флаг нештатной ситуации снят
16:25:47: 	Пользователь-1: 	Действие программы	Ожидаемое время события меньше, чем текущее. Флаг нештатной ситуации снят
16:25:48: 	Пользователь-1: 	Действие программы	Ожидаемое время события меньше, чем текущее. Флаг нештатной ситуации снят
16:25:48: 	Пользователь-1: 	Действие программы	Ожидаемое время события меньше, чем текущее. Флаг нештатной ситуации снят
16:25:48: 	Пользователь-1: 	Действие программы	Ожидаемое время события меньше, чем текущее. Флаг нештатной ситуации снят
16:25:48: 	Пользователь-1: 	Действие программы	Ожидаемое время события меньше, чем текущее. Флаг нештатной ситуации снят
16:25:48: 	Пользователь-1: 	Действие программы	Ожидаемое время события меньше, чем текущее. Флаг нештатной ситуации снят
16:25:48: 	Пользователь-1: 	Действие программы	Ожидаемое время события меньше, чем текущее. Флаг нештатной ситуации снят
16:25:48: 	Пользователь-1: 	Действие программы	Ожидаемое время события меньше, чем текущее. Флаг нештатной ситуации снят
16:25:48: 	Пользователь-1: 	Действие программы	Ожидаемое время события меньше, чем текущее. Флаг нештатной ситуации снят
16:25:48: 	Пользователь-1: 	Действие программы	Ожидаемое время события меньше, чем текущее. Флаг нештатной ситуации снят
16:25:49: 	Пользователь-1: 	Действие программы	Ожидаемое время события меньше, чем текущее. Флаг нештатной ситуации снят
16:25:49: 	Пользователь-1: 	Действие программы	Ожидаемое время события меньше, чем текущее. Флаг нештатной ситуации снят
16:25:49: 	Пользователь-1: 	Действие программы	Ожидаемое время события меньше, чем текущее. Флаг нештатной ситуации снят
16:25:49: 	Пользователь-1: 	Действие программы	Ожидаемое время события меньше, чем текущее. Флаг нештатной ситуации снят
16:25:49: 	Пользователь-1: 	Действие программы	Ожидаемое время события меньше, чем текущее. Флаг нештатной ситуации снят
16:25:49: 	Пользователь-1: 	Действие программы	Ожидаемое время события меньше, чем текущее. Флаг нештатной ситуации снят
16:25:49: 	Пользователь-1: 	Действие программы	Ожидаемое время события меньше, чем текущее. Флаг нештатной ситуации снят
16:25:49: 	Пользователь-1: 	Действие программы	Ожидаемое время события меньше, чем текущее. Флаг нештатной ситуации снят
16:25:49: 	Пользователь-1: 	Действие программы	Ожидаемое время события меньше, чем текущее. Флаг нештатной ситуации снят
16:25:50: 	Пользователь-1: 	Действие программы	Ожидаемое время события меньше, чем текущее. Флаг нештатной ситуации снят
16:25:50: 	Пользователь-1: 	Действие программы	Ожидаемое время события меньше, чем текущее. Флаг нештатной ситуации снят
16:25:50: 	Пользователь-1: 	Действие программы	Ожидаемое время события меньше, чем текущее. Флаг нештатной ситуации снят
16:25:50: 	Пользователь-1: 	Действие программы	Ожидаемое время события меньше, чем текущее. Флаг нештатной ситуации снят
16:25:50: 	Пользователь-1: 	Действие программы	Ожидаемое время события меньше, чем текущее. Флаг нештатной ситуации снят
16:25:50: 	Пользователь-1: 	Действие программы	Ожидаемое время события меньше, чем текущее. Флаг нештатной ситуации снят
16:25:50: 	Пользователь-1: 	Действие программы	Ожидаемое время события меньше, чем текущее. Флаг нештатной ситуации снят
16:25:50: 	Пользователь-1: 	Действие программы	Ожидаемое время события меньше, чем текущее. Флаг нештатной ситуации снят
16:25:51: 	Пользователь-1: 	Действие программы	Ожидаемое время события меньше, чем текущее. Флаг нештатной ситуации снят
16:25:51: 	Пользователь-1: 	Действие программы	Ожидаемое время события меньше, чем текущее. Флаг нештатной ситуации снят
16:25:51: 	Пользователь-1: 	Действие программы	Ожидаемое время события меньше, чем текущее. Флаг нештатной ситуации снят
16:25:51: 	Пользователь-1: 	Действие программы	Ожидаемое время события меньше, чем текущее. Флаг нештатной ситуации снят
16:25:51: 	Пользователь-1: 	Действие программы	Ожидаемое время события меньше, чем текущее. Флаг нештатной ситуации снят
16:25:51: 	Пользователь-1: 	Действие программы	Ожидаемое время события меньше, чем текущее. Флаг нештатной ситуации снят
16:25:51: 	Пользователь-1: 	Действие программы	Ожидаемое время события меньше, чем текущее. Флаг нештатной ситуации снят
16:25:51: 	Пользователь-1: 	Действие программы	Ожидаемое время события меньше, чем текущее. Флаг нештатной ситуации снят
16:25:51: 	Пользователь-1: 	Действие программы	Ожидаемое время события меньше, чем текущее. Флаг нештатной ситуации снят
16:25:52: 	Пользователь-1: 	Действие программы	Ожидаемое время события меньше, чем текущее. Флаг нештатной ситуации снят
16:25:52: 	Пользователь-1: 	Действие программы	Ожидаемое время события меньше, чем текущее. Флаг нештатной ситуации снят
16:25:52: 	Пользователь-1: 	Действие программы	Ожидаемое время события меньше, чем текущее. Флаг нештатной ситуации снят
16:25:52: 	Пользователь-1: 	Действие программы	Ожидаемое время события меньше, чем текущее. Флаг нештатной ситуации снят
16:25:52: 	Пользователь-1: 	Действие программы	Ожидаемое время события меньше, чем текущее. Флаг нештатной ситуации снят
16:25:52: 	Пользователь-1: 	Действие программы	Ожидаемое время события меньше, чем текущее. Флаг нештатной ситуации снят
16:25:52: 	Пользователь-1: 	Действие программы	Ожидаемое время события меньше, чем текущее. Флаг нештатной ситуации снят
16:25:52: 	Пользователь-1: 	Действие программы	Ожидаемое время события меньше, чем текущее. Флаг нештатной ситуации снят
16:25:52: 	Пользователь-1: 	Действие программы	Ожидаемое время события меньше, чем текущее. Флаг нештатной ситуации снят
16:25:53: 	Пользователь-1: 	Действие программы	Ожидаемое время события меньше, чем текущее. Флаг нештатной ситуации снят
16:25:53: 	Пользователь-1: 	Действие программы	Ожидаемое время события меньше, чем текущее. Флаг нештатной ситуации снят
16:25:53: 	Пользователь-1: 	Действие программы	Ожидаемое время события меньше, чем текущее. Флаг нештатной ситуации снят
16:25:53: 	Пользователь-1: 	Действие программы	Ожидаемое время события меньше, чем текущее. Флаг нештатной ситуации снят
16:25:53: 	Пользователь-1: 	Действие программы	Ожидаемое время события меньше, чем текущее. Флаг нештатной ситуации снят
16:25:53: 	Пользователь-1: 	Действие программы	Ожидаемое время события меньше, чем текущее. Флаг нештатной ситуации снят
16:25:53: 	Пользователь-1: 	Действие программы	Ожидаемое время события меньше, чем текущее. Флаг нештатной ситуации снят
16:25:53: 	Пользователь-1: 	Действие программы	Ожидаемое время события меньше, чем текущее. Флаг нештатной ситуации снят
16:25:53: 	Пользователь-1: 	Действие программы	Ожидаемое время события меньше, чем текущее. Флаг нештатной ситуации снят
16:25:54: 	Пользователь-1: 	Действие программы	Ожидаемое время события меньше, чем текущее. Флаг нештатной ситуации снят
16:25:54: 	Пользователь-1: 	Действие программы	Ожидаемое время события меньше, чем текущее. Флаг нештатной ситуации снят
16:25:54: 	Пользователь-1: 	Действие программы	Ожидаемое время события меньше, чем текущее. Флаг нештатной ситуации снят
16:25:54: 	Пользователь-1: 	Действие программы	Ожидаемое время события меньше, чем текущее. Флаг нештатной ситуации снят
16:25:54: 	Пользователь-1: 	Действие программы	Ожидаемое время события меньше, чем текущее. Флаг нештатной ситуации снят
16:25:54: 	Пользователь-1: 	Действие программы	Ожидаемое время события меньше, чем текущее. Флаг нештатной ситуации снят
16:25:54: 	Пользователь-1: 	Действие программы	Ожидаемое время события меньше, чем текущее. Флаг нештатной ситуации снят
16:25:54: 	Пользователь-1: 	Действие программы	Ожидаемое время события меньше, чем текущее. Флаг нештатной ситуации снят
16:25:55: 	Пользователь-1: 	Действие программы	Ожидаемое время события меньше, чем текущее. Флаг нештатной ситуации снят
16:25:55: 	Пользователь-1: 	Действие программы	Ожидаемое время события меньше, чем текущее. Флаг нештатной ситуации снят
16:25:55: 	Пользователь-1: 	Действие программы	Ожидаемое время события меньше, чем текущее. Флаг нештатной ситуации снят
16:25:55: 	Пользователь-1: 	Действие программы	Ожидаемое время события меньше, чем текущее. Флаг нештатной ситуации снят
16:25:55: 	Пользователь-1: 	Действие программы	Ожидаемое время события меньше, чем текущее. Флаг нештатной ситуации снят
16:25:55: 	Пользователь-1: 	Действие программы	Ожидаемое время события меньше, чем текущее. Флаг нештатной ситуации снят
16:25:55: 	Пользователь-1: 	Действие программы	Ожидаемое время события меньше, чем текущее. Флаг нештатной ситуации снят
16:25:55: 	Пользователь-1: 	Действие программы	Ожидаемое время события меньше, чем текущее. Флаг нештатной ситуации снят
16:25:55: 	Пользователь-1: 	Действие программы	Ожидаемое время события меньше, чем текущее. Флаг нештатной ситуации снят
16:25:55: 	Пользователь-1: 	Действие программы	Ожидаемое время события меньше, чем текущее. Флаг нештатной ситуации снят
16:25:56: 	Пользователь-1: 	Действие программы	Ожидаемое время события меньше, чем текущее. Флаг нештатной ситуации снят
16:25:56: 	Пользователь-1: 	Действие программы	Ожидаемое время события меньше, чем текущее. Флаг нештатной ситуации снят
16:25:56: 	Пользователь-1: 	Действие программы	Ожидаемое время события меньше, чем текущее. Флаг нештатной ситуации снят
16:25:56: 	Пользователь-1: 	Действие программы	Ожидаемое время события меньше, чем текущее. Флаг нештатной ситуации снят
16:25:56: 	Пользователь-1: 	Действие программы	Ожидаемое время события меньше, чем текущее. Флаг нештатной ситуации снят
16:25:56: 	Пользователь-1: 	Действие программы	Ожидаемое время события меньше, чем текущее. Флаг нештатной ситуации снят
16:25:56: 	Пользователь-1: 	Действие программы	Ожидаемое время события меньше, чем текущее. Флаг нештатной ситуации снят
16:25:56: 	Пользователь-1: 	Действие программы	Ожидаемое время события меньше, чем текущее. Флаг нештатной ситуации снят
16:25:56: 	Пользователь-1: 	Действие программы	Ожидаемое время события меньше, чем текущее. Флаг нештатной ситуации снят
16:25:57: 	Пользователь-1: 	Действие программы	Ожидаемое время события меньше, чем текущее. Флаг нештатной ситуации снят
16:25:57: 	Пользователь-1: 	Действие программы	Ожидаемое время события меньше, чем текущее. Флаг нештатной ситуации снят
16:25:57: 	Пользователь-1: 	Действие программы	Ожидаемое время события меньше, чем текущее. Флаг нештатной ситуации снят
16:25:57: 	Пользователь-1: 	Действие программы	Ожидаемое время события меньше, чем текущее. Флаг нештатной ситуации снят
16:25:57: 	Пользователь-1: 	Действие программы	Ожидаемое время события меньше, чем текущее. Флаг нештатной ситуации снят
16:25:57: 	Пользователь-1: 	Действие программы	Ожидаемое время события меньше, чем текущее. Флаг нештатной ситуации снят
16:25:57: 	Пользователь-1: 	Действие программы	Ожидаемое время события меньше, чем текущее. Флаг нештатной ситуации снят
16:25:57: 	Пользователь-1: 	Действие программы	Ожидаемое время события меньше, чем текущее. Флаг нештатной ситуации снят
16:25:57: 	Пользователь-1: 	Действие программы	Ожидаемое время события меньше, чем текущее. Флаг нештатной ситуации снят
16:25:58: 	Пользователь-1: 	Действие программы	Ожидаемое время события меньше, чем текущее. Флаг нештатной ситуации снят
16:25:58: 	Пользователь-1: 	Действие программы	Ожидаемое время события меньше, чем текущее. Флаг нештатной ситуации снят
16:25:58: 	Пользователь-1: 	Действие программы	Ожидаемое время события меньше, чем текущее. Флаг нештатной ситуации снят
16:25:58: 	Пользователь-1: 	Действие программы	Ожидаемое время события меньше, чем текущее. Флаг нештатной ситуации снят
16:25:58: 	Пользователь-1: 	Действие программы	Ожидаемое время события меньше, чем текущее. Флаг нештатной ситуации снят
16:25:58: 	Пользователь-1: 	Действие программы	Ожидаемое время события меньше, чем текущее. Флаг нештатной ситуации снят
16:25:58: 	Пользователь-1: 	Действие программы	Ожидаемое время события меньше, чем текущее. Флаг нештатной ситуации снят
16:25:58: 	Пользователь-1: 	Действие программы	Ожидаемое время события меньше, чем текущее. Флаг нештатной ситуации снят
16:25:58: 	Пользователь-1: 	Действие программы	Ожидаемое время события меньше, чем текущее. Флаг нештатной ситуации снят
16:25:59: 	Пользователь-1: 	Действие программы	Ожидаемое время события меньше, чем текущее. Флаг нештатной ситуации снят
16:25:59: 	Пользователь-1: 	Действие программы	Ожидаемое время события меньше, чем текущее. Флаг нештатной ситуации снят
16:25:59: 	Пользователь-1: 	Действие программы	Ожидаемое время события меньше, чем текущее. Флаг нештатной ситуации снят
16:25:59: 	Пользователь-1: 	Действие программы	Ожидаемое время события меньше, чем текущее. Флаг нештатной ситуации снят
16:25:59: 	Пользователь-1: 	Действие программы	Ожидаемое время события меньше, чем текущее. Флаг нештатной ситуации снят
16:25:59: 	Пользователь-1: 	Действие программы	Ожидаемое время события меньше, чем текущее. Флаг нештатной ситуации снят
16:25:59: 	Пользователь-1: 	Действие программы	Ожидаемое время события меньше, чем текущее. Флаг нештатной ситуации снят
16:25:59: 	Пользователь-1: 	Действие программы	Ожидаемое время события меньше, чем текущее. Флаг нештатной ситуации снят
16:25:59: 	Пользователь-1: 	Действие программы	Ожидаемое время события меньше, чем текущее. Флаг нештатной ситуации снят
16:26:00: 	Пользователь-1: 	Действие программы	Ожидаемое время события меньше, чем текущее. Флаг нештатной ситуации снят
16:26:00: 	Пользователь-1: 	Действие программы	Ожидаемое время события меньше, чем текущее. Флаг нештатной ситуации снят
16:26:00: 	Пользователь-1: 	Действие программы	Ожидаемое время события меньше, чем текущее. Флаг нештатной ситуации снят
16:26:00: 	Пользователь-1: 	Действие программы	Ожидаемое время события меньше, чем текущее. Флаг нештатной ситуации снят
16:26:00: 	Пользователь-1: 	Действие программы	Ожидаемое время события меньше, чем текущее. Флаг нештатной ситуации снят
16:26:00: 	Пользователь-1: 	Действие программы	Ожидаемое время события меньше, чем текущее. Флаг нештатной ситуации снят
16:26:00: 	Пользователь-1: 	Действие программы	Ожидаемое время события меньше, чем текущее. Флаг нештатной ситуации снят
16:26:00: 	Пользователь-1: 	Действие программы	Ожидаемое время события меньше, чем текущее. Флаг нештатной ситуации снят
16:26:00: 	Пользователь-1: 	Действие программы	Ожидаемое время события меньше, чем текущее. Флаг нештатной ситуации снят
16:26:01: 	Пользователь-1: 	Действие программы	Ожидаемое время события меньше, чем текущее. Флаг нештатной ситуации снят
16:26:01: 	Пользователь-1: 	Действие программы	Ожидаемое время события меньше, чем текущее. Флаг нештатной ситуации снят
16:26:01: 	Пользователь-1: 	Действие программы	Ожидаемое время события меньше, чем текущее. Флаг нештатной ситуации снят
16:26:01: 	Пользователь-1: 	Действие программы	Ожидаемое время события меньше, чем текущее. Флаг нештатной ситуации снят
16:26:01: 	Пользователь-1: 	Действие программы	Ожидаемое время события меньше, чем текущее. Флаг нештатной ситуации снят
16:26:01: 	Пользователь-1: 	Действие программы	Ожидаемое время события меньше, чем текущее. Флаг нештатной ситуации снят
16:26:01: 	Пользователь-1: 	Действие программы	Ожидаемое время события меньше, чем текущее. Флаг нештатной ситуации снят
16:26:01: 	Пользователь-1: 	Действие программы	Ожидаемое время события меньше, чем текущее. Флаг нештатной ситуации снят
16:26:01: 	Пользователь-1: 	Действие программы	Ожидаемое время события меньше, чем текущее. Флаг нештатной ситуации снят
16:26:02: 	Пользователь-1: 	Действие программы	Ожидаемое время события меньше, чем текущее. Флаг нештатной ситуации снят
16:26:02: 	Пользователь-1: 	Действие программы	Ожидаемое время события меньше, чем текущее. Флаг нештатной ситуации снят
16:26:02: 	Пользователь-1: 	Действие программы	Ожидаемое время события меньше, чем текущее. Флаг нештатной ситуации снят
16:26:02: 	Пользователь-1: 	Действие программы	Ожидаемое время события меньше, чем текущее. Флаг нештатной ситуации снят
16:26:02: 	Пользователь-1: 	Действие программы	Ожидаемое время события меньше, чем текущее. Флаг нештатной ситуации снят
16:26:02: 	Пользователь-1: 	Действие программы	Ожидаемое время события меньше, чем текущее. Флаг нештатной ситуации снят
16:26:02: 	Пользователь-1: 	Действие программы	Ожидаемое время события меньше, чем текущее. Флаг нештатной ситуации снят
16:26:02: 	Пользователь-1: 	Действие программы	Ожидаемое время события меньше, чем текущее. Флаг нештатной ситуации снят
16:26:02: 	Пользователь-1: 	Действие программы	Ожидаемое время события меньше, чем текущее. Флаг нештатной ситуации снят
16:26:03: 	Пользователь-1: 	Действие программы	Ожидаемое время события меньше, чем текущее. Флаг нештатной ситуации снят
16:26:03: 	Пользователь-1: 	Действие программы	Ожидаемое время события меньше, чем текущее. Флаг нештатной ситуации снят
16:26:03: 	Пользователь-1: 	Действие программы	Ожидаемое время события меньше, чем текущее. Флаг нештатной ситуации снят
16:26:03: 	Пользователь-1: 	Действие программы	Ожидаемое время события меньше, чем текущее. Флаг нештатной ситуации снят
16:26:03: 	Пользователь-1: 	Действие программы	Ожидаемое время события меньше, чем текущее. Флаг нештатной ситуации снят
16:26:03: 	Пользователь-1: 	Действие программы	Ожидаемое время события меньше, чем текущее. Флаг нештатной ситуации снят
16:26:03: 	Пользователь-1: 	Действие программы	Ожидаемое время события меньше, чем текущее. Флаг нештатной ситуации снят
16:26:03: 	Пользователь-1: 	Действие программы	Ожидаемое время события меньше, чем текущее. Флаг нештатной ситуации снят
16:26:03: 	Пользователь-1: 	Действие программы	Ожидаемое время события меньше, чем текущее. Флаг нештатной ситуации снят
16:26:04: 	Пользователь-1: 	Действие программы	Ожидаемое время события меньше, чем текущее. Флаг нештатной ситуации снят
16:26:04: 	Пользователь-1: 	Действие программы	Ожидаемое время события меньше, чем текущее. Флаг нештатной ситуации снят
16:26:04: 	Пользователь-1: 	Действие программы	Ожидаемое время события меньше, чем текущее. Флаг нештатной ситуации снят
16:26:04: 	Пользователь-1: 	Действие программы	Ожидаемое время события меньше, чем текущее. Флаг нештатной ситуации снят
16:26:04: 	Пользователь-1: 	Действие программы	Ожидаемое время события меньше, чем текущее. Флаг нештатной ситуации снят
16:26:04: 	Пользователь-1: 	Действие программы	Ожидаемое время события меньше, чем текущее. Флаг нештатной ситуации снят
16:26:04: 	Пользователь-1: 	Действие программы	Ожидаемое время события меньше, чем текущее. Флаг нештатной ситуации снят
16:26:04: 	Пользователь-1: 	Действие программы	Ожидаемое время события меньше, чем текущее. Флаг нештатной ситуации снят
16:26:04: 	Пользователь-1: 	Действие программы	Ожидаемое время события меньше, чем текущее. Флаг нештатной ситуации снят
16:26:05: 	Пользователь-1: 	Действие программы	Ожидаемое время события меньше, чем текущее. Флаг нештатной ситуации снят
16:26:05: 	Пользователь-1: 	Действие программы	Ожидаемое время события меньше, чем текущее. Флаг нештатной ситуации снят
16:26:05: 	Пользователь-1: 	Действие программы	Ожидаемое время события меньше, чем текущее. Флаг нештатной ситуации снят
16:26:05: 	Пользователь-1: 	Действие программы	Ожидаемое время события меньше, чем текущее. Флаг нештатной ситуации снят
16:26:05: 	Пользователь-1: 	Действие программы	Ожидаемое время события меньше, чем текущее. Флаг нештатной ситуации снят
16:26:05: 	Пользователь-1: 	Действие программы	Ожидаемое время события меньше, чем текущее. Флаг нештатной ситуации снят
16:26:05: 	Пользователь-1: 	Действие программы	Ожидаемое время события меньше, чем текущее. Флаг нештатной ситуации снят
16:26:05: 	Пользователь-1: 	Действие программы	Ожидаемое время события меньше, чем текущее. Флаг нештатной ситуации снят
16:26:05: 	Пользователь-1: 	Действие программы	Ожидаемое время события меньше, чем текущее. Флаг нештатной ситуации снят
16:26:06: 	Пользователь-1: 	Действие программы	Ожидаемое время события меньше, чем текущее. Флаг нештатной ситуации снят
16:26:06: 	Пользователь-1: 	Действие программы	Ожидаемое время события меньше, чем текущее. Флаг нештатной ситуации снят
16:26:06: 	Пользователь-1: 	Действие программы	Ожидаемое время события меньше, чем текущее. Флаг нештатной ситуации снят
16:26:06: 	Пользователь-1: 	Действие программы	Ожидаемое время события меньше, чем текущее. Флаг нештатной ситуации снят
16:26:06: 	Пользователь-1: 	Действие программы	Ожидаемое время события меньше, чем текущее. Флаг нештатной ситуации снят
16:26:06: 	Пользователь-1: 	Действие программы	Ожидаемое время события меньше, чем текущее. Флаг нештатной ситуации снят
16:26:06: 	Пользователь-1: 	Действие программы	Ожидаемое время события меньше, чем текущее. Флаг нештатной ситуации снят
16:26:06: 	Пользователь-1: 	Действие программы	Ожидаемое время события меньше, чем текущее. Флаг нештатной ситуации снят
16:26:06: 	Пользователь-1: 	Действие программы	Ожидаемое время события меньше, чем текущее. Флаг нештатной ситуации снят
16:26:07: 	Пользователь-1: 	Действие программы	Ожидаемое время события меньше, чем текущее. Флаг нештатной ситуации снят
16:26:07: 	Пользователь-1: 	Действие программы	Ожидаемое время события меньше, чем текущее. Флаг нештатной ситуации снят
16:26:07: 	Пользователь-1: 	Действие программы	Ожидаемое время события меньше, чем текущее. Флаг нештатной ситуации снят
16:26:07: 	Пользователь-1: 	Действие программы	Ожидаемое время события меньше, чем текущее. Флаг нештатной ситуации снят
16:26:07: 	Пользователь-1: 	Действие программы	Ожидаемое время события меньше, чем текущее. Флаг нештатной ситуации снят
16:26:07: 	Пользователь-1: 	Действие программы	Ожидаемое время события меньше, чем текущее. Флаг нештатной ситуации снят
16:26:07: 	Пользователь-1: 	Действие программы	Ожидаемое время события меньше, чем текущее. Флаг нештатной ситуации снят
16:26:07: 	Пользователь-1: 	Действие программы	Ожидаемое время события меньше, чем текущее. Флаг нештатной ситуации снят
16:26:08: 	Пользователь-1: 	Действие программы	Ожидаемое время события меньше, чем текущее. Флаг нештатной ситуации снят
16:26:08: 	Пользователь-1: 	Действие программы	Ожидаемое время события меньше, чем текущее. Флаг нештатной ситуации снят
16:26:08: 	Пользователь-1: 	Действие программы	Ожидаемое время события меньше, чем текущее. Флаг нештатной ситуации снят
16:26:08: 	Пользователь-1: 	Действие программы	Ожидаемое время события меньше, чем текущее. Флаг нештатной ситуации снят
16:26:08: 	Пользователь-1: 	Действие программы	Ожидаемое время события меньше, чем текущее. Флаг нештатной ситуации снят
16:26:08: 	Пользователь-1: 	Действие программы	Ожидаемое время события меньше, чем текущее. Флаг нештатной ситуации снят
16:26:08: 	Пользователь-1: 	Действие программы	Ожидаемое время события меньше, чем текущее. Флаг нештатной ситуации снят
16:26:08: 	Пользователь-1: 	Действие программы	Ожидаемое время события меньше, чем текущее. Флаг нештатной ситуации снят
16:26:08: 	Пользователь-1: 	Действие программы	Ожидаемое время события меньше, чем текущее. Флаг нештатной ситуации снят
16:26:08: 	Пользователь-1: 	Действие программы	Ожидаемое время события меньше, чем текущее. Флаг нештатной ситуации снят
16:26:09: 	Пользователь-1: 	Действие программы	Ожидаемое время события меньше, чем текущее. Флаг нештатной ситуации снят
16:26:09: 	Пользователь-1: 	Действие программы	Ожидаемое время события меньше, чем текущее. Флаг нештатной ситуации снят
16:26:09: 	Пользователь-1: 	Действие программы	Ожидаемое время события меньше, чем текущее. Флаг нештатной ситуации снят
16:26:09: 	Пользователь-1: 	Действие программы	Ожидаемое время события меньше, чем текущее. Флаг нештатной ситуации снят
16:26:09: 	Пользователь-1: 	Действие программы	Ожидаемое время события меньше, чем текущее. Флаг нештатной ситуации снят
16:26:09: 	Пользователь-1: 	Действие программы	Ожидаемое время события меньше, чем текущее. Флаг нештатной ситуации снят
16:26:09: 	Пользователь-1: 	Действие программы	Ожидаемое время события меньше, чем текущее. Флаг нештатной ситуации снят
16:26:09: 	Пользователь-1: 	Действие программы	Ожидаемое время события меньше, чем текущее. Флаг нештатной ситуации снят
16:26:09: 	Пользователь-1: 	Действие программы	Ожидаемое время события меньше, чем текущее. Флаг нештатной ситуации снят
16:26:10: 	Пользователь-1: 	Действие программы	Ожидаемое время события меньше, чем текущее. Флаг нештатной ситуации снят
16:26:10: 	Пользователь-1: 	Действие программы	Ожидаемое время события меньше, чем текущее. Флаг нештатной ситуации снят
16:26:10: 	Пользователь-1: 	Действие программы	Ожидаемое время события меньше, чем текущее. Флаг нештатной ситуации снят
16:26:10: 	Пользователь-1: 	Действие программы	Ожидаемое время события меньше, чем текущее. Флаг нештатной ситуации снят
16:26:10: 	Пользователь-1: 	Действие программы	Ожидаемое время события меньше, чем текущее. Флаг нештатной ситуации снят
16:26:10: 	Пользователь-1: 	Действие программы	Ожидаемое время события меньше, чем текущее. Флаг нештатной ситуации снят
16:26:10: 	Пользователь-1: 	Действие программы	Ожидаемое время события меньше, чем текущее. Флаг нештатной ситуации снят
16:26:10: 	Пользователь-1: 	Действие программы	Ожидаемое время события меньше, чем текущее. Флаг нештатной ситуации снят
16:26:10: 	Пользователь-1: 	Действие программы	Ожидаемое время события меньше, чем текущее. Флаг нештатной ситуации снят
16:26:11: 	Пользователь-1: 	Действие программы	Ожидаемое время события меньше, чем текущее. Флаг нештатной ситуации снят
16:26:11: 	Пользователь-1: 	Действие программы	Ожидаемое время события меньше, чем текущее. Флаг нештатной ситуации снят
16:26:11: 	Пользователь-1: 	Действие программы	Ожидаемое время события меньше, чем текущее. Флаг нештатной ситуации снят
16:26:11: 	Пользователь-1: 	Действие программы	Ожидаемое время события меньше, чем текущее. Флаг нештатной ситуации снят
16:26:11: 	Пользователь-1: 	Действие программы	Ожидаемое время события меньше, чем текущее. Флаг нештатной ситуации снят
16:26:11: 	Пользователь-1: 	Действие программы	Ожидаемое время события меньше, чем текущее. Флаг нештатной ситуации снят
16:26:11: 	Пользователь-1: 	Действие программы	Ожидаемое время события меньше, чем текущее. Флаг нештатной ситуации снят
16:26:11: 	Пользователь-1: 	Действие программы	Ожидаемое время события меньше, чем текущее. Флаг нештатной ситуации снят
16:26:11: 	Пользователь-1: 	Действие программы	Ожидаемое время события меньше, чем текущее. Флаг нештатной ситуации снят
16:26:12: 	Пользователь-1: 	Действие программы	Ожидаемое время события меньше, чем текущее. Флаг нештатной ситуации снят
16:26:12: 	Пользователь-1: 	Действие программы	Ожидаемое время события меньше, чем текущее. Флаг нештатной ситуации снят
16:26:12: 	Пользователь-1: 	Действие программы	Ожидаемое время события меньше, чем текущее. Флаг нештатной ситуации снят
16:26:12: 	Пользователь-1: 	Действие программы	Ожидаемое время события меньше, чем текущее. Флаг нештатной ситуации снят
16:26:12: 	Пользователь-1: 	Действие программы	Ожидаемое время события меньше, чем текущее. Флаг нештатной ситуации снят
16:26:12: 	Пользователь-1: 	Действие программы	Ожидаемое время события меньше, чем текущее. Флаг нештатной ситуации снят
16:26:12: 	Пользователь-1: 	Действие программы	Ожидаемое время события меньше, чем текущее. Флаг нештатной ситуации снят
16:26:12: 	Пользователь-1: 	Действие программы	Ожидаемое время события меньше, чем текущее. Флаг нештатной ситуации снят
16:26:12: 	Пользователь-1: 	Действие программы	Ожидаемое время события меньше, чем текущее. Флаг нештатной ситуации снят
16:26:13: 	Пользователь-1: 	Действие программы	Ожидаемое время события меньше, чем текущее. Флаг нештатной ситуации снят
16:26:13: 	Пользователь-1: 	Действие программы	Ожидаемое время события меньше, чем текущее. Флаг нештатной ситуации снят
16:26:13: 	Пользователь-1: 	Действие программы	Ожидаемое время события меньше, чем текущее. Флаг нештатной ситуации снят
16:26:13: 	Пользователь-1: 	Действие программы	Ожидаемое время события меньше, чем текущее. Флаг нештатной ситуации снят
16:26:13: 	Пользователь-1: 	Действие программы	Ожидаемое время события меньше, чем текущее. Флаг нештатной ситуации снят
16:26:13: 	Пользователь-1: 	Действие программы	Ожидаемое время события меньше, чем текущее. Флаг нештатной ситуации снят
16:26:13: 	Пользователь-1: 	Действие программы	Ожидаемое время события меньше, чем текущее. Флаг нештатной ситуации снят
16:26:13: 	Пользователь-1: 	Действие программы	Ожидаемое время события меньше, чем текущее. Флаг нештатной ситуации снят
16:26:13: 	Пользователь-1: 	Действие программы	Ожидаемое время события меньше, чем текущее. Флаг нештатной ситуации снят
16:26:14: 	Пользователь-1: 	Действие программы	Ожидаемое время события меньше, чем текущее. Флаг нештатной ситуации снят
16:26:14: 	Пользователь-1: 	Действие программы	Ожидаемое время события меньше, чем текущее. Флаг нештатной ситуации снят
16:26:14: 	Пользователь-1: 	Действие программы	Ожидаемое время события меньше, чем текущее. Флаг нештатной ситуации снят
16:26:14: 	Пользователь-1: 	Действие программы	Ожидаемое время события меньше, чем текущее. Флаг нештатной ситуации снят
16:26:14: 	Пользователь-1: 	Действие программы	Ожидаемое время события меньше, чем текущее. Флаг нештатной ситуации снят
16:26:14: 	Пользователь-1: 	Действие программы	Ожидаемое время события меньше, чем текущее. Флаг нештатной ситуации снят
16:26:14: 	Пользователь-1: 	Действие программы	Ожидаемое время события меньше, чем текущее. Флаг нештатной ситуации снят
16:26:14: 	Пользователь-1: 	Действие программы	Ожидаемое время события меньше, чем текущее. Флаг нештатной ситуации снят
16:26:14: 	Пользователь-1: 	Действие программы	Ожидаемое время события меньше, чем текущее. Флаг нештатной ситуации снят
16:26:15: 	Пользователь-1: 	Действие программы	Ожидаемое время события меньше, чем текущее. Флаг нештатной ситуации снят
16:26:15: 	Пользователь-1: 	Действие программы	Ожидаемое время события меньше, чем текущее. Флаг нештатной ситуации снят
16:26:15: 	Пользователь-1: 	Действие программы	Ожидаемое время события меньше, чем текущее. Флаг нештатной ситуации снят
16:26:15: 	Пользователь-1: 	Действие программы	Ожидаемое время события меньше, чем текущее. Флаг нештатной ситуации снят
16:26:15: 	Пользователь-1: 	Действие программы	Ожидаемое время события меньше, чем текущее. Флаг нештатной ситуации снят
16:26:15: 	Пользователь-1: 	Действие программы	Ожидаемое время события меньше, чем текущее. Флаг нештатной ситуации снят
16:26:15: 	Пользователь-1: 	Действие программы	Ожидаемое время события меньше, чем текущее. Флаг нештатной ситуации снят
16:26:15: 	Пользователь-1: 	Действие программы	Ожидаемое время события меньше, чем текущее. Флаг нештатной ситуации снят
16:26:15: 	Пользователь-1: 	Действие программы	Ожидаемое время события меньше, чем текущее. Флаг нештатной ситуации снят
16:26:15: 	Пользователь-1: 	Действие программы	Ожидаемое время события меньше, чем текущее. Флаг нештатной ситуации снят
16:26:16: 	Пользователь-1: 	Действие программы	Ожидаемое время события меньше, чем текущее. Флаг нештатной ситуации снят
16:26:16: 	Пользователь-1: 	Действие программы	Ожидаемое время события меньше, чем текущее. Флаг нештатной ситуации снят
16:26:16: 	Пользователь-1: 	Действие программы	Ожидаемое время события меньше, чем текущее. Флаг нештатной ситуации снят
16:26:16: 	Пользователь-1: 	Действие программы	Ожидаемое время события меньше, чем текущее. Флаг нештатной ситуации снят
16:26:16: 	Пользователь-1: 	Действие программы	Ожидаемое время события меньше, чем текущее. Флаг нештатной ситуации снят
16:26:16: 	Пользователь-1: 	Действие программы	Ожидаемое время события меньше, чем текущее. Флаг нештатной ситуации снят
16:26:16: 	Пользователь-1: 	Действие программы	Ожидаемое время события меньше, чем текущее. Флаг нештатной ситуации снят
16:26:16: 	Пользователь-1: 	Действие программы	Ожидаемое время события меньше, чем текущее. Флаг нештатной ситуации снят
16:26:16: 	Пользователь-1: 	Действие программы	Ожидаемое время события меньше, чем текущее. Флаг нештатной ситуации снят
16:26:17: 	Пользователь-1: 	Действие программы	Ожидаемое время события меньше, чем текущее. Флаг нештатной ситуации снят
16:26:17: 	Пользователь-1: 	Действие программы	Ожидаемое время события меньше, чем текущее. Флаг нештатной ситуации снят
16:26:17: 	Пользователь-1: 	Действие программы	Ожидаемое время события меньше, чем текущее. Флаг нештатной ситуации снят
16:26:17: 	Пользователь-1: 	Действие программы	Ожидаемое время события меньше, чем текущее. Флаг нештатной ситуации снят
16:26:17: 	Пользователь-1: 	Действие программы	Ожидаемое время события меньше, чем текущее. Флаг нештатной ситуации снят
16:26:17: 	Пользователь-1: 	Действие программы	Ожидаемое время события меньше, чем текущее. Флаг нештатной ситуации снят
16:26:17: 	Пользователь-1: 	Действие программы	Ожидаемое время события меньше, чем текущее. Флаг нештатной ситуации снят
16:26:17: 	Пользователь-1: 	Действие программы	Ожидаемое время события меньше, чем текущее. Флаг нештатной ситуации снят
16:26:17: 	Пользователь-1: 	Действие программы	Ожидаемое время события меньше, чем текущее. Флаг нештатной ситуации снят
16:26:18: 	Пользователь-1: 	Действие программы	Ожидаемое время события меньше, чем текущее. Флаг нештатной ситуации снят
16:26:18: 	Пользователь-1: 	Действие программы	Ожидаемое время события меньше, чем текущее. Флаг нештатной ситуации снят
16:26:18: 	Пользователь-1: 	Действие программы	Ожидаемое время события меньше, чем текущее. Флаг нештатной ситуации снят
16:26:18: 	Пользователь-1: 	Действие программы	Ожидаемое время события меньше, чем текущее. Флаг нештатной ситуации снят
16:26:18: 	Пользователь-1: 	Действие программы	Ожидаемое время события меньше, чем текущее. Флаг нештатной ситуации снят
16:26:18: 	Пользователь-1: 	Действие программы	Ожидаемое время события меньше, чем текущее. Флаг нештатной ситуации снят
16:26:18: 	Пользователь-1: 	Действие программы	Ожидаемое время события меньше, чем текущее. Флаг нештатной ситуации снят
16:26:18: 	Пользователь-1: 	Действие программы	Ожидаемое время события меньше, чем текущее. Флаг нештатной ситуации снят
16:26:18: 	Пользователь-1: 	Действие программы	Ожидаемое время события меньше, чем текущее. Флаг нештатной ситуации снят
16:26:19: 	Пользователь-1: 	Действие программы	Ожидаемое время события меньше, чем текущее. Флаг нештатной ситуации снят
16:26:19: 	Пользователь-1: 	Действие программы	Ожидаемое время события меньше, чем текущее. Флаг нештатной ситуации снят
16:26:19: 	Пользователь-1: 	Действие программы	Ожидаемое время события меньше, чем текущее. Флаг нештатной ситуации снят
16:26:19: 	Пользователь-1: 	Действие программы	Ожидаемое время события меньше, чем текущее. Флаг нештатной ситуации снят
16:26:19: 	Пользователь-1: 	Действие программы	Ожидаемое время события меньше, чем текущее. Флаг нештатной ситуации снят
16:26:19: 	Пользователь-1: 	Действие программы	Ожидаемое время события меньше, чем текущее. Флаг нештатной ситуации снят
16:26:19: 	Пользователь-1: 	Действие программы	Ожидаемое время события меньше, чем текущее. Флаг нештатной ситуации снят
16:26:19: 	Пользователь-1: 	Действие программы	Ожидаемое время события меньше, чем текущее. Флаг нештатной ситуации снят
16:26:19: 	Пользователь-1: 	Действие программы	Ожидаемое время события меньше, чем текущее. Флаг нештатной ситуации снят
16:26:20: 	Пользователь-1: 	Действие программы	Ожидаемое время события меньше, чем текущее. Флаг нештатной ситуации снят
16:26:20: 	Пользователь-1: 	Действие программы	Ожидаемое время события меньше, чем текущее. Флаг нештатной ситуации снят
16:26:20: 	Пользователь-1: 	Действие программы	Ожидаемое время события меньше, чем текущее. Флаг нештатной ситуации снят
16:26:20: 	Пользователь-1: 	Действие программы	Ожидаемое время события меньше, чем текущее. Флаг нештатной ситуации снят
16:26:20: 	Пользователь-1: 	Действие программы	Ожидаемое время события меньше, чем текущее. Флаг нештатной ситуации снят
16:26:20: 	Пользователь-1: 	Действие программы	Ожидаемое время события меньше, чем текущее. Флаг нештатной ситуации снят
16:26:20: 	Пользователь-1: 	Действие программы	Ожидаемое время события меньше, чем текущее. Флаг нештатной ситуации снят
16:26:20: 	Пользователь-1: 	Действие программы	Ожидаемое время события меньше, чем текущее. Флаг нештатной ситуации снят
16:26:20: 	Пользователь-1: 	Действие программы	Ожидаемое время события меньше, чем текущее. Флаг нештатной ситуации снят
16:26:21: 	Пользователь-1: 	Действие программы	Ожидаемое время события меньше, чем текущее. Флаг нештатной ситуации снят
16:26:21: 	Пользователь-1: 	Действие программы	Ожидаемое время события меньше, чем текущее. Флаг нештатной ситуации снят
16:26:21: 	Пользователь-1: 	Действие программы	Ожидаемое время события меньше, чем текущее. Флаг нештатной ситуации снят
16:26:21: 	Пользователь-1: 	Действие программы	Ожидаемое время события меньше, чем текущее. Флаг нештатной ситуации снят
16:26:21: 	Пользователь-1: 	Действие программы	Ожидаемое время события меньше, чем текущее. Флаг нештатной ситуации снят
16:26:21: 	Пользователь-1: 	Действие программы	Ожидаемое время события меньше, чем текущее. Флаг нештатной ситуации снят
16:26:21: 	Пользователь-1: 	Действие программы	Ожидаемое время события меньше, чем текущее. Флаг нештатной ситуации снят
16:26:21: 	Пользователь-1: 	Действие программы	Ожидаемое время события меньше, чем текущее. Флаг нештатной ситуации снят
16:26:21: 	Пользователь-1: 	Действие программы	Ожидаемое время события меньше, чем текущее. Флаг нештатной ситуации снят
16:26:22: 	Пользователь-1: 	Действие программы	Ожидаемое время события меньше, чем текущее. Флаг нештатной ситуации снят
16:26:22: 	Пользователь-1: 	Действие программы	Ожидаемое время события меньше, чем текущее. Флаг нештатной ситуации снят
16:26:22: 	Пользователь-1: 	Действие программы	Ожидаемое время события меньше, чем текущее. Флаг нештатной ситуации снят
16:26:22: 	Пользователь-1: 	Действие программы	Ожидаемое время события меньше, чем текущее. Флаг нештатной ситуации снят
16:26:22: 	Пользователь-1: 	Действие программы	Ожидаемое время события меньше, чем текущее. Флаг нештатной ситуации снят
16:26:22: 	Пользователь-1: 	Действие программы	Ожидаемое время события меньше, чем текущее. Флаг нештатной ситуации снят
16:26:22: 	Пользователь-1: 	Действие программы	Ожидаемое время события меньше, чем текущее. Флаг нештатной ситуации снят
16:26:22: 	Пользователь-1: 	Действие программы	Ожидаемое время события меньше, чем текущее. Флаг нештатной ситуации снят
16:26:22: 	Пользователь-1: 	Действие программы	Ожидаемое время события меньше, чем текущее. Флаг нештатной ситуации снят
16:26:22: 	Пользователь-1: 	Действие программы	Ожидаемое время события меньше, чем текущее. Флаг нештатной ситуации снят
16:26:23: 	Пользователь-1: 	Действие программы	Ожидаемое время события меньше, чем текущее. Флаг нештатной ситуации снят
16:26:23: 	Пользователь-1: 	Действие программы	Ожидаемое время события меньше, чем текущее. Флаг нештатной ситуации снят
16:26:23: 	Пользователь-1: 	Действие программы	Ожидаемое время события меньше, чем текущее. Флаг нештатной ситуации снят
16:26:23: 	Пользователь-1: 	Действие программы	Ожидаемое время события меньше, чем текущее. Флаг нештатной ситуации снят
16:26:23: 	Пользователь-1: 	Действие программы	Ожидаемое время события меньше, чем текущее. Флаг нештатной ситуации снят
16:26:23: 	Пользователь-1: 	Действие программы	Ожидаемое время события меньше, чем текущее. Флаг нештатной ситуации снят
16:26:23: 	Пользователь-1: 	Действие программы	Ожидаемое время события меньше, чем текущее. Флаг нештатной ситуации снят
16:26:23: 	Пользователь-1: 	Действие программы	Ожидаемое время события меньше, чем текущее. Флаг нештатной ситуации снят
16:26:23: 	Пользователь-1: 	Действие программы	Ожидаемое время события меньше, чем текущее. Флаг нештатной ситуации снят
16:26:24: 	Пользователь-1: 	Действие программы	Ожидаемое время события меньше, чем текущее. Флаг нештатной ситуации снят
16:26:24: 	Пользователь-1: 	Действие программы	Ожидаемое время события меньше, чем текущее. Флаг нештатной ситуации снят
16:26:24: 	Пользователь-1: 	Действие программы	Ожидаемое время события меньше, чем текущее. Флаг нештатной ситуации снят
16:26:24: 	Пользователь-1: 	Действие программы	Ожидаемое время события меньше, чем текущее. Флаг нештатной ситуации снят
16:26:24: 	Пользователь-1: 	Действие программы	Ожидаемое время события меньше, чем текущее. Флаг нештатной ситуации снят
16:26:24: 	Пользователь-1: 	Действие программы	Ожидаемое время события меньше, чем текущее. Флаг нештатной ситуации снят
16:26:24: 	Пользователь-1: 	Действие программы	Ожидаемое время события меньше, чем текущее. Флаг нештатной ситуации снят
16:26:24: 	Пользователь-1: 	Действие программы	Ожидаемое время события меньше, чем текущее. Флаг нештатной ситуации снят
16:26:24: 	Пользователь-1: 	Действие программы	Ожидаемое время события меньше, чем текущее. Флаг нештатной ситуации снят
16:26:25: 	Пользователь-1: 	Действие программы	Ожидаемое время события меньше, чем текущее. Флаг нештатной ситуации снят
16:26:25: 	Пользователь-1: 	Действие программы	Ожидаемое время события меньше, чем текущее. Флаг нештатной ситуации снят
16:26:25: 	Пользователь-1: 	Действие программы	Ожидаемое время события меньше, чем текущее. Флаг нештатной ситуации снят
16:26:25: 	Пользователь-1: 	Действие программы	Ожидаемое время события меньше, чем текущее. Флаг нештатной ситуации снят
16:26:25: 	Пользователь-1: 	Действие программы	Ожидаемое время события меньше, чем текущее. Флаг нештатной ситуации снят
16:26:25: 	Пользователь-1: 	Действие программы	Ожидаемое время события меньше, чем текущее. Флаг нештатной ситуации снят
16:26:25: 	Пользователь-1: 	Действие программы	Ожидаемое время события меньше, чем текущее. Флаг нештатной ситуации снят
16:26:25: 	Пользователь-1: 	Действие программы	Ожидаемое время события меньше, чем текущее. Флаг нештатной ситуации снят
16:26:25: 	Пользователь-1: 	Действие программы	Ожидаемое время события меньше, чем текущее. Флаг нештатной ситуации снят
16:26:26: 	Пользователь-1: 	Действие программы	Ожидаемое время события меньше, чем текущее. Флаг нештатной ситуации снят
16:26:26: 	Пользователь-1: 	Действие программы	Ожидаемое время события меньше, чем текущее. Флаг нештатной ситуации снят
16:26:26: 	Пользователь-1: 	Действие программы	Ожидаемое время события меньше, чем текущее. Флаг нештатной ситуации снят
16:26:26: 	Пользователь-1: 	Действие программы	Ожидаемое время события меньше, чем текущее. Флаг нештатной ситуации снят
16:26:26: 	Пользователь-1: 	Действие программы	Ожидаемое время события меньше, чем текущее. Флаг нештатной ситуации снят
16:26:26: 	Пользователь-1: 	Действие программы	Ожидаемое время события меньше, чем текущее. Флаг нештатной ситуации снят
16:26:26: 	Пользователь-1: 	Действие программы	Ожидаемое время события меньше, чем текущее. Флаг нештатной ситуации снят
16:26:26: 	Пользователь-1: 	Действие программы	Ожидаемое время события меньше, чем текущее. Флаг нештатной ситуации снят
16:26:26: 	Пользователь-1: 	Действие программы	Ожидаемое время события меньше, чем текущее. Флаг нештатной ситуации снят
16:26:27: 	Пользователь-1: 	Действие программы	Ожидаемое время события меньше, чем текущее. Флаг нештатной ситуации снят
16:26:27: 	Пользователь-1: 	Действие программы	Ожидаемое время события меньше, чем текущее. Флаг нештатной ситуации снят
16:26:27: 	Пользователь-1: 	Действие программы	Ожидаемое время события меньше, чем текущее. Флаг нештатной ситуации снят
16:26:27: 	Пользователь-1: 	Действие программы	Ожидаемое время события меньше, чем текущее. Флаг нештатной ситуации снят
16:26:27: 	Пользователь-1: 	Действие программы	Ожидаемое время события меньше, чем текущее. Флаг нештатной ситуации снят
16:26:27: 	Пользователь-1: 	Действие программы	Ожидаемое время события меньше, чем текущее. Флаг нештатной ситуации снят
16:26:27: 	Пользователь-1: 	Действие программы	Ожидаемое время события меньше, чем текущее. Флаг нештатной ситуации снят
16:26:27: 	Пользователь-1: 	Действие программы	Ожидаемое время события меньше, чем текущее. Флаг нештатной ситуации снят
16:26:27: 	Пользователь-1: 	Действие программы	Ожидаемое время события меньше, чем текущее. Флаг нештатной ситуации снят
16:26:28: 	Пользователь-1: 	Действие программы	Ожидаемое время события меньше, чем текущее. Флаг нештатной ситуации снят
16:26:28: 	Пользователь-1: 	Действие программы	Ожидаемое время события меньше, чем текущее. Флаг нештатной ситуации снят
16:26:28: 	Пользователь-1: 	Действие программы	Ожидаемое время события меньше, чем текущее. Флаг нештатной ситуации снят
16:26:28: 	Пользователь-1: 	Действие программы	Ожидаемое время события меньше, чем текущее. Флаг нештатной ситуации снят
16:26:28: 	Пользователь-1: 	Действие программы	Ожидаемое время события меньше, чем текущее. Флаг нештатной ситуации снят
16:26:28: 	Пользователь-1: 	Действие программы	Ожидаемое время события меньше, чем текущее. Флаг нештатной ситуации снят
16:26:28: 	Пользователь-1: 	Действие программы	Ожидаемое время события меньше, чем текущее. Флаг нештатной ситуации снят
16:26:28: 	Пользователь-1: 	Действие программы	Ожидаемое время события меньше, чем текущее. Флаг нештатной ситуации снят
16:26:28: 	Пользователь-1: 	Действие программы	Ожидаемое время события меньше, чем текущее. Флаг нештатной ситуации снят
16:26:29: 	Пользователь-1: 	Действие программы	Ожидаемое время события меньше, чем текущее. Флаг нештатной ситуации снят
16:26:29: 	Пользователь-1: 	Действие программы	Ожидаемое время события меньше, чем текущее. Флаг нештатной ситуации снят
16:26:29: 	Пользователь-1: 	Действие программы	Ожидаемое время события меньше, чем текущее. Флаг нештатной ситуации снят
16:26:29: 	Пользователь-1: 	Действие программы	Ожидаемое время события меньше, чем текущее. Флаг нештатной ситуации снят
16:26:29: 	Пользователь-1: 	Действие программы	Ожидаемое время события меньше, чем текущее. Флаг нештатной ситуации снят
16:26:29: 	Пользователь-1: 	Действие программы	Ожидаемое время события меньше, чем текущее. Флаг нештатной ситуации снят
16:26:29: 	Пользователь-1: 	Действие программы	Ожидаемое время события меньше, чем текущее. Флаг нештатной ситуации снят
16:26:29: 	Пользователь-1: 	Действие программы	Ожидаемое время события меньше, чем текущее. Флаг нештатной ситуации снят
16:26:29: 	Пользователь-1: 	Действие программы	Ожидаемое время события меньше, чем текущее. Флаг нештатной ситуации снят
16:26:29: 	Пользователь-1: 	Действие программы	Ожидаемое время события меньше, чем текущее. Флаг нештатной ситуации снят
16:26:30: 	Пользователь-1: 	Действие программы	Ожидаемое время события меньше, чем текущее. Флаг нештатной ситуации снят
16:26:30: 	Пользователь-1: 	Действие программы	Ожидаемое время события меньше, чем текущее. Флаг нештатной ситуации снят
16:26:30: 	Пользователь-1: 	Действие программы	Ожидаемое время события меньше, чем текущее. Флаг нештатной ситуации снят
16:26:30: 	Пользователь-1: 	Действие программы	Ожидаемое время события меньше, чем текущее. Флаг нештатной ситуации снят
16:26:30: 	Пользователь-1: 	Действие программы	Ожидаемое время события меньше, чем текущее. Флаг нештатной ситуации снят
16:26:30: 	Пользователь-1: 	Действие программы	Ожидаемое время события меньше, чем текущее. Флаг нештатной ситуации снят
16:26:30: 	Пользователь-1: 	Действие программы	Ожидаемое время события меньше, чем текущее. Флаг нештатной ситуации снят
16:26:30: 	Пользователь-1: 	Действие программы	Ожидаемое время события меньше, чем текущее. Флаг нештатной ситуации снят
16:26:30: 	Пользователь-1: 	Действие программы	Ожидаемое время события меньше, чем текущее. Флаг нештатной ситуации снят
16:26:31: 	Пользователь-1: 	Действие программы	Ожидаемое время события меньше, чем текущее. Флаг нештатной ситуации снят
16:26:31: 	Пользователь-1: 	Действие программы	Ожидаемое время события меньше, чем текущее. Флаг нештатной ситуации снят
16:26:31: 	Пользователь-1: 	Действие программы	Ожидаемое время события меньше, чем текущее. Флаг нештатной ситуации снят
16:26:31: 	Пользователь-1: 	Действие программы	Ожидаемое время события меньше, чем текущее. Флаг нештатной ситуации снят
16:26:31: 	Пользователь-1: 	Действие программы	Ожидаемое время события меньше, чем текущее. Флаг нештатной ситуации снят
16:26:31: 	Пользователь-1: 	Действие программы	Ожидаемое время события меньше, чем текущее. Флаг нештатной ситуации снят
16:26:31: 	Пользователь-1: 	Действие программы	Ожидаемое время события меньше, чем текущее. Флаг нештатной ситуации снят
16:26:31: 	Пользователь-1: 	Действие программы	Ожидаемое время события меньше, чем текущее. Флаг нештатной ситуации снят
16:26:31: 	Пользователь-1: 	Действие программы	Ожидаемое время события меньше, чем текущее. Флаг нештатной ситуации снят
16:26:32: 	Пользователь-1: 	Действие программы	Ожидаемое время события меньше, чем текущее. Флаг нештатной ситуации снят
16:26:32: 	Пользователь-1: 	Действие программы	Ожидаемое время события меньше, чем текущее. Флаг нештатной ситуации снят
16:26:32: 	Пользователь-1: 	Действие программы	Ожидаемое время события меньше, чем текущее. Флаг нештатной ситуации снят
16:26:32: 	Пользователь-1: 	Действие программы	Ожидаемое время события меньше, чем текущее. Флаг нештатной ситуации снят
16:26:32: 	Пользователь-1: 	Действие программы	Ожидаемое время события меньше, чем текущее. Флаг нештатной ситуации снят
16:26:32: 	Пользователь-1: 	Действие программы	Ожидаемое время события меньше, чем текущее. Флаг нештатной ситуации снят
16:26:32: 	Пользователь-1: 	Действие программы	Ожидаемое время события меньше, чем текущее. Флаг нештатной ситуации снят
16:26:32: 	Пользователь-1: 	Действие программы	Ожидаемое время события меньше, чем текущее. Флаг нештатной ситуации снят
16:26:32: 	Пользователь-1: 	Действие программы	Ожидаемое время события меньше, чем текущее. Флаг нештатной ситуации снят
16:26:33: 	Пользователь-1: 	Действие программы	Ожидаемое время события меньше, чем текущее. Флаг нештатной ситуации снят
16:26:33: 	Пользователь-1: 	Действие программы	Ожидаемое время события меньше, чем текущее. Флаг нештатной ситуации снят
16:26:33: 	Пользователь-1: 	Действие программы	Ожидаемое время события меньше, чем текущее. Флаг нештатной ситуации снят
16:26:33: 	Пользователь-1: 	Действие программы	Ожидаемое время события меньше, чем текущее. Флаг нештатной ситуации снят
16:26:33: 	Пользователь-1: 	Действие программы	Ожидаемое время события меньше, чем текущее. Флаг нештатной ситуации снят
16:26:33: 	Пользователь-1: 	Действие программы	Ожидаемое время события меньше, чем текущее. Флаг нештатной ситуации снят
16:26:33: 	Пользователь-1: 	Действие программы	Ожидаемое время события меньше, чем текущее. Флаг нештатной ситуации снят
16:26:33: 	Пользователь-1: 	Действие программы	Ожидаемое время события меньше, чем текущее. Флаг нештатной ситуации снят
16:26:33: 	Пользователь-1: 	Действие программы	Ожидаемое время события меньше, чем текущее. Флаг нештатной ситуации снят
16:26:34: 	Пользователь-1: 	Действие программы	Ожидаемое время события меньше, чем текущее. Флаг нештатной ситуации снят
16:26:34: 	Пользователь-1: 	Действие программы	Ожидаемое время события меньше, чем текущее. Флаг нештатной ситуации снят
16:26:34: 	Пользователь-1: 	Действие программы	Ожидаемое время события меньше, чем текущее. Флаг нештатной ситуации снят
16:26:34: 	Пользователь-1: 	Действие программы	Ожидаемое время события меньше, чем текущее. Флаг нештатной ситуации снят
16:26:34: 	Пользователь-1: 	Действие программы	Ожидаемое время события меньше, чем текущее. Флаг нештатной ситуации снят
16:26:34: 	Пользователь-1: 	Действие программы	Ожидаемое время события меньше, чем текущее. Флаг нештатной ситуации снят
16:26:34: 	Пользователь-1: 	Действие программы	Ожидаемое время события меньше, чем текущее. Флаг нештатной ситуации снят
16:26:34: 	Пользователь-1: 	Действие программы	Ожидаемое время события меньше, чем текущее. Флаг нештатной ситуации снят
16:26:34: 	Пользователь-1: 	Действие программы	Ожидаемое время события меньше, чем текущее. Флаг нештатной ситуации снят
16:26:35: 	Пользователь-1: 	Действие программы	Ожидаемое время события меньше, чем текущее. Флаг нештатной ситуации снят
16:26:35: 	Пользователь-1: 	Действие программы	Ожидаемое время события меньше, чем текущее. Флаг нештатной ситуации снят
16:26:35: 	Пользователь-1: 	Действие программы	Ожидаемое время события меньше, чем текущее. Флаг нештатной ситуации снят
16:26:35: 	Пользователь-1: 	Действие программы	Ожидаемое время события меньше, чем текущее. Флаг нештатной ситуации снят
16:26:35: 	Пользователь-1: 	Действие программы	Ожидаемое время события меньше, чем текущее. Флаг нештатной ситуации снят
16:26:35: 	Пользователь-1: 	Действие программы	Ожидаемое время события меньше, чем текущее. Флаг нештатной ситуации снят
16:26:35: 	Пользователь-1: 	Действие программы	Ожидаемое время события меньше, чем текущее. Флаг нештатной ситуации снят
16:26:35: 	Пользователь-1: 	Действие программы	Ожидаемое время события меньше, чем текущее. Флаг нештатной ситуации снят
16:26:35: 	Пользователь-1: 	Действие программы	Ожидаемое время события меньше, чем текущее. Флаг нештатной ситуации снят
16:26:36: 	Пользователь-1: 	Действие программы	Ожидаемое время события меньше, чем текущее. Флаг нештатной ситуации снят
16:26:36: 	Пользователь-1: 	Действие программы	Ожидаемое время события меньше, чем текущее. Флаг нештатной ситуации снят
16:26:36: 	Пользователь-1: 	Действие программы	Ожидаемое время события меньше, чем текущее. Флаг нештатной ситуации снят
16:26:36: 	Пользователь-1: 	Действие программы	Ожидаемое время события меньше, чем текущее. Флаг нештатной ситуации снят
16:26:36: 	Пользователь-1: 	Действие программы	Ожидаемое время события меньше, чем текущее. Флаг нештатной ситуации снят
16:26:36: 	Пользователь-1: 	Действие программы	Ожидаемое время события меньше, чем текущее. Флаг нештатной ситуации снят
16:26:36: 	Пользователь-1: 	Действие программы	Ожидаемое время события меньше, чем текущее. Флаг нештатной ситуации снят
16:26:36: 	Пользователь-1: 	Действие программы	Ожидаемое время события меньше, чем текущее. Флаг нештатной ситуации снят
16:26:36: 	Пользователь-1: 	Действие программы	Ожидаемое время события меньше, чем текущее. Флаг нештатной ситуации снят
16:26:36: 	Пользователь-1: 	Действие программы	Ожидаемое время события меньше, чем текущее. Флаг нештатной ситуации снят
16:26:37: 	Пользователь-1: 	Действие программы	Ожидаемое время события меньше, чем текущее. Флаг нештатной ситуации снят
16:26:37: 	Пользователь-1: 	Действие программы	Ожидаемое время события меньше, чем текущее. Флаг нештатной ситуации снят
16:26:37: 	Пользователь-1: 	Действие программы	Ожидаемое время события меньше, чем текущее. Флаг нештатной ситуации снят
16:26:37: 	Пользователь-1: 	Действие программы	Ожидаемое время события меньше, чем текущее. Флаг нештатной ситуации снят
16:26:37: 	Пользователь-1: 	Действие программы	Ожидаемое время события меньше, чем текущее. Флаг нештатной ситуации снят
16:26:37: 	Пользователь-1: 	Действие программы	Ожидаемое время события меньше, чем текущее. Флаг нештатной ситуации снят
16:26:37: 	Пользователь-1: 	Действие программы	Ожидаемое время события меньше, чем текущее. Флаг нештатной ситуации снят
16:26:37: 	Пользователь-1: 	Действие программы	Ожидаемое время события меньше, чем текущее. Флаг нештатной ситуации снят
16:26:37: 	Пользователь-1: 	Действие программы	Ожидаемое время события меньше, чем текущее. Флаг нештатной ситуации снят
16:26:38: 	Пользователь-1: 	Действие программы	Ожидаемое время события меньше, чем текущее. Флаг нештатной ситуации снят
16:26:38: 	Пользователь-1: 	Действие программы	Ожидаемое время события меньше, чем текущее. Флаг нештатной ситуации снят
16:26:38: 	Пользователь-1: 	Действие программы	Ожидаемое время события меньше, чем текущее. Флаг нештатной ситуации снят
16:26:38: 	Пользователь-1: 	Действие программы	Ожидаемое время события меньше, чем текущее. Флаг нештатной ситуации снят
16:26:38: 	Пользователь-1: 	Действие программы	Ожидаемое время события меньше, чем текущее. Флаг нештатной ситуации снят
16:26:38: 	Пользователь-1: 	Действие программы	Ожидаемое время события меньше, чем текущее. Флаг нештатной ситуации снят
16:26:38: 	Пользователь-1: 	Действие программы	Ожидаемое время события меньше, чем текущее. Флаг нештатной ситуации снят
16:26:38: 	Пользователь-1: 	Действие программы	Ожидаемое время события меньше, чем текущее. Флаг нештатной ситуации снят
16:26:38: 	Пользователь-1: 	Действие программы	Ожидаемое время события меньше, чем текущее. Флаг нештатной ситуации снят
16:26:39: 	Пользователь-1: 	Действие программы	Ожидаемое время события меньше, чем текущее. Флаг нештатной ситуации снят
16:26:39: 	Пользователь-1: 	Действие программы	Ожидаемое время события меньше, чем текущее. Флаг нештатной ситуации снят
16:26:39: 	Пользователь-1: 	Действие программы	Ожидаемое время события меньше, чем текущее. Флаг нештатной ситуации снят
16:26:39: 	Пользователь-1: 	Действие программы	Ожидаемое время события меньше, чем текущее. Флаг нештатной ситуации снят
16:26:39: 	Пользователь-1: 	Действие программы	Ожидаемое время события меньше, чем текущее. Флаг нештатной ситуации снят
16:26:39: 	Пользователь-1: 	Действие программы	Ожидаемое время события меньше, чем текущее. Флаг нештатной ситуации снят
16:26:39: 	Пользователь-1: 	Действие программы	Ожидаемое время события меньше, чем текущее. Флаг нештатной ситуации снят
16:26:39: 	Пользователь-1: 	Действие программы	Ожидаемое время события меньше, чем текущее. Флаг нештатной ситуации снят
16:26:39: 	Пользователь-1: 	Действие программы	Ожидаемое время события меньше, чем текущее. Флаг нештатной ситуации снят
16:26:40: 	Пользователь-1: 	Действие программы	Ожидаемое время события меньше, чем текущее. Флаг нештатной ситуации снят
16:26:40: 	Пользователь-1: 	Действие программы	Ожидаемое время события меньше, чем текущее. Флаг нештатной ситуации снят
16:26:40: 	Пользователь-1: 	Действие программы	Ожидаемое время события меньше, чем текущее. Флаг нештатной ситуации снят
16:26:40: 	Пользователь-1: 	Действие программы	Ожидаемое время события меньше, чем текущее. Флаг нештатной ситуации снят
16:26:40: 	Пользователь-1: 	Действие программы	Ожидаемое время события меньше, чем текущее. Флаг нештатной ситуации снят
16:26:40: 	Пользователь-1: 	Действие программы	Ожидаемое время события меньше, чем текущее. Флаг нештатной ситуации снят
16:26:40: 	Пользователь-1: 	Действие программы	Ожидаемое время события меньше, чем текущее. Флаг нештатной ситуации снят
16:26:40: 	Пользователь-1: 	Действие программы	Ожидаемое время события меньше, чем текущее. Флаг нештатной ситуации снят
16:26:40: 	Пользователь-1: 	Действие программы	Ожидаемое время события меньше, чем текущее. Флаг нештатной ситуации снят
16:26:41: 	Пользователь-1: 	Действие программы	Ожидаемое время события меньше, чем текущее. Флаг нештатной ситуации снят
16:26:41: 	Пользователь-1: 	Действие программы	Ожидаемое время события меньше, чем текущее. Флаг нештатной ситуации снят
16:26:41: 	Пользователь-1: 	Действие программы	Ожидаемое время события меньше, чем текущее. Флаг нештатной ситуации снят
16:26:41: 	Пользователь-1: 	Действие программы	Ожидаемое время события меньше, чем текущее. Флаг нештатной ситуации снят
16:26:41: 	Пользователь-1: 	Действие программы	Ожидаемое время события меньше, чем текущее. Флаг нештатной ситуации снят
16:26:41: 	Пользователь-1: 	Действие программы	Ожидаемое время события меньше, чем текущее. Флаг нештатной ситуации снят
16:26:41: 	Пользователь-1: 	Действие программы	Ожидаемое время события меньше, чем текущее. Флаг нештатной ситуации снят
16:26:41: 	Пользователь-1: 	Действие программы	Ожидаемое время события меньше, чем текущее. Флаг нештатной ситуации снят
16:26:41: 	Пользователь-1: 	Действие программы	Ожидаемое время события меньше, чем текущее. Флаг нештатной ситуации снят
16:26:42: 	Пользователь-1: 	Действие программы	Ожидаемое время события меньше, чем текущее. Флаг нештатной ситуации снят
16:26:42: 	Пользователь-1: 	Действие программы	Ожидаемое время события меньше, чем текущее. Флаг нештатной ситуации снят
16:26:42: 	Пользователь-1: 	Действие программы	Ожидаемое время события меньше, чем текущее. Флаг нештатной ситуации снят
16:26:42: 	Пользователь-1: 	Действие программы	Ожидаемое время события меньше, чем текущее. Флаг нештатной ситуации снят
16:26:42: 	Пользователь-1: 	Действие программы	Ожидаемое время события меньше, чем текущее. Флаг нештатной ситуации снят
16:26:42: 	Пользователь-1: 	Действие программы	Ожидаемое время события меньше, чем текущее. Флаг нештатной ситуации снят
16:26:42: 	Пользователь-1: 	Действие программы	Ожидаемое время события меньше, чем текущее. Флаг нештатной ситуации снят
16:26:42: 	Пользователь-1: 	Действие программы	Ожидаемое время события меньше, чем текущее. Флаг нештатной ситуации снят
16:26:42: 	Пользователь-1: 	Действие программы	Ожидаемое время события меньше, чем текущее. Флаг нештатной ситуации снят
16:26:46: 	Пользователь-1: 	Системное сообщение	Программный комплекс выключен
12:28:02: 	Неизвестный пользователь: 	Системное сообщение	Ожидается авторизация пользователя
12:28:02: 	Пользователь-1: 	Системное сообщение	Авторизация успешна
12:28:03: 	Пользователь-1: 	Системное сообщение	Программный комплекс включен
12:29:32: 	Пользователь-1: 	Действие диспетчера	Выставлена нештатная ситуация
12:29:42: 	Пользователь-1: 	Действие диспетчера	Выставлена нештатная ситуация
12:34:03: 	Пользователь-1: 	Действие диспетчера	Выставлена нештатная ситуация
12:34:13: 	Пользователь-1: 	Действие диспетчера	Выставлена нештатная ситуация
13:13:41: 	Пользователь-1: 	Системное сообщение	Программный комплекс выключен
13:39:38: 	Неизвестный пользователь: 	Системное сообщение	Ожидается авторизация пользователя
13:39:38: 	Пользователь-1: 	Системное сообщение	Авторизация успешна
13:39:39: 	Пользователь-1: 	Системное сообщение	Программный комплекс включен
13:39:39: 	Пользователь-1: 	Действие программы	Ожидаемое время события меньше, чем текущее. Флаг нештатной ситуации снят
13:40:19: 	Пользователь-1: 	Системное сообщение	Программный комплекс выключен
15:41:13: 	Неизвестный пользователь: 	Системное сообщение	Ожидается авторизация пользователя
15:41:13: 	Пользователь-1: 	Системное сообщение	Авторизация успешна
15:41:14: 	Пользователь-1: 	Системное сообщение	Программный комплекс включен
15:41:20: 	Пользователь-1: 	Действие программы	Ожидаемое время события меньше, чем текущее. Флаг нештатной ситуации снят
15:41:20: 	Пользователь-1: 	Действие программы	Ожидаемое время события меньше, чем текущее. Флаг нештатной ситуации снят
17:02:23: 	Пользователь-1: 	Действие программы	Ожидаемое время события меньше, чем текущее. Флаг нештатной ситуации снят
17:12:30: 	Неизвестный пользователь: 	Системное сообщение	Ожидается авторизация пользователя
17:12:30: 	Пользователь-1: 	Системное сообщение	Авторизация успешна
17:12:30: 	Пользователь-1: 	Системное сообщение	Программный комплекс включен
17:12:31: 	Пользователь-1: 	Действие программы	Ожидаемое время события меньше, чем текущее. Флаг нештатной ситуации снят
17:12:31: 	Пользователь-1: 	Действие программы	Ожидаемое время события меньше, чем текущее. Флаг нештатной ситуации снят
17:12:31: 	Пользователь-1: 	Действие программы	Ожидаемое время события меньше, чем текущее. Флаг нештатной ситуации снят
17:14:29: 	Неизвестный пользователь: 	Системное сообщение	Ожидается авторизация пользователя
17:14:29: 	Пользователь-1: 	Системное сообщение	Авторизация успешна
17:14:30: 	Пользователь-1: 	Системное сообщение	Программный комплекс включен
17:14:30: 	Пользователь-1: 	Действие программы	Ожидаемое время события меньше, чем текущее. Флаг нештатной ситуации снят
17:14:30: 	Пользователь-1: 	Действие программы	Ожидаемое время события меньше, чем текущее. Флаг нештатной ситуации снят
17:14:30: 	Пользователь-1: 	Действие программы	Ожидаемое время события меньше, чем текущее. Флаг нештатной ситуации снят
17:21:12: 	Неизвестный пользователь: 	Системное сообщение	Ожидается авторизация пользователя
17:21:12: 	Пользователь-1: 	Системное сообщение	Авторизация успешна
17:21:12: 	Пользователь-1: 	Системное сообщение	Программный комплекс включен
17:21:13: 	Пользователь-1: 	Действие программы	Ожидаемое время события меньше, чем текущее. Флаг нештатной ситуации снят
17:21:13: 	Пользователь-1: 	Действие программы	Ожидаемое время события меньше, чем текущее. Флаг нештатной ситуации снят
17:21:13: 	Пользователь-1: 	Действие программы	Ожидаемое время события меньше, чем текущее. Флаг нештатной ситуации снят
17:22:13: 	Пользователь-1: 	Системное сообщение	Программный комплекс выключен
