06:01:29: 	Неизвестный пользователь: 	Системное сообщение	Ожидается авторизация пользователя
06:01:29: 	Тимошкина С.Я.: 	Системное сообщение	Авторизация успешна
06:01:30: 	Тимошкина С.Я.: 	Системное сообщение	Программный комплекс включен
06:02:49: 	Тимошкина С.Я.: 	Системное сообщение	Программный комплекс выключен
06:12:44: 	Неизвестный пользователь: 	Системное сообщение	Ожидается авторизация пользователя
06:12:44: 	Тимошкина С.Я.: 	Системное сообщение	Авторизация успешна
06:12:45: 	Тимошкина С.Я.: 	Системное сообщение	Программный комплекс включен
06:12:56: 	Тимошкина С.Я.: 	Системное сообщение	Программный комплекс выключен
06:31:04: 	Неизвестный пользователь: 	Системное сообщение	Ожидается авторизация пользователя
06:31:04: 	Тимошкина С.Я.: 	Системное сообщение	Авторизация успешна
06:31:05: 	Тимошкина С.Я.: 	Системное сообщение	Программный комплекс включен
06:32:17: 	Тимошкина С.Я.: 	Системное сообщение	Программный комплекс выключен
06:33:54: 	Неизвестный пользователь: 	Системное сообщение	Ожидается авторизация пользователя
06:33:54: 	Тимошкина С.Я.: 	Системное сообщение	Авторизация успешна
06:33:54: 	Тимошкина С.Я.: 	Системное сообщение	Программный комплекс включен
06:34:07: 	Тимошкина С.Я.: 	Автоматическое воспроизведение статического звукового сообщения	Эскалаторы
06:35:30: 	Тимошкина С.Я.: 	Системное сообщение	Программный комплекс выключен
09:24:40: 	Неизвестный пользователь: 	Системное сообщение	Ожидается авторизация пользователя
09:24:40: 	Тимошкина С.Я.: 	Системное сообщение	Авторизация успешна
09:30:16: 	Неизвестный пользователь: 	Системное сообщение	Ожидается авторизация пользователя
09:30:16: 	Тимошкина С.Я.: 	Системное сообщение	Авторизация успешна
09:42:05: 	Неизвестный пользователь: 	Системное сообщение	Ожидается авторизация пользователя
09:42:05: 	Тимошкина С.Я.: 	Системное сообщение	Авторизация успешна
09:43:04: 	Неизвестный пользователь: 	Системное сообщение	Ожидается авторизация пользователя
09:43:04: 	Тимошкина С.Я.: 	Системное сообщение	Авторизация успешна
09:46:14: 	Неизвестный пользователь: 	Системное сообщение	Ожидается авторизация пользователя
09:46:14: 	Тимошкина С.Я.: 	Системное сообщение	Авторизация успешна
09:46:40: 	Неизвестный пользователь: 	Системное сообщение	Ожидается авторизация пользователя
09:46:40: 	Тимошкина С.Я.: 	Системное сообщение	Авторизация успешна
09:49:05: 	Неизвестный пользователь: 	Системное сообщение	Ожидается авторизация пользователя
09:49:05: 	Тимошкина С.Я.: 	Системное сообщение	Авторизация успешна
09:49:06: 	Тимошкина С.Я.: 	Системное сообщение	Программный комплекс включен
09:51:10: 	Тимошкина С.Я.: 	Автоматическое воспроизведение статического звукового сообщения	Абонементные билеты
09:51:29: 	Тимошкина С.Я.: 	Действие оператора	Работа запрещена
09:54:48: 	Неизвестный пользователь: 	Системное сообщение	Ожидается авторизация пользователя
09:54:48: 	Тимошкина С.Я.: 	Системное сообщение	Авторизация успешна
09:54:49: 	Тимошкина С.Я.: 	Системное сообщение	Программный комплекс включен
09:55:51: 	Тимошкина С.Я.: 	Системное сообщение	Программный комплекс выключен
09:57:08: 	Неизвестный пользователь: 	Системное сообщение	Ожидается авторизация пользователя
09:57:08: 	Тимошкина С.Я.: 	Системное сообщение	Авторизация успешна
09:57:09: 	Тимошкина С.Я.: 	Системное сообщение	Программный комплекс включен
09:57:15: 	Тимошкина С.Я.: 	Системное сообщение	Программный комплекс выключен
09:57:47: 	Неизвестный пользователь: 	Системное сообщение	Ожидается авторизация пользователя
09:57:47: 	Тимошкина С.Я.: 	Системное сообщение	Авторизация успешна
09:57:48: 	Тимошкина С.Я.: 	Системное сообщение	Программный комплекс включен
09:58:37: 	Тимошкина С.Я.: 	Системное сообщение	Программный комплекс выключен
10:04:59: 	Неизвестный пользователь: 	Системное сообщение	Ожидается авторизация пользователя
10:04:59: 	Тимошкина С.Я.: 	Системное сообщение	Авторизация успешна
10:05:00: 	Тимошкина С.Я.: 	Системное сообщение	Программный комплекс включен
10:06:00: 	Тимошкина С.Я.: 	Системное сообщение	Программный комплекс выключен
10:10:27: 	Неизвестный пользователь: 	Системное сообщение	Ожидается авторизация пользователя
10:10:27: 	Тимошкина С.Я.: 	Системное сообщение	Авторизация успешна
10:10:27: 	Тимошкина С.Я.: 	Системное сообщение	Программный комплекс включен
10:11:01: 	Тимошкина С.Я.: 	Системное сообщение	Программный комплекс выключен
10:12:42: 	Неизвестный пользователь: 	Системное сообщение	Ожидается авторизация пользователя
10:12:42: 	Тимошкина С.Я.: 	Системное сообщение	Авторизация успешна
10:12:42: 	Тимошкина С.Я.: 	Системное сообщение	Программный комплекс включен
10:15:10: 	Тимошкина С.Я.: 	Автоматическое воспроизведение статического звукового сообщения	Пограничная станция
10:15:13: 	Тимошкина С.Я.: 	Системное сообщение	Программный комплекс выключен
10:20:33: 	Неизвестный пользователь: 	Системное сообщение	Ожидается авторизация пользователя
10:20:33: 	Тимошкина С.Я.: 	Системное сообщение	Авторизация успешна
10:20:33: 	Тимошкина С.Я.: 	Системное сообщение	Программный комплекс включен
10:22:14: 	Тимошкина С.Я.: 	Системное сообщение	Программный комплекс выключен
10:23:21: 	Неизвестный пользователь: 	Системное сообщение	Ожидается авторизация пользователя
10:23:21: 	Тимошкина С.Я.: 	Системное сообщение	Авторизация успешна
10:23:21: 	Тимошкина С.Я.: 	Системное сообщение	Программный комплекс включен
10:24:10: 	Тимошкина С.Я.: 	Автоматическое воспроизведение статического звукового сообщения	ЧС
10:24:13: 	Тимошкина С.Я.: 	Действие оператора	Работа запрещена
10:24:48: 	Тимошкина С.Я.: 	Системное сообщение	Программный комплекс выключен
10:26:19: 	Неизвестный пользователь: 	Системное сообщение	Ожидается авторизация пользователя
10:26:19: 	Тимошкина С.Я.: 	Системное сообщение	Авторизация успешна
10:26:19: 	Тимошкина С.Я.: 	Системное сообщение	Программный комплекс включен
10:27:10: 	Тимошкина С.Я.: 	Автоматическое воспроизведение статического звукового сообщения	Сбор за безбилетный проезд
10:27:14: 	Тимошкина С.Я.: 	Действие оператора	Работа запрещена
10:28:40: 	Тимошкина С.Я.: 	Системное сообщение	Программный комплекс выключен
10:33:02: 	Неизвестный пользователь: 	Системное сообщение	Ожидается авторизация пользователя
10:33:02: 	Тимошкина С.Я.: 	Системное сообщение	Авторизация успешна
10:33:03: 	Тимошкина С.Я.: 	Системное сообщение	Программный комплекс включен
10:35:09: 	Тимошкина С.Я.: 	Системное сообщение	Программный комплекс выключен
10:53:05: 	Неизвестный пользователь: 	Системное сообщение	Ожидается авторизация пользователя
10:53:05: 	Тимошкина С.Я.: 	Системное сообщение	Авторизация успешна
10:53:06: 	Тимошкина С.Я.: 	Системное сообщение	Программный комплекс включен
10:55:56: 	Тимошкина С.Я.: 	Автоматическое воспроизведение статического звукового сообщения	Возможны изменение в расписании
10:56:01: 	Тимошкина С.Я.: 	Действие оператора	Работа запрещена
10:56:08: 	Тимошкина С.Я.: 	Системное сообщение	Программный комплекс выключен
11:02:37: 	Неизвестный пользователь: 	Системное сообщение	Ожидается авторизация пользователя
11:02:37: 	Тимошкина С.Я.: 	Системное сообщение	Авторизация успешна
11:02:38: 	Тимошкина С.Я.: 	Системное сообщение	Программный комплекс включен
11:11:15: 	Неизвестный пользователь: 	Системное сообщение	Ожидается авторизация пользователя
11:11:15: 	Тимошкина С.Я.: 	Системное сообщение	Авторизация успешна
11:11:16: 	Тимошкина С.Я.: 	Системное сообщение	Программный комплекс включен
11:11:24: 	Тимошкина С.Я.: 	Действие оператора	Работа запрещена
11:14:12: 	Тимошкина С.Я.: 	Системное сообщение	Программный комплекс выключен
11:16:45: 	Неизвестный пользователь: 	Системное сообщение	Ожидается авторизация пользователя
11:16:45: 	Тимошкина С.Я.: 	Системное сообщение	Авторизация успешна
11:16:45: 	Тимошкина С.Я.: 	Системное сообщение	Программный комплекс включен
11:16:46: 	Тимошкина С.Я.: 	Действие оператора	Работа запрещена
11:23:59: 	Неизвестный пользователь: 	Системное сообщение	Ожидается авторизация пользователя
11:23:59: 	Тимошкина С.Я.: 	Системное сообщение	Авторизация успешна
11:23:59: 	Тимошкина С.Я.: 	Системное сообщение	Программный комплекс включен
11:24:04: 	Тимошкина С.Я.: 	Действие оператора	Работа запрещена
11:27:59: 	Неизвестный пользователь: 	Системное сообщение	Ожидается авторизация пользователя
11:27:59: 	Тимошкина С.Я.: 	Системное сообщение	Авторизация успешна
11:28:00: 	Тимошкина С.Я.: 	Системное сообщение	Программный комплекс включен
11:28:08: 	Тимошкина С.Я.: 	Действие оператора	Работа запрещена
11:28:43: 	Тимошкина С.Я.: 	Системное сообщение	Программный комплекс выключен
11:29:45: 	Неизвестный пользователь: 	Системное сообщение	Ожидается авторизация пользователя
11:29:45: 	Тимошкина С.Я.: 	Системное сообщение	Авторизация успешна
11:29:46: 	Тимошкина С.Я.: 	Системное сообщение	Программный комплекс включен
11:29:47: 	Тимошкина С.Я.: 	Действие оператора	Работа запрещена
11:30:53: 	Тимошкина С.Я.: 	Системное сообщение	Программный комплекс выключен
11:31:35: 	Неизвестный пользователь: 	Системное сообщение	Ожидается авторизация пользователя
11:31:35: 	Тимошкина С.Я.: 	Системное сообщение	Авторизация успешна
11:31:35: 	Тимошкина С.Я.: 	Системное сообщение	Программный комплекс включен
11:31:37: 	Тимошкина С.Я.: 	Действие оператора	Работа запрещена
11:33:59: 	Неизвестный пользователь: 	Системное сообщение	Ожидается авторизация пользователя
11:33:59: 	Тимошкина С.Я.: 	Системное сообщение	Авторизация успешна
11:33:59: 	Тимошкина С.Я.: 	Системное сообщение	Программный комплекс включен
11:34:01: 	Тимошкина С.Я.: 	Действие оператора	Работа запрещена
11:35:19: 	Тимошкина С.Я.: 	Системное сообщение	Программный комплекс выключен
11:35:32: 	Неизвестный пользователь: 	Системное сообщение	Ожидается авторизация пользователя
11:35:32: 	Тимошкина С.Я.: 	Системное сообщение	Авторизация успешна
11:35:33: 	Тимошкина С.Я.: 	Системное сообщение	Программный комплекс включен
11:35:39: 	Тимошкина С.Я.: 	Действие оператора	Работа запрещена
11:37:06: 	Тимошкина С.Я.: 	Системное сообщение	Программный комплекс выключен
11:44:23: 	Неизвестный пользователь: 	Системное сообщение	Ожидается авторизация пользователя
11:44:23: 	Тимошкина С.Я.: 	Системное сообщение	Авторизация успешна
11:44:23: 	Тимошкина С.Я.: 	Системное сообщение	Программный комплекс включен
11:44:29: 	Тимошкина С.Я.: 	Системное сообщение	Программный комплекс выключен
11:44:38: 	Неизвестный пользователь: 	Системное сообщение	Ожидается авторизация пользователя
11:44:38: 	Тимошкина С.Я.: 	Системное сообщение	Авторизация успешна
11:44:39: 	Тимошкина С.Я.: 	Системное сообщение	Программный комплекс включен
11:44:40: 	Тимошкина С.Я.: 	Действие оператора	Работа запрещена
11:45:18: 	Тимошкина С.Я.: 	Системное сообщение	Программный комплекс выключен
11:45:32: 	Неизвестный пользователь: 	Системное сообщение	Ожидается авторизация пользователя
11:45:32: 	Тимошкина С.Я.: 	Системное сообщение	Авторизация успешна
11:45:33: 	Тимошкина С.Я.: 	Системное сообщение	Программный комплекс включен
11:45:34: 	Тимошкина С.Я.: 	Действие оператора	Работа запрещена
11:47:41: 	Тимошкина С.Я.: 	Системное сообщение	Программный комплекс выключен
11:49:55: 	Неизвестный пользователь: 	Системное сообщение	Ожидается авторизация пользователя
11:49:55: 	Тимошкина С.Я.: 	Системное сообщение	Авторизация успешна
11:49:55: 	Тимошкина С.Я.: 	Системное сообщение	Программный комплекс включен
11:49:56: 	Тимошкина С.Я.: 	Действие оператора	Работа запрещена
11:51:13: 	Тимошкина С.Я.: 	Системное сообщение	Программный комплекс выключен
11:54:00: 	Неизвестный пользователь: 	Системное сообщение	Ожидается авторизация пользователя
11:54:00: 	Тимошкина С.Я.: 	Системное сообщение	Авторизация успешна
11:54:01: 	Тимошкина С.Я.: 	Системное сообщение	Программный комплекс включен
11:54:52: 	Тимошкина С.Я.: 	Действие оператора	Работа запрещена
11:56:41: 	Тимошкина С.Я.: 	Системное сообщение	Программный комплекс выключен
13:45:12: 	Неизвестный пользователь: 	Системное сообщение	Ожидается авторизация пользователя
13:45:12: 	Тимошкина С.Я.: 	Системное сообщение	Авторизация успешна
13:45:12: 	Тимошкина С.Я.: 	Системное сообщение	Программный комплекс включен
13:45:19: 	Тимошкина С.Я.: 	Действие оператора	Работа запрещена
13:45:35: 	Тимошкина С.Я.: 	Системное сообщение	Программный комплекс выключен
13:46:23: 	Неизвестный пользователь: 	Системное сообщение	Ожидается авторизация пользователя
13:46:23: 	Тимошкина С.Я.: 	Системное сообщение	Авторизация успешна
13:46:23: 	Тимошкина С.Я.: 	Системное сообщение	Программный комплекс включен
13:46:26: 	Тимошкина С.Я.: 	Действие оператора	Работа запрещена
13:49:02: 	Неизвестный пользователь: 	Системное сообщение	Ожидается авторизация пользователя
13:49:02: 	Тимошкина С.Я.: 	Системное сообщение	Авторизация успешна
13:49:18: 	Тимошкина С.Я.: 	Системное сообщение	Программный комплекс включен
13:49:22: 	Тимошкина С.Я.: 	Действие оператора	Работа запрещена
13:52:40: 	Неизвестный пользователь: 	Системное сообщение	Ожидается авторизация пользователя
13:52:40: 	Тимошкина С.Я.: 	Системное сообщение	Авторизация успешна
13:53:27: 	Тимошкина С.Я.: 	Системное сообщение	Программный комплекс включен
13:53:35: 	Тимошкина С.Я.: 	Действие оператора	Работа запрещена
15:33:38: 	Неизвестный пользователь: 	Системное сообщение	Ожидается авторизация пользователя
15:33:38: 	Тимошкина С.Я.: 	Системное сообщение	Авторизация успешна
15:33:41: 	Тимошкина С.Я.: 	Системное сообщение	Программный комплекс включен
15:34:10: 	Тимошкина С.Я.: 	Автоматическое воспроизведение статического звукового сообщения	Пожарная безопастность
15:34:12: 	Тимошкина С.Я.: 	Действие оператора	Работа запрещена
15:35:40: 	Тимошкина С.Я.: 	Системное сообщение	Программный комплекс выключен
