11:06:37: 	Неизвестный пользователь: 	Системное сообщение	Ожидается авторизация пользователя
11:06:37: 	Тимошкина С.Я.: 	Системное сообщение	Авторизация успешна
11:06:37: 	Тимошкина С.Я.: 	Системное сообщение	Программный комплекс включен
11:06:40: 	Тимошкина С.Я.: 	Действие оператора	Работа запрещена
11:07:14: 	Тимошкина С.Я.: 	Системное сообщение	Программный комплекс выключен
11:08:01: 	Неизвестный пользователь: 	Системное сообщение	Ожидается авторизация пользователя
11:08:01: 	Тимошкина С.Я.: 	Системное сообщение	Авторизация успешна
11:08:01: 	Тимошкина С.Я.: 	Системное сообщение	Программный комплекс включен
11:08:02: 	Тимошкина С.Я.: 	Действие оператора	Работа запрещена
11:08:32: 	Тимошкина С.Я.: 	Системное сообщение	Программный комплекс выключен
11:09:21: 	Неизвестный пользователь: 	Системное сообщение	Ожидается авторизация пользователя
11:09:21: 	Тимошкина С.Я.: 	Системное сообщение	Авторизация успешна
11:09:22: 	Тимошкина С.Я.: 	Системное сообщение	Программный комплекс включен
11:09:24: 	Тимошкина С.Я.: 	Действие оператора	Работа запрещена
11:10:51: 	Неизвестный пользователь: 	Системное сообщение	Ожидается авторизация пользователя
11:10:51: 	Тимошкина С.Я.: 	Системное сообщение	Авторизация успешна
11:10:51: 	Тимошкина С.Я.: 	Системное сообщение	Программный комплекс включен
11:10:52: 	Тимошкина С.Я.: 	Действие оператора	Работа запрещена
11:11:05: 	Тимошкина С.Я.: 	Системное сообщение	Программный комплекс выключен
11:12:53: 	Неизвестный пользователь: 	Системное сообщение	Ожидается авторизация пользователя
11:12:53: 	Тимошкина С.Я.: 	Системное сообщение	Авторизация успешна
11:12:53: 	Тимошкина С.Я.: 	Системное сообщение	Программный комплекс включен
11:12:54: 	Тимошкина С.Я.: 	Действие оператора	Работа запрещена
11:16:13: 	Тимошкина С.Я.: 	Системное сообщение	Программный комплекс выключен
11:26:08: 	Неизвестный пользователь: 	Системное сообщение	Ожидается авторизация пользователя
11:26:08: 	Тимошкина С.Я.: 	Системное сообщение	Авторизация успешна
11:26:09: 	Тимошкина С.Я.: 	Системное сообщение	Программный комплекс включен
11:26:10: 	Тимошкина С.Я.: 	Действие оператора	Работа запрещена
13:25:36: 	Тимошкина С.Я.: 	Системное сообщение	Программный комплекс выключен
13:53:57: 	Неизвестный пользователь: 	Системное сообщение	Ожидается авторизация пользователя
13:53:57: 	Тимошкина С.Я.: 	Системное сообщение	Авторизация успешна
13:53:58: 	Тимошкина С.Я.: 	Системное сообщение	Программный комплекс включен
13:53:59: 	Тимошкина С.Я.: 	Действие оператора	Работа запрещена
13:55:30: 	Тимошкина С.Я.: 	Действие оператора	Изменение настроек поезда: 6350 Москва - Крюково: Путь:  -> 2; 
13:55:34: 	Тимошкина С.Я.: 	Действие оператора	Изменение настроек поезда: 7554 Москва - Крюково: Путь:  -> 4; 
13:55:38: 	Тимошкина С.Я.: 	Действие оператора	Изменение настроек поезда: 7556 Москва - Крюково: Путь:  -> 6; 
13:55:41: 	Тимошкина С.Я.: 	Действие оператора	Изменение настроек поезда: 6712 Москва - Тверь: Путь:  -> 8; 
13:55:47: 	Тимошкина С.Я.: 	Действие оператора	Изменение настроек поезда: 6410 Москва - Подсолнечная: Путь:  -> 2; 
13:55:50: 	Тимошкина С.Я.: 	Действие оператора	Изменение настроек поезда: 6350 Москва - Крюково: Путь: 2 -> ; 
13:55:53: 	Тимошкина С.Я.: 	Действие оператора	Изменение настроек поезда: 6350 Москва - Крюково: Путь:  -> 2; 
13:56:15: 	Тимошкина С.Я.: 	Действие оператора	Изменение настроек поезда: 6350 Москва - Крюково: Путь: 2 -> 4; 
13:56:30: 	Тимошкина С.Я.: 	Действие оператора	Изменение настроек поезда: 6350 Москва - Крюково: Путь: 4 -> 8; 
13:56:56: 	Тимошкина С.Я.: 	Действие оператора	Изменение настроек поезда: 6350 Москва - Крюково: Путь: 8 -> ; 
13:57:04: 	Тимошкина С.Я.: 	Системное сообщение	Программный комплекс выключен
18:17:17: 	Неизвестный пользователь: 	Системное сообщение	Ожидается авторизация пользователя
18:17:17: 	Тимошкина С.Я.: 	Системное сообщение	Авторизация успешна
18:17:18: 	Тимошкина С.Я.: 	Системное сообщение	Программный комплекс включен
18:18:10: 	Тимошкина С.Я.: 	Автоматическое воспроизведение статического звукового сообщения	обеспЕчение безопасности
18:18:11: 	Тимошкина С.Я.: 	Автоматическое воспроизведение статического звукового сообщения	Пожарная безопастность
18:18:17: 	Тимошкина С.Я.: 	Действие оператора	Работа запрещена
18:20:04: 	Тимошкина С.Я.: 	Системное сообщение	Программный комплекс выключен
