08:05:43: 	Неизвестный пользователь: 	Системное сообщение	Ожидается авторизация пользователя
08:05:43: 	Пользователь-1: 	Системное сообщение	Авторизация успешна
08:05:44: 	Пользователь-1: 	Системное сообщение	Программный комплекс включен
08:10:57: 	Пользователь-1: 	Автоматическое воспроизведение статического звукового сообщения	Безопасность на ЖД
08:13:03: 	Пользователь-1: 	Системное сообщение	Программный комплекс выключен
08:24:53: 	Неизвестный пользователь: 	Системное сообщение	Ожидается авторизация пользователя
08:24:53: 	Пользователь-1: 	Системное сообщение	Авторизация успешна
08:24:53: 	Пользователь-1: 	Системное сообщение	Программный комплекс включен
08:25:32: 	Пользователь-1: 	Автоматическое воспроизведение статического звукового сообщения	д05_Носильщики и не доверяйте свои вещи
08:40:57: 	Пользователь-1: 	Автоматическое воспроизведение статического звукового сообщения	Безопасность на ЖД
08:44:57: 	Неизвестный пользователь: 	Системное сообщение	Ожидается авторизация пользователя
08:44:57: 	Пользователь-1: 	Системное сообщение	Авторизация успешна
08:44:57: 	Пользователь-1: 	Системное сообщение	Программный комплекс включен
08:45:52: 	Пользователь-1: 	Автоматическое воспроизведение статического звукового сообщения	01_Бесхозные вещи
08:50:20: 	Неизвестный пользователь: 	Системное сообщение	Ожидается авторизация пользователя
08:50:20: 	Пользователь-1: 	Системное сообщение	Авторизация успешна
08:50:21: 	Пользователь-1: 	Системное сообщение	Программный комплекс включен
08:50:32: 	Пользователь-1: 	Автоматическое воспроизведение статического звукового сообщения	д05_Носильщики и не доверяйте свои вещи
08:54:08: 	Пользователь-1: 	Системное сообщение	Программный комплекс выключен
08:54:43: 	Неизвестный пользователь: 	Системное сообщение	Ожидается авторизация пользователя
08:54:43: 	Пользователь-1: 	Системное сообщение	Авторизация успешна
08:54:43: 	Пользователь-1: 	Системное сообщение	Программный комплекс включен
08:56:00: 	Пользователь-1: 	Системное сообщение	Программный комплекс выключен
08:56:10: 	Неизвестный пользователь: 	Системное сообщение	Ожидается авторизация пользователя
08:56:10: 	Пользователь-1: 	Системное сообщение	Авторизация успешна
08:56:16: 	Пользователь-1: 	Системное сообщение	Программный комплекс включен
09:10:57: 	Неизвестный пользователь: 	Системное сообщение	Ожидается авторизация пользователя
09:10:57: 	Пользователь-1: 	Системное сообщение	Авторизация успешна
09:10:57: 	Пользователь-1: 	Системное сообщение	Программный комплекс включен
09:15:02: 	Пользователь-1: 	Системное сообщение	Программный комплекс выключен
10:18:09: 	Неизвестный пользователь: 	Системное сообщение	Ожидается авторизация пользователя
10:18:09: 	Пользователь-1: 	Системное сообщение	Авторизация успешна
10:18:09: 	Пользователь-1: 	Системное сообщение	Программный комплекс включен
10:19:26: 	Пользователь-1: 	Системное сообщение	Программный комплекс выключен
10:20:21: 	Неизвестный пользователь: 	Системное сообщение	Ожидается авторизация пользователя
10:20:21: 	Пользователь-1: 	Системное сообщение	Авторизация успешна
10:20:21: 	Пользователь-1: 	Системное сообщение	Программный комплекс включен
10:21:36: 	Пользователь-1: 	Действие оператора	Изменение настроек поезда: 128 АДЛЕР - КРАСНОЯРСК: Путь:  -> 1; 
10:23:14: 	Пользователь-1: 	Системное сообщение	Программный комплекс выключен
10:29:27: 	Неизвестный пользователь: 	Системное сообщение	Ожидается авторизация пользователя
10:29:27: 	Пользователь-1: 	Системное сообщение	Авторизация успешна
10:29:27: 	Пользователь-1: 	Системное сообщение	Программный комплекс включен
10:30:32: 	Пользователь-1: 	Автоматическое воспроизведение статического звукового сообщения	д05_Носильщики и не доверяйте свои вещи
10:36:11: 	Пользователь-1: 	Действие оператора	Изменение настроек поезда: 6314 ШПАЛОПРОПИТКА - ВОЛГОГРАД: Путь:  -> 1; 
10:40:57: 	Пользователь-1: 	Автоматическое воспроизведение статического звукового сообщения	Безопасность на ЖД
10:41:16: 	Пользователь-1: 	Системное сообщение	Программный комплекс выключен
18:04:47: 	Неизвестный пользователь: 	Системное сообщение	Ожидается авторизация пользователя
18:04:47: 	Пользователь-1: 	Системное сообщение	Авторизация успешна
18:04:48: 	Пользователь-1: 	Системное сообщение	Программный комплекс включен
18:06:42: 	Пользователь-1: 	Системное сообщение	Программный комплекс выключен
18:06:54: 	Неизвестный пользователь: 	Системное сообщение	Ожидается авторизация пользователя
18:06:54: 	Пользователь-1: 	Системное сообщение	Авторизация успешна
18:06:55: 	Пользователь-1: 	Системное сообщение	Программный комплекс включен
18:09:05: 	Пользователь-1: 	Действие оператора	Изменение настроек поезда: 15 ВОЛГОГРАД - МОСКВА: Путь:  -> 2; 
18:09:15: 	Пользователь-1: 	Действие оператора	Изменение настроек поезда: 6808 КАЧАЛИНО - ВОЛГОГРАД: Путь:  -> 1приг; 
18:10:57: 	Пользователь-1: 	Автоматическое воспроизведение статического звукового сообщения	Безопасность на ЖД
18:11:00: 	Пользователь-1: 	Автоматическое воспроизведение расписания	Формирование звукового сообщения для поезда "№15  ВОЛГОГРАД - МОСКВА": гонг уважаемые пассажиры скорый поезд номер 15  сообщением ВОЛГОГРАД to МОСКВА отправляется С 2ого пути будьте внимательны и осторожны гонг уважаемые пассажиры скорый поезд номер 15  сообщением ВОЛГОГРАД to МОСКВА отправляется С 2ого пути будьте внимательны и осторожны . Повтор 1 раз.
18:12:00: 	Пользователь-1: 	Автоматическое воспроизведение расписания	Формирование звукового сообщения для поезда "№6808  КАЧАЛИНО - ВОЛГОГРАД": гонг уважаемые пассажиры пригородный поезд сообщением КАЧАЛИНО ВОЛГОГРАД ожидается прибытием На 1ый приг путь благодарим за внимание . Повтор 1 раз.
18:13:49: 	Пользователь-1: 	Системное сообщение	Программный комплекс выключен
