13:05:11: 	Неизвестный пользователь: 	Системное сообщение	Ожидается авторизация пользователя
13:05:11: 	Тимошкина С.Я.: 	Системное сообщение	Авторизация успешна
13:05:12: 	Тимошкина С.Я.: 	Системное сообщение	Программный комплекс включен
13:07:18: 	Тимошкина С.Я.: 	Системное сообщение	Программный комплекс выключен
13:17:00: 	Неизвестный пользователь: 	Системное сообщение	Ожидается авторизация пользователя
13:17:00: 	Тимошкина С.Я.: 	Системное сообщение	Авторизация успешна
13:17:00: 	Тимошкина С.Я.: 	Системное сообщение	Программный комплекс включен
13:20:03: 	Тимошкина С.Я.: 	Системное сообщение	Программный комплекс выключен
13:20:16: 	Неизвестный пользователь: 	Системное сообщение	Ожидается авторизация пользователя
13:20:16: 	Тимошкина С.Я.: 	Системное сообщение	Авторизация успешна
13:20:17: 	Тимошкина С.Я.: 	Системное сообщение	Программный комплекс включен
13:23:30: 	Тимошкина С.Я.: 	Автоматическое воспроизведение статического звукового сообщения	Курение Табака
13:25:23: 	Тимошкина С.Я.: 	Системное сообщение	Программный комплекс выключен
13:25:38: 	Неизвестный пользователь: 	Системное сообщение	Ожидается авторизация пользователя
13:25:38: 	Тимошкина С.Я.: 	Системное сообщение	Авторизация успешна
13:25:39: 	Тимошкина С.Я.: 	Системное сообщение	Программный комплекс включен
13:27:10: 	Тимошкина С.Я.: 	Автоматическое воспроизведение статического звукового сообщения	Предварительное оформление билетов
13:27:56: 	Тимошкина С.Я.: 	Автоматическое воспроизведение статического звукового сообщения	Возможны изменение в расписании
13:31:10: 	Тимошкина С.Я.: 	Автоматическое воспроизведение статического звукового сообщения	Пожарная безопастность
13:35:30: 	Тимошкина С.Я.: 	Автоматическое воспроизведение статического звукового сообщения	Места для инвалидов с коляской
13:36:19: 	Тимошкина С.Я.: 	Системное сообщение	Программный комплекс выключен
13:39:55: 	Неизвестный пользователь: 	Системное сообщение	Ожидается авторизация пользователя
13:39:55: 	Тимошкина С.Я.: 	Системное сообщение	Авторизация успешна
13:39:55: 	Тимошкина С.Я.: 	Системное сообщение	Программный комплекс включен
13:42:10: 	Тимошкина С.Я.: 	Автоматическое воспроизведение статического звукового сообщения	Мобильное приложение
13:42:11: 	Тимошкина С.Я.: 	Автоматическое воспроизведение статического звукового сообщения	Безхозные весчи
13:42:12: 	Тимошкина С.Я.: 	Автоматическое воспроизведение статического звукового сообщения	Услуги носильиков
13:45:10: 	Тимошкина С.Я.: 	Автоматическое воспроизведение статического звукового сообщения	Документы при посадке
13:46:10: 	Тимошкина С.Я.: 	Автоматическое воспроизведение статического звукового сообщения	Алкогольное опьянение
13:49:17: 	Тимошкина С.Я.: 	Автоматическое воспроизведение статического звукового сообщения	КХР
13:53:19: 	Тимошкина С.Я.: 	Системное сообщение	Программный комплекс выключен
13:56:39: 	Неизвестный пользователь: 	Системное сообщение	Ожидается авторизация пользователя
13:56:39: 	Тимошкина С.Я.: 	Системное сообщение	Авторизация успешна
13:56:40: 	Тимошкина С.Я.: 	Системное сообщение	Программный комплекс включен
13:57:10: 	Тимошкина С.Я.: 	Автоматическое воспроизведение статического звукового сообщения	Ласточка - СКОРЫЙ
14:05:56: 	Тимошкина С.Я.: 	Автоматическое воспроизведение статического звукового сообщения	Возможны изменение в расписании
14:05:58: 	Тимошкина С.Я.: 	Системное сообщение	Программный комплекс выключен
14:17:39: 	Неизвестный пользователь: 	Системное сообщение	Ожидается авторизация пользователя
14:17:39: 	Тимошкина С.Я.: 	Системное сообщение	Авторизация успешна
14:17:39: 	Тимошкина С.Я.: 	Системное сообщение	Программный комплекс включен
14:21:03: 	Тимошкина С.Я.: 	Системное сообщение	Программный комплекс выключен
14:21:25: 	Неизвестный пользователь: 	Системное сообщение	Ожидается авторизация пользователя
14:21:25: 	Тимошкина С.Я.: 	Системное сообщение	Авторизация успешна
14:21:38: 	Тимошкина С.Я.: 	Системное сообщение	Программный комплекс включен
14:24:10: 	Тимошкина С.Я.: 	Автоматическое воспроизведение статического звукового сообщения	ЧС
14:27:10: 	Тимошкина С.Я.: 	Автоматическое воспроизведение статического звукового сообщения	Сбор за безбилетный проезд
14:27:50: 	Тимошкина С.Я.: 	Системное сообщение	Программный комплекс выключен
14:28:06: 	Неизвестный пользователь: 	Системное сообщение	Ожидается авторизация пользователя
14:28:06: 	Тимошкина С.Я.: 	Системное сообщение	Авторизация успешна
14:28:06: 	Тимошкина С.Я.: 	Системное сообщение	Программный комплекс включен
14:29:18: 	Тимошкина С.Я.: 	Системное сообщение	Программный комплекс выключен
14:29:26: 	Неизвестный пользователь: 	Системное сообщение	Ожидается авторизация пользователя
14:29:26: 	Тимошкина С.Я.: 	Системное сообщение	Авторизация успешна
14:29:27: 	Тимошкина С.Я.: 	Системное сообщение	Программный комплекс включен
14:31:17: 	Тимошкина С.Я.: 	Системное сообщение	Программный комплекс выключен
14:36:25: 	Неизвестный пользователь: 	Системное сообщение	Ожидается авторизация пользователя
14:36:25: 	Тимошкина С.Я.: 	Системное сообщение	Авторизация успешна
14:40:11: 	Тимошкина С.Я.: 	Системное сообщение	Программный комплекс включен
18:22:50: 	Неизвестный пользователь: 	Системное сообщение	Ожидается авторизация пользователя
18:22:50: 	Тимошкина С.Я.: 	Системное сообщение	Авторизация успешна
18:22:51: 	Тимошкина С.Я.: 	Системное сообщение	Программный комплекс включен
18:37:37: 	Неизвестный пользователь: 	Системное сообщение	Ожидается авторизация пользователя
18:37:37: 	Тимошкина С.Я.: 	Системное сообщение	Авторизация успешна
18:37:51: 	Тимошкина С.Я.: 	Системное сообщение	Программный комплекс включен
18:42:21: 	Неизвестный пользователь: 	Системное сообщение	Ожидается авторизация пользователя
18:42:21: 	Тимошкина С.Я.: 	Системное сообщение	Авторизация успешна
18:42:22: 	Тимошкина С.Я.: 	Системное сообщение	Программный комплекс включен
18:44:20: 	Тимошкина С.Я.: 	Системное сообщение	Программный комплекс выключен
18:50:09: 	Неизвестный пользователь: 	Системное сообщение	Ожидается авторизация пользователя
18:50:09: 	Тимошкина С.Я.: 	Системное сообщение	Авторизация успешна
18:50:09: 	Тимошкина С.Я.: 	Системное сообщение	Программный комплекс включен
18:52:32: 	Тимошкина С.Я.: 	Системное сообщение	Программный комплекс выключен
18:58:59: 	Неизвестный пользователь: 	Системное сообщение	Ожидается авторизация пользователя
18:58:59: 	Тимошкина С.Я.: 	Системное сообщение	Авторизация успешна
18:59:00: 	Тимошкина С.Я.: 	Системное сообщение	Программный комплекс включен
18:59:04: 	Тимошкина С.Я.: 	Системное сообщение	Ошибка сохранения настроек: Значение не может быть неопределенным.
Имя параметра: source
18:59:05: 	Тимошкина С.Я.: 	Системное сообщение	Ошибка сохранения настроек: Значение не может быть неопределенным.
Имя параметра: source
18:59:10: 	Тимошкина С.Я.: 	Автоматическое воспроизведение статического звукового сообщения	Пожарная безопастность
18:59:18: 	Тимошкина С.Я.: 	Системное сообщение	Ошибка сохранения настроек: Значение не может быть неопределенным.
Имя параметра: source
19:00:54: 	Тимошкина С.Я.: 	Системное сообщение	Программный комплекс выключен
19:01:08: 	Неизвестный пользователь: 	Системное сообщение	Ожидается авторизация пользователя
19:01:08: 	Тимошкина С.Я.: 	Системное сообщение	Авторизация успешна
19:01:09: 	Тимошкина С.Я.: 	Системное сообщение	Программный комплекс включен
19:01:41: 	Тимошкина С.Я.: 	Системное сообщение	Ошибка сохранения настроек: Значение не может быть неопределенным.
Имя параметра: source
19:01:42: 	Тимошкина С.Я.: 	Системное сообщение	Ошибка сохранения настроек: Значение не может быть неопределенным.
Имя параметра: source
19:01:58: 	Тимошкина С.Я.: 	Системное сообщение	Ошибка сохранения настроек: Значение не может быть неопределенным.
Имя параметра: source
19:03:10: 	Тимошкина С.Я.: 	Системное сообщение	Ошибка сохранения настроек: Значение не может быть неопределенным.
Имя параметра: source
19:03:22: 	Тимошкина С.Я.: 	Системное сообщение	Программный комплекс выключен
19:10:14: 	Неизвестный пользователь: 	Системное сообщение	Ожидается авторизация пользователя
19:10:14: 	Тимошкина С.Я.: 	Системное сообщение	Авторизация успешна
19:10:29: 	Тимошкина С.Я.: 	Системное сообщение	Программный комплекс включен
19:11:08: 	Тимошкина С.Я.: 	Системное сообщение	Программный комплекс выключен
19:12:13: 	Неизвестный пользователь: 	Системное сообщение	Ожидается авторизация пользователя
19:12:13: 	Тимошкина С.Я.: 	Системное сообщение	Авторизация успешна
19:12:13: 	Тимошкина С.Я.: 	Системное сообщение	Программный комплекс включен
19:13:20: 	Тимошкина С.Я.: 	Системное сообщение	Программный комплекс выключен
19:35:34: 	Неизвестный пользователь: 	Системное сообщение	Ожидается авторизация пользователя
19:35:34: 	Тимошкина С.Я.: 	Системное сообщение	Авторизация успешна
19:35:34: 	Тимошкина С.Я.: 	Системное сообщение	Программный комплекс включен
19:36:42: 	Тимошкина С.Я.: 	Системное сообщение	Программный комплекс выключен
19:38:39: 	Неизвестный пользователь: 	Системное сообщение	Ожидается авторизация пользователя
19:38:39: 	Тимошкина С.Я.: 	Системное сообщение	Авторизация успешна
19:38:40: 	Тимошкина С.Я.: 	Системное сообщение	Программный комплекс включен
19:40:10: 	Тимошкина С.Я.: 	Автоматическое воспроизведение статического звукового сообщения	Пожарная безопастность
19:40:30: 	Тимошкина С.Я.: 	Автоматическое воспроизведение статического звукового сообщения	Места для инвалидов с коляской
19:42:04: 	Тимошкина С.Я.: 	Системное сообщение	Программный комплекс выключен
19:43:19: 	Неизвестный пользователь: 	Системное сообщение	Ожидается авторизация пользователя
19:43:19: 	Тимошкина С.Я.: 	Системное сообщение	Авторизация успешна
19:48:53: 	Тимошкина С.Я.: 	Системное сообщение	Программный комплекс включен
19:48:55: 	Тимошкина С.Я.: 	Системное сообщение	Программный комплекс выключен
19:49:04: 	Неизвестный пользователь: 	Системное сообщение	Ожидается авторизация пользователя
19:49:04: 	Тимошкина С.Я.: 	Системное сообщение	Авторизация успешна
19:52:41: 	Тимошкина С.Я.: 	Системное сообщение	Программный комплекс включен
19:54:27: 	Тимошкина С.Я.: 	Системное сообщение	Программный комплекс выключен
20:01:08: 	Неизвестный пользователь: 	Системное сообщение	Ожидается авторизация пользователя
20:01:08: 	Тимошкина С.Я.: 	Системное сообщение	Авторизация успешна
20:01:09: 	Тимошкина С.Я.: 	Системное сообщение	Программный комплекс включен
20:19:44: 	Неизвестный пользователь: 	Системное сообщение	Ожидается авторизация пользователя
20:19:44: 	Тимошкина С.Я.: 	Системное сообщение	Авторизация успешна
20:19:44: 	Тимошкина С.Я.: 	Системное сообщение	Программный комплекс включен
20:20:24: 	Тимошкина С.Я.: 	Автоматическое воспроизведение статического звукового сообщения	Санитарные комнаты
20:21:10: 	Тимошкина С.Я.: 	Автоматическое воспроизведение статического звукового сообщения	Документы при посадке
20:21:11: 	Тимошкина С.Я.: 	Автоматическое воспроизведение статического звукового сообщения	Пожарная безопастность
20:21:16: 	Тимошкина С.Я.: 	Системное сообщение	Программный комплекс выключен
20:38:25: 	Неизвестный пользователь: 	Системное сообщение	Ожидается авторизация пользователя
20:38:25: 	Тимошкина С.Я.: 	Системное сообщение	Авторизация успешна
20:38:26: 	Тимошкина С.Я.: 	Системное сообщение	Программный комплекс включен
20:40:42: 	Неизвестный пользователь: 	Системное сообщение	Ожидается авторизация пользователя
20:40:42: 	Тимошкина С.Я.: 	Системное сообщение	Авторизация успешна
20:40:42: 	Тимошкина С.Я.: 	Системное сообщение	Программный комплекс включен
20:42:19: 	Неизвестный пользователь: 	Системное сообщение	Ожидается авторизация пользователя
20:42:19: 	Тимошкина С.Я.: 	Системное сообщение	Авторизация успешна
20:42:20: 	Тимошкина С.Я.: 	Системное сообщение	Программный комплекс включен
20:47:59: 	Неизвестный пользователь: 	Системное сообщение	Ожидается авторизация пользователя
20:47:59: 	Тимошкина С.Я.: 	Системное сообщение	Авторизация успешна
20:48:00: 	Тимошкина С.Я.: 	Системное сообщение	Программный комплекс включен
20:48:55: 	Тимошкина С.Я.: 	Системное сообщение	Программный комплекс выключен
20:56:44: 	Неизвестный пользователь: 	Системное сообщение	Ожидается авторизация пользователя
20:56:44: 	Тимошкина С.Я.: 	Системное сообщение	Авторизация успешна
20:56:44: 	Тимошкина С.Я.: 	Системное сообщение	Программный комплекс включен
21:02:31: 	Неизвестный пользователь: 	Системное сообщение	Ожидается авторизация пользователя
21:02:31: 	Тимошкина С.Я.: 	Системное сообщение	Авторизация успешна
21:02:31: 	Тимошкина С.Я.: 	Системное сообщение	Программный комплекс включен
21:02:43: 	Тимошкина С.Я.: 	Системное сообщение	Программный комплекс выключен
21:02:58: 	Неизвестный пользователь: 	Системное сообщение	Ожидается авторизация пользователя
21:02:58: 	Тимошкина С.Я.: 	Системное сообщение	Авторизация успешна
21:02:58: 	Тимошкина С.Я.: 	Системное сообщение	Программный комплекс включен
21:03:10: 	Тимошкина С.Я.: 	Автоматическое воспроизведение статического звукового сообщения	Услуги носильиков
21:03:25: 	Тимошкина С.Я.: 	Системное сообщение	Программный комплекс выключен
21:13:36: 	Неизвестный пользователь: 	Системное сообщение	Ожидается авторизация пользователя
21:13:36: 	Тимошкина С.Я.: 	Системное сообщение	Авторизация успешна
21:13:37: 	Тимошкина С.Я.: 	Системное сообщение	Программный комплекс включен
21:14:36: 	Тимошкина С.Я.: 	Системное сообщение	Программный комплекс выключен
21:14:54: 	Неизвестный пользователь: 	Системное сообщение	Ожидается авторизация пользователя
21:14:54: 	Тимошкина С.Я.: 	Системное сообщение	Авторизация успешна
21:14:54: 	Тимошкина С.Я.: 	Системное сообщение	Программный комплекс включен
21:15:36: 	Тимошкина С.Я.: 	Системное сообщение	Программный комплекс выключен
21:19:21: 	Неизвестный пользователь: 	Системное сообщение	Ожидается авторизация пользователя
21:19:21: 	Тимошкина С.Я.: 	Системное сообщение	Авторизация успешна
21:19:22: 	Тимошкина С.Я.: 	Системное сообщение	Программный комплекс включен
21:21:48: 	Тимошкина С.Я.: 	Системное сообщение	Программный комплекс выключен
21:22:50: 	Неизвестный пользователь: 	Системное сообщение	Ожидается авторизация пользователя
21:22:50: 	Тимошкина С.Я.: 	Системное сообщение	Авторизация успешна
21:22:51: 	Тимошкина С.Я.: 	Системное сообщение	Программный комплекс включен
21:24:46: 	Тимошкина С.Я.: 	Системное сообщение	Программный комплекс выключен
21:33:22: 	Неизвестный пользователь: 	Системное сообщение	Ожидается авторизация пользователя
21:33:22: 	Тимошкина С.Я.: 	Системное сообщение	Авторизация успешна
21:33:23: 	Тимошкина С.Я.: 	Системное сообщение	Программный комплекс включен
21:34:24: 	Тимошкина С.Я.: 	Автоматическое воспроизведение статического звукового сообщения	Санитарные комнаты
21:38:17: 	Тимошкина С.Я.: 	Автоматическое воспроизведение статического звукового сообщения	КХР
21:42:10: 	Тимошкина С.Я.: 	Автоматическое воспроизведение статического звукового сообщения	Мобильное приложение
21:43:09: 	Неизвестный пользователь: 	Системное сообщение	Ожидается авторизация пользователя
21:43:09: 	Тимошкина С.Я.: 	Системное сообщение	Авторизация успешна
21:43:09: 	Тимошкина С.Я.: 	Системное сообщение	Программный комплекс включен
21:43:10: 	Тимошкина С.Я.: 	Автоматическое воспроизведение статического звукового сообщения	Пожарная безопастность
21:51:10: 	Тимошкина С.Я.: 	Автоматическое воспроизведение статического звукового сообщения	Абонементные билеты
21:52:10: 	Тимошкина С.Я.: 	Автоматическое воспроизведение статического звукового сообщения	Услуги носильиков
21:52:44: 	Тимошкина С.Я.: 	Системное сообщение	Программный комплекс выключен
