13:02:31: 	Неизвестный пользователь: 	Системное сообщение	Ожидается авторизация пользователя
13:02:31: 	Пользователь-1: 	Системное сообщение	Авторизация успешна
13:02:32: 	Пользователь-1: 	Системное сообщение	Программный комплекс включен
13:12:52: 	Неизвестный пользователь: 	Системное сообщение	Ожидается авторизация пользователя
13:12:52: 	Пользователь-1: 	Системное сообщение	Авторизация успешна
13:12:53: 	Пользователь-1: 	Системное сообщение	Программный комплекс включен
13:17:36: 	Неизвестный пользователь: 	Системное сообщение	Ожидается авторизация пользователя
13:17:36: 	Пользователь-1: 	Системное сообщение	Авторизация успешна
13:17:37: 	Пользователь-1: 	Системное сообщение	Программный комплекс включен
17:42:48: 	Неизвестный пользователь: 	Системное сообщение	Ожидается авторизация пользователя
17:42:48: 	Пользователь-1: 	Системное сообщение	Авторизация успешна
17:42:49: 	Пользователь-1: 	Системное сообщение	Программный комплекс включен
18:07:47: 	Неизвестный пользователь: 	Системное сообщение	Ожидается авторизация пользователя
18:07:47: 	Пользователь-1: 	Системное сообщение	Авторизация успешна
18:07:47: 	Пользователь-1: 	Системное сообщение	Программный комплекс включен
18:13:00: 	Неизвестный пользователь: 	Системное сообщение	Ожидается авторизация пользователя
18:13:00: 	Пользователь-1: 	Системное сообщение	Авторизация успешна
18:13:00: 	Пользователь-1: 	Системное сообщение	Программный комплекс включен
18:16:02: 	Неизвестный пользователь: 	Системное сообщение	Ожидается авторизация пользователя
18:16:02: 	Пользователь-1: 	Системное сообщение	Авторизация успешна
18:16:02: 	Пользователь-1: 	Системное сообщение	Программный комплекс включен
18:23:44: 	Неизвестный пользователь: 	Системное сообщение	Ожидается авторизация пользователя
18:23:44: 	Пользователь-1: 	Системное сообщение	Авторизация успешна
18:23:44: 	Пользователь-1: 	Системное сообщение	Программный комплекс включен
18:46:56: 	Неизвестный пользователь: 	Системное сообщение	Ожидается авторизация пользователя
18:46:56: 	Пользователь-1: 	Системное сообщение	Авторизация успешна
18:46:56: 	Пользователь-1: 	Системное сообщение	Программный комплекс включен
19:07:16: 	Пользователь-1: 	Системное сообщение	Программный комплекс выключен
19:08:11: 	Неизвестный пользователь: 	Системное сообщение	Ожидается авторизация пользователя
19:08:11: 	Пользователь-1: 	Системное сообщение	Авторизация успешна
19:08:12: 	Пользователь-1: 	Системное сообщение	Программный комплекс включен
19:08:19: 	Пользователь-1: 	Действие оператора	Изменение настроек поезда: 6301 ТРАКТОРНАЯ - ЮЖНАЯ: Путь:  -> 1; 
19:08:22: 	Пользователь-1: 	Действие оператора	Изменение настроек поезда: 6304 ЮЖНАЯ - ВОЛГОГРАД: Путь:  -> 2; 
19:08:24: 	Пользователь-1: 	Действие оператора	Изменение настроек поезда: 6807 ВОЛГОГРАД - КАЧАЛИНО: Путь:  -> 3; 
19:08:27: 	Пользователь-1: 	Действие оператора	Изменение настроек поезда: 6810 АРЧЕДА - ВОЛГОГРАД: Путь:  -> 4; 
19:08:29: 	Пользователь-1: 	Действие оператора	Изменение настроек поезда: 214 РОСТОВ - САРАТОВ: Путь:  -> 5; 
19:08:38: 	Пользователь-1: 	Системное сообщение	Программный комплекс выключен
19:09:10: 	Неизвестный пользователь: 	Системное сообщение	Ожидается авторизация пользователя
19:09:10: 	Пользователь-1: 	Системное сообщение	Авторизация успешна
19:09:10: 	Пользователь-1: 	Системное сообщение	Программный комплекс включен
19:09:21: 	Пользователь-1: 	Действие оператора	Изменение настроек поезда: 6301 ТРАКТОРНАЯ - ЮЖНАЯ: Путь: 1 -> ; 
19:09:23: 	Пользователь-1: 	Действие оператора	Изменение настроек поезда: 214 РОСТОВ - САРАТОВ: Путь: 5 -> ; 
19:09:24: 	Пользователь-1: 	Действие оператора	Изменение настроек поезда: 6304 ЮЖНАЯ - ВОЛГОГРАД: Путь: 2 -> ; 
19:09:26: 	Пользователь-1: 	Действие оператора	Изменение настроек поезда: 6807 ВОЛГОГРАД - КАЧАЛИНО: Путь: 3 -> ; 
19:09:28: 	Пользователь-1: 	Действие оператора	Изменение настроек поезда: 6810 АРЧЕДА - ВОЛГОГРАД: Путь: 4 -> ; 
19:10:30: 	Пользователь-1: 	Действие оператора	Изменение настроек поезда: 6810 АРЧЕДА - ВОЛГОГРАД: Путь:  -> 1приг; 
19:10:30: 	Пользователь-1: 	Действие оператора	Изменение настроек поезда: 6810 АРЧЕДА - ВОЛГОГРАД: Путь:  -> 1приг; 
19:10:38: 	Пользователь-1: 	Системное сообщение	Программный комплекс выключен
19:20:32: 	Неизвестный пользователь: 	Системное сообщение	Ожидается авторизация пользователя
19:20:32: 	Пользователь-1: 	Системное сообщение	Авторизация успешна
19:20:32: 	Пользователь-1: 	Системное сообщение	Программный комплекс включен
19:20:52: 	Пользователь-1: 	Действие оператора	Изменение настроек поезда: 6810 АРЧЕДА - ВОЛГОГРАД: Путь: 1приг -> 3приг; 
19:21:12: 	Пользователь-1: 	Действие оператора	Изменение настроек поезда: 6719 ШПАЛОПРОПИТКА - АЭРОПОРТ: Путь:  -> 2приг; 
19:21:32: 	Пользователь-1: 	Действие оператора	Изменение настроек поезда: 6807 ВОЛГОГРАД - КАЧАЛИНО: Путь:  -> 1приг; 
19:21:43: 	Пользователь-1: 	Действие оператора	Изменение настроек поезда: 6810 АРЧЕДА - ВОЛГОГРАД: Путь: 1приг -> ; 
19:21:43: 	Пользователь-1: 	Системное сообщение	Программный комплекс выключен
19:22:38: 	Неизвестный пользователь: 	Системное сообщение	Ожидается авторизация пользователя
19:22:38: 	Пользователь-1: 	Системное сообщение	Авторизация успешна
19:22:39: 	Пользователь-1: 	Системное сообщение	Программный комплекс включен
19:24:20: 	Пользователь-1: 	Системное сообщение	Программный комплекс выключен
19:49:48: 	Неизвестный пользователь: 	Системное сообщение	Ожидается авторизация пользователя
19:49:48: 	Пользователь-1: 	Системное сообщение	Авторизация успешна
19:49:49: 	Пользователь-1: 	Системное сообщение	Программный комплекс включен
19:53:25: 	Пользователь-1: 	Системное сообщение	Программный комплекс выключен
19:59:00: 	Неизвестный пользователь: 	Системное сообщение	Ожидается авторизация пользователя
19:59:00: 	Пользователь-1: 	Системное сообщение	Авторизация успешна
19:59:01: 	Пользователь-1: 	Системное сообщение	Программный комплекс включен
20:02:16: 	Пользователь-1: 	Системное сообщение	Программный комплекс выключен
