07:22:41: 	Неизвестный пользователь: 	Системное сообщение	Ожидается авторизация пользователя
07:22:41: 	Пользователь-1: 	Системное сообщение	Авторизация успешна
07:22:41: 	Пользователь-1: 	Системное сообщение	Программный комплекс включен
07:23:06: 	Пользователь-1: 	Системное сообщение	Программный комплекс выключен
07:25:26: 	Неизвестный пользователь: 	Системное сообщение	Ожидается авторизация пользователя
07:25:26: 	Пользователь-1: 	Системное сообщение	Авторизация успешна
07:25:26: 	Пользователь-1: 	Системное сообщение	Программный комплекс включен
07:35:32: 	Пользователь-1: 	Автоматическое воспроизведение статического звукового сообщения	д05_Носильщики и не доверяйте свои вещи
07:40:57: 	Пользователь-1: 	Автоматическое воспроизведение статического звукового сообщения	Безопасность на ЖД
07:43:40: 	Пользователь-1: 	Системное сообщение	Программный комплекс выключен
07:43:54: 	Неизвестный пользователь: 	Системное сообщение	Ожидается авторизация пользователя
07:43:54: 	Пользователь-1: 	Системное сообщение	Авторизация успешна
07:43:55: 	Пользователь-1: 	Системное сообщение	Программный комплекс включен
07:45:19: 	Пользователь-1: 	Системное сообщение	Программный комплекс выключен
07:45:32: 	Неизвестный пользователь: 	Системное сообщение	Ожидается авторизация пользователя
07:45:32: 	Пользователь-1: 	Системное сообщение	Авторизация успешна
07:45:32: 	Пользователь-1: 	Системное сообщение	Программный комплекс включен
07:45:52: 	Пользователь-1: 	Автоматическое воспроизведение статического звукового сообщения	01_Бесхозные вещи
07:46:47: 	Пользователь-1: 	Системное сообщение	Программный комплекс выключен
07:47:29: 	Неизвестный пользователь: 	Системное сообщение	Ожидается авторизация пользователя
07:47:29: 	Пользователь-1: 	Системное сообщение	Авторизация успешна
07:47:30: 	Пользователь-1: 	Системное сообщение	Программный комплекс включен
07:48:56: 	Пользователь-1: 	Системное сообщение	Программный комплекс выключен
07:49:03: 	Неизвестный пользователь: 	Системное сообщение	Ожидается авторизация пользователя
07:49:03: 	Пользователь-1: 	Системное сообщение	Авторизация успешна
07:49:04: 	Пользователь-1: 	Системное сообщение	Программный комплекс включен
07:55:25: 	Пользователь-1: 	Системное сообщение	Программный комплекс выключен
