07:28:59: 	Неизвестный пользователь: 	Системное сообщение	Ожидается авторизация пользователя
07:28:59: 	Пользователь-1: 	Системное сообщение	Авторизация успешна
07:29:00: 	Пользователь-1: 	Системное сообщение	Программный комплекс включен
07:32:44: 	Неизвестный пользователь: 	Системное сообщение	Ожидается авторизация пользователя
07:32:44: 	Пользователь-1: 	Системное сообщение	Авторизация успешна
07:32:45: 	Пользователь-1: 	Системное сообщение	Программный комплекс включен
07:32:59: 	Пользователь-1: 	Системное сообщение	Программный комплекс включен
07:33:03: 	Пользователь-1: 	Системное сообщение	Программный комплекс выключен
07:37:45: 	Неизвестный пользователь: 	Системное сообщение	Ожидается авторизация пользователя
07:37:45: 	Пользователь-1: 	Системное сообщение	Авторизация успешна
07:37:45: 	Пользователь-1: 	Системное сообщение	Программный комплекс включен
07:38:20: 	Пользователь-1: 	Системное сообщение	Программный комплекс включен
07:38:25: 	Пользователь-1: 	Системное сообщение	Программный комплекс выключен
13:11:52: 	Неизвестный пользователь: 	Системное сообщение	Ожидается авторизация пользователя
13:11:52: 	Пользователь-1: 	Системное сообщение	Авторизация успешна
13:11:52: 	Пользователь-1: 	Системное сообщение	Программный комплекс включен
13:21:34: 	Неизвестный пользователь: 	Системное сообщение	Ожидается авторизация пользователя
13:21:34: 	Пользователь-1: 	Системное сообщение	Авторизация успешна
13:21:34: 	Пользователь-1: 	Системное сообщение	Программный комплекс включен
13:24:50: 	Неизвестный пользователь: 	Системное сообщение	Ожидается авторизация пользователя
13:24:50: 	Пользователь-1: 	Системное сообщение	Авторизация успешна
13:24:50: 	Пользователь-1: 	Системное сообщение	Программный комплекс включен
13:25:32: 	Пользователь-1: 	Автоматическое воспроизведение статического звукового сообщения	д05_Носильщики и не доверяйте свои вещи
13:25:52: 	Пользователь-1: 	Системное сообщение	Программный комплекс выключен
13:37:35: 	Неизвестный пользователь: 	Системное сообщение	Ожидается авторизация пользователя
13:37:35: 	Пользователь-1: 	Системное сообщение	Авторизация успешна
13:37:36: 	Пользователь-1: 	Системное сообщение	Программный комплекс включен
13:38:58: 	Пользователь-1: 	Системное сообщение	Программный комплекс выключен
13:42:00: 	Неизвестный пользователь: 	Системное сообщение	Ожидается авторизация пользователя
13:42:00: 	Пользователь-1: 	Системное сообщение	Авторизация успешна
13:42:01: 	Пользователь-1: 	Системное сообщение	Программный комплекс включен
13:45:29: 	Пользователь-1: 	Системное сообщение	Программный комплекс выключен
14:11:58: 	Неизвестный пользователь: 	Системное сообщение	Ожидается авторизация пользователя
14:11:58: 	Пользователь-1: 	Системное сообщение	Авторизация успешна
14:11:58: 	Пользователь-1: 	Системное сообщение	Программный комплекс включен
14:12:14: 	Пользователь-1: 	Системное сообщение	Программный комплекс выключен
14:38:11: 	Неизвестный пользователь: 	Системное сообщение	Ожидается авторизация пользователя
14:38:11: 	Пользователь-1: 	Системное сообщение	Авторизация успешна
14:38:12: 	Пользователь-1: 	Системное сообщение	Программный комплекс включен
14:38:30: 	Пользователь-1: 	Системное сообщение	Программный комплекс выключен
14:46:09: 	Неизвестный пользователь: 	Системное сообщение	Ожидается авторизация пользователя
14:46:09: 	Пользователь-1: 	Системное сообщение	Авторизация успешна
14:46:10: 	Пользователь-1: 	Системное сообщение	Программный комплекс включен
14:52:11: 	Неизвестный пользователь: 	Системное сообщение	Ожидается авторизация пользователя
14:52:11: 	Пользователь-1: 	Системное сообщение	Авторизация успешна
14:52:11: 	Пользователь-1: 	Системное сообщение	Программный комплекс включен
14:54:25: 	Неизвестный пользователь: 	Системное сообщение	Ожидается авторизация пользователя
14:54:25: 	Пользователь-1: 	Системное сообщение	Авторизация успешна
14:54:26: 	Пользователь-1: 	Системное сообщение	Программный комплекс включен
14:55:59: 	Неизвестный пользователь: 	Системное сообщение	Ожидается авторизация пользователя
14:55:59: 	Пользователь-1: 	Системное сообщение	Авторизация успешна
14:56:00: 	Пользователь-1: 	Системное сообщение	Программный комплекс включен
14:56:23: 	Пользователь-1: 	Системное сообщение	Программный комплекс выключен
