09:27:57: 	Неизвестный пользователь: 	Системное сообщение	Ожидается авторизация пользователя
09:27:57: 	Пользователь-1: 	Системное сообщение	Авторизация успешна
09:27:57: 	Пользователь-1: 	Системное сообщение	Программный комплекс включен
09:28:03: 	Пользователь-1: 	Системное сообщение	Программный комплекс выключен
09:28:08: 	Неизвестный пользователь: 	Системное сообщение	Ожидается авторизация пользователя
09:28:08: 	Пользователь-1: 	Системное сообщение	Авторизация успешна
09:28:08: 	Пользователь-1: 	Системное сообщение	Программный комплекс включен
09:30:33: 	Пользователь-1: 	Системное сообщение	Программный комплекс выключен
10:50:46: 	Неизвестный пользователь: 	Системное сообщение	Ожидается авторизация пользователя
10:50:46: 	Пользователь-1: 	Системное сообщение	Авторизация успешна
10:50:47: 	Пользователь-1: 	Системное сообщение	Программный комплекс включен
10:58:36: 	Пользователь-1: 	Системное сообщение	Программный комплекс выключен
12:03:32: 	Неизвестный пользователь: 	Системное сообщение	Ожидается авторизация пользователя
12:03:32: 	Пользователь-1: 	Системное сообщение	Авторизация успешна
12:03:33: 	Пользователь-1: 	Системное сообщение	Программный комплекс включен
12:05:02: 	Пользователь-1: 	Системное сообщение	Программный комплекс выключен
13:07:06: 	Неизвестный пользователь: 	Системное сообщение	Ожидается авторизация пользователя
13:07:07: 	Пользователь-1: 	Системное сообщение	Авторизация успешна
13:07:08: 	Пользователь-1: 	Системное сообщение	Программный комплекс включен
13:07:21: 	Пользователь-1: 	Действие оператора	Изменение настроек поезда: 6204 КАНАЛЬНАЯ - ВОЛГОГРАД: Путь:  -> 1; 
13:10:57: 	Пользователь-1: 	Автоматическое воспроизведение статического звукового сообщения	Безопасность на ЖД
13:11:00: 	Пользователь-1: 	Автоматическое воспроизведение расписания	Формирование звукового сообщения для поезда "№6204  КАНАЛЬНАЯ - ВОЛГОГРАД": гонг уважаемые пассажиры пригородный поезд сообщением КАНАЛЬНАЯ ВОЛГОГРАД прибывает На 1ый путь благодарим за внимание . Повтор 1 раз.
13:15:52: 	Пользователь-1: 	Автоматическое воспроизведение статического звукового сообщения	01_Бесхозные вещи
13:16:00: 	Пользователь-1: 	Автоматическое воспроизведение расписания	Формирование звукового сообщения для поезда "№6204  КАНАЛЬНАЯ - ВОЛГОГРАД": гонг уважаемые пассажиры пригородный поезд сообщением КАНАЛЬНАЯ ВОЛГОГРАД прибыл На 1ый путь благодарим за внимание . Повтор 1 раз.
13:16:03: 	Пользователь-1: 	Системное сообщение	Программный комплекс выключен
