20:57:28: 	Неизвестный пользователь: 	Системное сообщение	Ожидается авторизация пользователя
20:57:28: 	Неизвестный пользователь: 	Системное сообщение	Программа закрыта без авторизации
20:57:43: 	Неизвестный пользователь: 	Системное сообщение	Ожидается авторизация пользователя
20:57:43: 	Пользователь-1: 	Системное сообщение	Авторизация успешна
20:57:44: 	Пользователь-1: 	Системное сообщение	Программный комплекс включен
20:58:12: 	Пользователь-1: 	Системное сообщение	Программный комплекс выключен
20:58:23: 	Неизвестный пользователь: 	Системное сообщение	Ожидается авторизация пользователя
20:58:23: 	Пользователь-1: 	Системное сообщение	Авторизация успешна
20:58:24: 	Пользователь-1: 	Системное сообщение	Программный комплекс включен
21:23:52: 	Неизвестный пользователь: 	Системное сообщение	Ожидается авторизация пользователя
21:23:52: 	Пользователь-1: 	Системное сообщение	Авторизация успешна
21:23:53: 	Пользователь-1: 	Системное сообщение	Программный комплекс включен
21:32:15: 	Неизвестный пользователь: 	Системное сообщение	Ожидается авторизация пользователя
21:32:15: 	Пользователь-1: 	Системное сообщение	Авторизация успешна
21:32:16: 	Пользователь-1: 	Системное сообщение	Программный комплекс включен
21:32:57: 	Неизвестный пользователь: 	Системное сообщение	Ожидается авторизация пользователя
21:32:57: 	Пользователь-1: 	Системное сообщение	Авторизация успешна
21:32:58: 	Пользователь-1: 	Системное сообщение	Программный комплекс включен
21:34:04: 	Пользователь-1: 	Системное сообщение	Программный комплекс выключен
21:51:20: 	Неизвестный пользователь: 	Системное сообщение	Ожидается авторизация пользователя
21:51:20: 	Пользователь-1: 	Системное сообщение	Авторизация успешна
21:51:21: 	Пользователь-1: 	Системное сообщение	Программный комплекс включен
21:51:46: 	Пользователь-1: 	Системное сообщение	Программный комплекс выключен
21:56:00: 	Неизвестный пользователь: 	Системное сообщение	Ожидается авторизация пользователя
21:56:00: 	Пользователь-1: 	Системное сообщение	Авторизация успешна
21:56:01: 	Пользователь-1: 	Системное сообщение	Программный комплекс включен
21:57:45: 	Пользователь-1: 	Системное сообщение	Программный комплекс выключен
22:48:10: 	Неизвестный пользователь: 	Системное сообщение	Ожидается авторизация пользователя
22:48:10: 	Пользователь-1: 	Системное сообщение	Авторизация успешна
22:48:11: 	Пользователь-1: 	Системное сообщение	Программный комплекс включен
22:51:54: 	Неизвестный пользователь: 	Системное сообщение	Ожидается авторизация пользователя
22:51:54: 	Пользователь-1: 	Системное сообщение	Авторизация успешна
22:51:55: 	Пользователь-1: 	Системное сообщение	Программный комплекс включен
22:51:56: 	Пользователь-1: 	Системное сообщение	Программный комплекс выключен
22:53:03: 	Неизвестный пользователь: 	Системное сообщение	Ожидается авторизация пользователя
22:53:03: 	Пользователь-1: 	Системное сообщение	Авторизация успешна
22:53:04: 	Пользователь-1: 	Системное сообщение	Программный комплекс включен
23:01:35: 	Неизвестный пользователь: 	Системное сообщение	Ожидается авторизация пользователя
23:01:35: 	Пользователь-1: 	Системное сообщение	Авторизация успешна
23:01:36: 	Пользователь-1: 	Системное сообщение	Программный комплекс включен
23:03:17: 	Пользователь-1: 	Системное сообщение	Программный комплекс выключен
23:25:01: 	Неизвестный пользователь: 	Системное сообщение	Ожидается авторизация пользователя
23:25:01: 	Пользователь-1: 	Системное сообщение	Авторизация успешна
23:25:02: 	Пользователь-1: 	Системное сообщение	Программный комплекс включен
23:25:50: 	Пользователь-1: 	Системное сообщение	Программный комплекс выключен
