07:02:03: 	Неизвестный пользователь: 	Системное сообщение	Ожидается авторизация пользователя
07:02:03: 	Пользователь-1: 	Системное сообщение	Авторизация успешна
07:02:03: 	Пользователь-1: 	Системное сообщение	Программный комплекс включен
07:02:33: 	Пользователь-1: 	Действие оператора	Изменение настроек поезда: 6304 ЮЖНАЯ - ВОЛГОГРАД: Путь:  -> 1; 
07:02:43: 	Пользователь-1: 	Действие диспетчера	Выставлена нештатная ситуация
07:02:53: 	Пользователь-1: 	Действие оператора	Изменение настроек поезда: 6810 АРЧЕДА - ВОЛГОГРАД: Прибытие: 07:14 -> 07:15; 
07:13:57: 	Неизвестный пользователь: 	Системное сообщение	Ожидается авторизация пользователя
07:13:57: 	Пользователь-1: 	Системное сообщение	Авторизация успешна
07:13:58: 	Пользователь-1: 	Системное сообщение	Программный комплекс включен
07:15:52: 	Пользователь-1: 	Автоматическое воспроизведение статического звукового сообщения	01_Бесхозные вещи
07:31:45: 	Пользователь-1: 	Действие оператора	Изменение настроек поезда: 6326 ШПАЛОПРОПИТКА - ТРАКТОРНАЯ: Путь:  -> 5; 
07:33:27: 	Пользователь-1: 	Системное сообщение	Программный комплекс выключен
16:53:14: 	Неизвестный пользователь: 	Системное сообщение	Ожидается авторизация пользователя
16:53:14: 	Пользователь-1: 	Системное сообщение	Авторизация успешна
16:53:15: 	Пользователь-1: 	Системное сообщение	Программный комплекс включен
16:53:53: 	Пользователь-1: 	Системное сообщение	Программный комплекс выключен
16:53:59: 	Неизвестный пользователь: 	Системное сообщение	Ожидается авторизация пользователя
16:53:59: 	Пользователь-1: 	Системное сообщение	Авторизация успешна
16:53:59: 	Пользователь-1: 	Системное сообщение	Программный комплекс включен
16:58:39: 	Пользователь-1: 	Системное сообщение	Программный комплекс выключен
16:59:45: 	Неизвестный пользователь: 	Системное сообщение	Ожидается авторизация пользователя
16:59:45: 	Пользователь-1: 	Системное сообщение	Авторизация успешна
16:59:45: 	Пользователь-1: 	Системное сообщение	Программный комплекс включен
17:10:32: 	Пользователь-1: 	Автоматическое воспроизведение статического звукового сообщения	д05_Носильщики и не доверяйте свои вещи
17:10:57: 	Пользователь-1: 	Автоматическое воспроизведение статического звукового сообщения	Безопасность на ЖД
17:23:15: 	Неизвестный пользователь: 	Системное сообщение	Ожидается авторизация пользователя
17:23:15: 	Пользователь-1: 	Системное сообщение	Авторизация успешна
17:23:15: 	Пользователь-1: 	Системное сообщение	Программный комплекс включен
17:26:32: 	Пользователь-1: 	Системное сообщение	Программный комплекс выключен
