08:40:26: 	Неизвестный пользователь: 	Системное сообщение	Ожидается авторизация пользователя
08:40:26: 	Тимошкина С.Я.: 	Системное сообщение	Авторизация успешна
08:40:27: 	Тимошкина С.Я.: 	Системное сообщение	Программный комплекс включен
08:40:52: 	Тимошкина С.Я.: 	Системное сообщение	Программный комплекс выключен
08:40:59: 	Неизвестный пользователь: 	Системное сообщение	Ожидается авторизация пользователя
08:40:59: 	Тимошкина С.Я.: 	Системное сообщение	Авторизация успешна
08:41:00: 	Тимошкина С.Я.: 	Системное сообщение	Программный комплекс включен
08:42:32: 	Тимошкина С.Я.: 	Системное сообщение	Программный комплекс выключен
08:42:39: 	Неизвестный пользователь: 	Системное сообщение	Ожидается авторизация пользователя
08:42:39: 	Тимошкина С.Я.: 	Системное сообщение	Авторизация успешна
08:42:44: 	Тимошкина С.Я.: 	Системное сообщение	Программный комплекс включен
08:43:30: 	Тимошкина С.Я.: 	Автоматическое воспроизведение статического звукового сообщения	Места для инвалидов с коляской
08:43:33: 	Тимошкина С.Я.: 	Действие оператора	Работа запрещена
08:43:38: 	Тимошкина С.Я.: 	Системное сообщение	Программный комплекс выключен
08:48:58: 	Неизвестный пользователь: 	Системное сообщение	Ожидается авторизация пользователя
08:48:58: 	Тимошкина С.Я.: 	Системное сообщение	Авторизация успешна
08:48:59: 	Тимошкина С.Я.: 	Системное сообщение	Программный комплекс включен
08:50:28: 	Тимошкина С.Я.: 	Системное сообщение	Программный комплекс выключен
08:53:14: 	Неизвестный пользователь: 	Системное сообщение	Ожидается авторизация пользователя
08:53:14: 	Тимошкина С.Я.: 	Системное сообщение	Авторизация успешна
08:53:15: 	Тимошкина С.Я.: 	Системное сообщение	Программный комплекс включен
08:54:33: 	Тимошкина С.Я.: 	Системное сообщение	Программный комплекс выключен
09:04:29: 	Неизвестный пользователь: 	Системное сообщение	Ожидается авторизация пользователя
09:04:29: 	Тимошкина С.Я.: 	Системное сообщение	Авторизация успешна
09:04:30: 	Тимошкина С.Я.: 	Системное сообщение	Программный комплекс включен
09:05:12: 	Тимошкина С.Я.: 	Действие оператора	Изменение настроек поезда: 31 Хельсинки - Москва: Нум.вагонов: 1 -> 2; 
09:05:56: 	Тимошкина С.Я.: 	Системное сообщение	Программный комплекс выключен
09:12:44: 	Неизвестный пользователь: 	Системное сообщение	Ожидается авторизация пользователя
09:12:44: 	Тимошкина С.Я.: 	Системное сообщение	Авторизация успешна
09:12:45: 	Тимошкина С.Я.: 	Системное сообщение	Программный комплекс включен
09:12:53: 	Тимошкина С.Я.: 	Действие оператора	Изменение настроек поезда: 31 Хельсинки - Москва: Нум.вагонов: 2 -> 1; 
09:13:08: 	Тимошкина С.Я.: 	Действие оператора	Изменение настроек поезда: 31 Хельсинки - Москва: Нум.вагонов: 1 -> 2; 
09:15:41: 	Неизвестный пользователь: 	Системное сообщение	Ожидается авторизация пользователя
09:15:41: 	Тимошкина С.Я.: 	Системное сообщение	Авторизация успешна
09:15:41: 	Тимошкина С.Я.: 	Системное сообщение	Программный комплекс включен
09:15:49: 	Тимошкина С.Я.: 	Действие оператора	Изменение настроек поезда: 31 Хельсинки - Москва: Нум.вагонов: 2 -> 1; 
09:16:10: 	Тимошкина С.Я.: 	Автоматическое воспроизведение статического звукового сообщения	Безхозные весчи
