13:23:36: 	Неизвестный пользователь: 	Системное сообщение	Ожидается авторизация пользователя
13:23:36: 	Пользователь-1: 	Системное сообщение	Авторизация успешна
13:23:36: 	Пользователь-1: 	Системное сообщение	Программный комплекс включен
13:39:23: 	Пользователь-1: 	Системное сообщение	Программный комплекс выключен
13:50:45: 	Неизвестный пользователь: 	Системное сообщение	Ожидается авторизация пользователя
13:50:45: 	Пользователь-1: 	Системное сообщение	Авторизация успешна
13:50:45: 	Пользователь-1: 	Системное сообщение	Программный комплекс включен
13:51:03: 	Пользователь-1: 	Действие оператора	Изменение настроек поезда: 060 КИСЛОВОДСК - НОВОКУЗНЕЦК: Поезд: КИСЛОВОДСК - НОВОКУЗНЕЦК -> ; Ст.Отпр.: КИСЛОВОДСК -> ; Ст.Назн.: НОВОКУЗНЕЦК -> ; 
13:53:05: 	Пользователь-1: 	Системное сообщение	Программный комплекс выключен
13:53:12: 	Неизвестный пользователь: 	Системное сообщение	Ожидается авторизация пользователя
13:53:12: 	Пользователь-1: 	Системное сообщение	Авторизация успешна
13:53:13: 	Пользователь-1: 	Системное сообщение	Программный комплекс включен
13:53:57: 	Пользователь-1: 	Системное сообщение	Программный комплекс выключен
13:54:48: 	Неизвестный пользователь: 	Системное сообщение	Ожидается авторизация пользователя
13:54:48: 	Пользователь-1: 	Системное сообщение	Авторизация успешна
13:54:49: 	Пользователь-1: 	Системное сообщение	Программный комплекс включен
13:55:54: 	Пользователь-1: 	Действие оператора	Изменение настроек поезда: 060 КИСЛОВОДСК - НОВОКУЗНЕЦК: Путь:  -> 1; 
13:58:16: 	Пользователь-1: 	Системное сообщение	Программный комплекс выключен
23:17:28: 	Неизвестный пользователь: 	Системное сообщение	Ожидается авторизация пользователя
23:17:28: 	Пользователь-1: 	Системное сообщение	Авторизация успешна
23:17:28: 	Пользователь-1: 	Системное сообщение	Программный комплекс включен
23:17:45: 	Пользователь-1: 	Системное сообщение	Программный комплекс выключен
