05:42:53: 	Неизвестный пользователь: 	Системное сообщение	Ожидается авторизация пользователя
05:42:53: 	Пользователь-1: 	Системное сообщение	Авторизация успешна
05:42:53: 	Пользователь-1: 	Системное сообщение	Программный комплекс включен
05:52:29: 	Пользователь-1: 	Системное сообщение	Программный комплекс выключен
18:48:21: 	Неизвестный пользователь: 	Системное сообщение	Ожидается авторизация пользователя
18:48:21: 	Пользователь-1: 	Системное сообщение	Авторизация успешна
18:48:21: 	Пользователь-1: 	Системное сообщение	Программный комплекс включен
18:52:42: 	Пользователь-1: 	Действие диспетчера	Выставлена нештатная ситуация
18:52:52: 	Пользователь-1: 	Действие оператора	Изменение настроек поезда: 214 САРАТОВ - РОСТОВ: Путь:  -> 1; 
18:55:52: 	Пользователь-1: 	Автоматическое воспроизведение статического звукового сообщения	01_Бесхозные вещи
18:56:00: 	Пользователь-1: 	Автоматическое воспроизведение сообщения о внештатной ситуации	Формирование звукового сообщения для поезда "№214/213  САРАТОВ - РОСТОВ": гонг уважаемые пассажиры скорый поезд номер 214  сообщением САРАТОВ to РОСТОВ в прибытии задерживается ориентировочное время прибытия Ожидаемое время: 22:41 просьба не покидать здание вокзала гонг уважаемые пассажиры скорый поезд номер 214  сообщением САРАТОВ to РОСТОВ в прибытии задерживается ориентировочное время прибытия Ожидаемое время: 22:41 просьба не покидать здание вокзала . Повтор 1 раз.
18:56:22: 	Пользователь-1: 	Действие диспетчера	Выставлена нештатная ситуация
18:56:22: 	Пользователь-1: 	Действие оператора	Изменение настроек поезда: 6727 ШПАЛОПРОПИТКА - АЭРОПОРТ: Путь:  -> 3приг; 
19:01:00: 	Пользователь-1: 	Автоматическое воспроизведение сообщения о внештатной ситуации	Формирование звукового сообщения для поезда "№6727  ШПАЛОПРОПИТКА - АЭРОПОРТ": гонг уважаемые пассажиры пригородный электропоезд сообщением ШПАЛОПРОПИТКА АЭРОПОРТ в прибытии задерживается ориентировочное время прибытия Ожидаемое время: 19:51 приносим вам извинения за доставленные неудобства . Повтор 1 раз.
19:06:00: 	Пользователь-1: 	Автоматическое воспроизведение сообщения о внештатной ситуации	Формирование звукового сообщения для поезда "№214/213  САРАТОВ - РОСТОВ": гонг уважаемые пассажиры скорый поезд номер 214  сообщением САРАТОВ to РОСТОВ в прибытии задерживается ориентировочное время прибытия Ожидаемое время: 22:41 просьба не покидать здание вокзала гонг уважаемые пассажиры скорый поезд номер 214  сообщением САРАТОВ to РОСТОВ в прибытии задерживается ориентировочное время прибытия Ожидаемое время: 22:41 просьба не покидать здание вокзала . Повтор 1 раз.
19:10:07: 	Пользователь-1: 	Автоматическое воспроизведение статического звукового сообщения	д05_Носильщики и не доверяйте свои вещи
19:10:39: 	Пользователь-1: 	Системное сообщение	Программный комплекс выключен
19:10:53: 	Неизвестный пользователь: 	Системное сообщение	Ожидается авторизация пользователя
19:10:53: 	Пользователь-1: 	Системное сообщение	Авторизация успешна
19:10:54: 	Пользователь-1: 	Системное сообщение	Программный комплекс включен
19:11:00: 	Пользователь-1: 	Автоматическое воспроизведение сообщения о внештатной ситуации	Формирование звукового сообщения для поезда "№6727  ШПАЛОПРОПИТКА - АЭРОПОРТ": гонг уважаемые пассажиры пригородный электропоезд сообщением ШПАЛОПРОПИТКА АЭРОПОРТ в прибытии задерживается ориентировочное время прибытия Ожидаемое время: 19:51 приносим вам извинения за доставленные неудобства . Повтор 1 раз.
19:22:34: 	Пользователь-1: 	Действие диспетчера	Выставлена нештатная ситуация
19:23:04: 	Пользователь-1: 	Действие диспетчера	Выставлена нештатная ситуация
19:24:24: 	Пользователь-1: 	Действие оператора	Изменение настроек поезда: 6727 ШПАЛОПРОПИТКА - АЭРОПОРТ: Путь:  -> 1приг; 
19:25:36: 	Пользователь-1: 	Действие оператора	Изменение настроек поезда: 6745 АЭРОПОРТ - ШПАЛОПРОПИТКА: Путь:  -> 2приг; 
19:26:06: 	Пользователь-1: 	Системное сообщение	Программный комплекс выключен
19:47:28: 	Неизвестный пользователь: 	Системное сообщение	Ожидается авторизация пользователя
19:47:28: 	Пользователь-1: 	Системное сообщение	Авторизация успешна
19:47:29: 	Пользователь-1: 	Системное сообщение	Программный комплекс включен
19:47:29: 	Пользователь-1: 	Действие программы	Поезд 6727 ШПАЛОПРОПИТКА-АЭРОПОРТ 30.11.2018 19:32:00. Ожидаемое время события меньше, чем текущее. Флаг нештатной ситуации снят
19:47:29: 	Пользователь-1: 	Действие программы	Поезд 6745 АЭРОПОРТ-ШПАЛОПРОПИТКА 30.11.2018 19:51:00. Ожидаемое время события меньше, чем текущее. Флаг нештатной ситуации снят
19:48:59: 	Пользователь-1: 	Действие диспетчера	Выставлена нештатная ситуация
19:49:39: 	Пользователь-1: 	Действие диспетчера	Выставлена нештатная ситуация
19:49:39: 	Пользователь-1: 	Действие оператора	Изменение настроек поезда: 6745 АЭРОПОРТ - ШПАЛОПРОПИТКА: Путь:  -> 1приг; 
19:50:08: 	Пользователь-1: 	Системное сообщение	Программный комплекс выключен
19:50:37: 	Неизвестный пользователь: 	Системное сообщение	Ожидается авторизация пользователя
19:50:37: 	Пользователь-1: 	Системное сообщение	Авторизация успешна
19:50:38: 	Пользователь-1: 	Системное сообщение	Программный комплекс включен
19:50:48: 	Пользователь-1: 	Действие оператора	Изменение настроек поезда: 6745 АЭРОПОРТ - ШПАЛОПРОПИТКА: Путь:  -> 1приг; 
19:50:51: 	Пользователь-1: 	Действие оператора	Изменение настроек поезда: 6672 ЛОЖКИ - ВОЛГОГРАД: Путь:  -> 2приг; 
19:50:53: 	Пользователь-1: 	Действие оператора	Изменение настроек поезда: 6729 АЭРОПОРТ - ШПАЛОПРОПИТКА: Путь:  -> 3приг; 
19:52:43: 	Пользователь-1: 	Действие оператора	Изменение настроек поезда: 42 АСТРАХАНЬ - ВОЛГОГРАД: Путь:  -> 1; 
19:52:45: 	Пользователь-1: 	Действие оператора	Изменение настроек поезда: 42 АСТРАХАНЬ - ВОЛГОГРАД: Путь: 1 -> ; 
19:53:19: 	Пользователь-1: 	Действие оператора	Изменение настроек поезда: 6729 АЭРОПОРТ - ШПАЛОПРОПИТКА: Путь:  -> 1приг; 
19:53:59: 	Пользователь-1: 	Действие оператора	Изменение настроек поезда: 6672 ЛОЖКИ - ВОЛГОГРАД: Путь:  -> 5; 
19:54:29: 	Пользователь-1: 	Действие оператора	Изменение настроек поезда: 6672 ЛОЖКИ - ВОЛГОГРАД: Путь: 5 -> 2приг; 
19:55:07: 	Пользователь-1: 	Системное сообщение	Программный комплекс выключен
20:05:58: 	Неизвестный пользователь: 	Системное сообщение	Ожидается авторизация пользователя
20:05:58: 	Пользователь-1: 	Системное сообщение	Авторизация успешна
20:05:59: 	Пользователь-1: 	Системное сообщение	Программный комплекс включен
20:06:39: 	Пользователь-1: 	Действие оператора	Изменение настроек поезда: 6672 ЛОЖКИ - ВОЛГОГРАД: Путь:  -> 3приг; 
20:07:09: 	Пользователь-1: 	Действие оператора	Изменение настроек поезда: 42 АСТРАХАНЬ - ВОЛГОГРАД: Путь:  -> 1; 
20:07:39: 	Пользователь-1: 	Действие оператора	Изменение настроек поезда: 6729 АЭРОПОРТ - ШПАЛОПРОПИТКА: Путь:  -> 2приг; 
20:08:05: 	Пользователь-1: 	Системное сообщение	Программный комплекс выключен
20:28:02: 	Неизвестный пользователь: 	Системное сообщение	Ожидается авторизация пользователя
20:28:02: 	Пользователь-1: 	Системное сообщение	Авторизация успешна
20:28:02: 	Пользователь-1: 	Системное сообщение	Программный комплекс включен
20:34:42: 	Пользователь-1: 	Системное сообщение	Программный комплекс выключен
20:35:29: 	Неизвестный пользователь: 	Системное сообщение	Ожидается авторизация пользователя
20:35:29: 	Пользователь-1: 	Системное сообщение	Авторизация успешна
20:35:30: 	Пользователь-1: 	Системное сообщение	Программный комплекс включен
20:36:00: 	Пользователь-1: 	Действие оператора	Изменение настроек поезда: 6729 АЭРОПОРТ - ШПАЛОПРОПИТКА: Путь:  -> 2приг; 
20:48:48: 	Пользователь-1: 	Системное сообщение	Программный комплекс выключен
