06:23:24: 	Неизвестный пользователь: 	Системное сообщение	Ожидается авторизация пользователя
06:23:24: 	Пользователь-1: 	Системное сообщение	Авторизация успешна
06:23:25: 	Пользователь-1: 	Системное сообщение	Программный комплекс включен
06:25:24: 	Неизвестный пользователь: 	Системное сообщение	Ожидается авторизация пользователя
06:25:24: 	Пользователь-1: 	Системное сообщение	Авторизация успешна
06:25:25: 	Пользователь-1: 	Системное сообщение	Программный комплекс включен
06:26:16: 	Пользователь-1: 	Системное сообщение	Программный комплекс выключен
06:37:52: 	Неизвестный пользователь: 	Системное сообщение	Ожидается авторизация пользователя
06:37:52: 	Пользователь-1: 	Системное сообщение	Авторизация успешна
06:37:53: 	Пользователь-1: 	Системное сообщение	Программный комплекс включен
06:38:58: 	Пользователь-1: 	Системное сообщение	Программный комплекс выключен
06:39:05: 	Неизвестный пользователь: 	Системное сообщение	Ожидается авторизация пользователя
06:39:05: 	Пользователь-1: 	Системное сообщение	Авторизация успешна
06:39:31: 	Пользователь-1: 	Системное сообщение	Программный комплекс выключен
06:52:25: 	Неизвестный пользователь: 	Системное сообщение	Ожидается авторизация пользователя
06:52:25: 	Пользователь-1: 	Системное сообщение	Авторизация успешна
06:52:26: 	Пользователь-1: 	Системное сообщение	Программный комплекс включен
06:52:27: 	Пользователь-1: 	Действие оператора	Работа запрещена
06:53:06: 	Пользователь-1: 	Действие диспетчера	Выставлена нештатная ситуация
06:53:16: 	Пользователь-1: 	Действие оператора	Изменение настроек поезда: 6622 СУРОВИКИНО - ВОЛГОГРАД: Путь:  -> 5; 
06:53:26: 	Пользователь-1: 	Действие диспетчера	Выставлена нештатная ситуация
06:53:26: 	Пользователь-1: 	Действие оператора	Изменение настроек поезда: 6326 ШПАЛОПРОПИТКА - ТРАКТОРНАЯ: Путь:  -> 2; 
06:53:46: 	Пользователь-1: 	Системное сообщение	Программный комплекс выключен
