00:12:18: 	Неизвестный пользователь: 	Системное сообщение	Ожидается авторизация пользователя
00:12:18: 	Пользователь-1: 	Системное сообщение	Авторизация успешна
00:12:19: 	Пользователь-1: 	Системное сообщение	Программный комплекс включен
00:12:19: 	Пользователь-1: 	Действие программы	Ожидаемое время события меньше, чем текущее. Флаг нештатной ситуации снят
00:12:19: 	Пользователь-1: 	Действие программы	Ожидаемое время события меньше, чем текущее. Флаг нештатной ситуации снят
00:12:19: 	Пользователь-1: 	Действие программы	Ожидаемое время события меньше, чем текущее. Флаг нештатной ситуации снят
00:12:19: 	Пользователь-1: 	Действие программы	Ожидаемое время события меньше, чем текущее. Флаг нештатной ситуации снят
00:12:21: 	Пользователь-1: 	Системное сообщение	Программный комплекс выключен
01:24:00: 	Неизвестный пользователь: 	Системное сообщение	Ожидается авторизация пользователя
01:24:00: 	Неизвестный пользователь: 	Системное сообщение	Программа закрыта без авторизации
02:13:02: 	Неизвестный пользователь: 	Системное сообщение	Ожидается авторизация пользователя
02:13:02: 	Пользователь-1: 	Системное сообщение	Авторизация успешна
02:13:02: 	Пользователь-1: 	Системное сообщение	Программный комплекс включен
02:13:21: 	Пользователь-1: 	Системное сообщение	Программный комплекс выключен
08:53:35: 	Неизвестный пользователь: 	Системное сообщение	Ожидается авторизация пользователя
08:53:35: 	Пользователь-1: 	Системное сообщение	Авторизация успешна
08:53:35: 	Пользователь-1: 	Системное сообщение	Программный комплекс включен
08:53:51: 	Пользователь-1: 	Системное сообщение	Программный комплекс выключен
09:13:55: 	Неизвестный пользователь: 	Системное сообщение	Ожидается авторизация пользователя
09:13:55: 	Пользователь-1: 	Системное сообщение	Авторизация успешна
09:13:55: 	Пользователь-1: 	Системное сообщение	Программный комплекс включен
09:13:58: 	Пользователь-1: 	Системное сообщение	Программный комплекс выключен
09:21:37: 	Неизвестный пользователь: 	Системное сообщение	Ожидается авторизация пользователя
09:21:37: 	Пользователь-1: 	Системное сообщение	Авторизация успешна
09:21:37: 	Пользователь-1: 	Системное сообщение	Программный комплекс включен
09:21:38: 	Пользователь-1: 	Действие программы	Ожидаемое время события меньше, чем текущее. Флаг нештатной ситуации снят
09:21:39: 	Пользователь-1: 	Системное сообщение	Программный комплекс выключен
14:12:31: 	Неизвестный пользователь: 	Системное сообщение	Ожидается авторизация пользователя
14:12:31: 	Пользователь-1: 	Системное сообщение	Авторизация успешна
14:12:32: 	Пользователь-1: 	Системное сообщение	Программный комплекс включен
14:15:08: 	Неизвестный пользователь: 	Системное сообщение	Ожидается авторизация пользователя
14:15:08: 	Пользователь-1: 	Системное сообщение	Авторизация успешна
14:15:09: 	Пользователь-1: 	Системное сообщение	Программный комплекс включен
14:15:57: 	Пользователь-1: 	Системное сообщение	Программный комплекс выключен
14:25:25: 	Неизвестный пользователь: 	Системное сообщение	Ожидается авторизация пользователя
14:25:25: 	Пользователь-1: 	Системное сообщение	Авторизация успешна
14:25:26: 	Пользователь-1: 	Системное сообщение	Программный комплекс включен
14:26:14: 	Пользователь-1: 	Системное сообщение	Программный комплекс выключен
14:27:28: 	Неизвестный пользователь: 	Системное сообщение	Ожидается авторизация пользователя
14:27:28: 	Пользователь-1: 	Системное сообщение	Авторизация успешна
14:27:29: 	Пользователь-1: 	Системное сообщение	Программный комплекс включен
14:28:10: 	Пользователь-1: 	Системное сообщение	Программный комплекс выключен
14:28:16: 	Неизвестный пользователь: 	Системное сообщение	Ожидается авторизация пользователя
14:28:16: 	Пользователь-1: 	Системное сообщение	Авторизация успешна
14:28:17: 	Пользователь-1: 	Системное сообщение	Программный комплекс включен
14:29:03: 	Пользователь-1: 	Системное сообщение	Программный комплекс выключен
14:32:08: 	Неизвестный пользователь: 	Системное сообщение	Ожидается авторизация пользователя
14:32:08: 	Пользователь-1: 	Системное сообщение	Авторизация успешна
14:32:09: 	Пользователь-1: 	Системное сообщение	Программный комплекс включен
14:41:12: 	Пользователь-1: 	Системное сообщение	Программный комплекс выключен
14:45:40: 	Неизвестный пользователь: 	Системное сообщение	Ожидается авторизация пользователя
14:45:40: 	Пользователь-1: 	Системное сообщение	Авторизация успешна
14:45:40: 	Пользователь-1: 	Системное сообщение	Программный комплекс включен
14:47:32: 	Пользователь-1: 	Действие оператора	Изменение настроек поезда: 242 АДЛЕР - ИРКУТСК: Отправление: 13:24 -> 13:25; 
14:47:34: 	Пользователь-1: 	Системное сообщение	Программный комплекс выключен
14:47:42: 	Неизвестный пользователь: 	Системное сообщение	Ожидается авторизация пользователя
14:47:42: 	Пользователь-1: 	Системное сообщение	Авторизация успешна
14:47:42: 	Пользователь-1: 	Системное сообщение	Программный комплекс включен
14:48:11: 	Пользователь-1: 	Системное сообщение	Программный комплекс выключен
14:52:13: 	Неизвестный пользователь: 	Системное сообщение	Ожидается авторизация пользователя
14:52:13: 	Пользователь-1: 	Системное сообщение	Авторизация успешна
14:52:14: 	Пользователь-1: 	Системное сообщение	Программный комплекс включен
14:52:48: 	Пользователь-1: 	Системное сообщение	Программный комплекс выключен
16:27:09: 	Неизвестный пользователь: 	Системное сообщение	Ожидается авторизация пользователя
16:27:09: 	Пользователь-1: 	Системное сообщение	Авторизация успешна
16:27:10: 	Пользователь-1: 	Системное сообщение	Программный комплекс включен
16:27:21: 	Пользователь-1: 	Системное сообщение	Программный комплекс выключен
17:14:21: 	Неизвестный пользователь: 	Системное сообщение	Ожидается авторизация пользователя
17:14:21: 	Пользователь-1: 	Системное сообщение	Авторизация успешна
17:14:22: 	Пользователь-1: 	Системное сообщение	Программный комплекс включен
17:14:22: 	Пользователь-1: 	Действие программы	Ожидаемое время события меньше, чем текущее. Флаг нештатной ситуации снят
17:14:25: 	Пользователь-1: 	Системное сообщение	Программный комплекс выключен
