13:05:45: 	Тимошкина С.Я.: 	Повагонная навигация	Принят состав поезда №759 С.Петербург Москва 27 ноября 2018 г.. Информация о вагонах отсутствует. Нумерация: С хвоста
13:05:45: 	Тимошкина С.Я.: 	Повагонная навигация	Принят состав поезда №766 Москва С.Петербург 27 ноября 2018 г.. Информация о вагонах отсутствует. Нумерация: С хвоста
13:05:45: 	Тимошкина С.Я.: 	Повагонная навигация	Принят состав поезда №748 Москва С.Петербург 27 ноября 2018 г.. Вагоны: 0 11 9 8 6 5 41 4 3 2. Нумерация: С хвоста
13:17:33: 	Тимошкина С.Я.: 	Повагонная навигация	Принят состав поезда №766 Москва С.Петербург 27 ноября 2018 г.. Информация о вагонах отсутствует. Нумерация: С хвоста
13:17:33: 	Тимошкина С.Я.: 	Повагонная навигация	Принят состав поезда №748 Москва С.Петербург 27 ноября 2018 г.. Вагоны: 0 11 9 8 6 5 41 4 3 2. Нумерация: С хвоста
13:20:50: 	Тимошкина С.Я.: 	Повагонная навигация	Принят состав поезда №766 Москва С.Петербург 27 ноября 2018 г.. Информация о вагонах отсутствует. Нумерация: С хвоста
13:20:50: 	Тимошкина С.Я.: 	Повагонная навигация	Принят состав поезда №748 Москва С.Петербург 27 ноября 2018 г.. Вагоны: 0 11 9 8 6 5 41 4 3 2. Нумерация: С хвоста
13:26:12: 	Тимошкина С.Я.: 	Повагонная навигация	Принят состав поезда №766 Москва С.Петербург 27 ноября 2018 г.. Информация о вагонах отсутствует. Нумерация: С хвоста
13:26:12: 	Тимошкина С.Я.: 	Повагонная навигация	Принят состав поезда №748 Москва С.Петербург 27 ноября 2018 г.. Вагоны: 0 11 9 8 6 5 41 4 3 2. Нумерация: С хвоста
13:41:58: 	Тимошкина С.Я.: 	Повагонная навигация	Принят состав поезда №766 Москва С.Петербург 27 ноября 2018 г.. Информация о вагонах отсутствует. Нумерация: С головы
13:41:58: 	Тимошкина С.Я.: 	Повагонная навигация	Принят состав поезда №748 Москва С.Петербург 27 ноября 2018 г.. Вагоны: 0 11 9 8 6 5 41 4 3 2. Нумерация: С хвоста
13:57:13: 	Тимошкина С.Я.: 	Повагонная навигация	Принят состав поезда №766 Москва С.Петербург 27 ноября 2018 г.. Информация о вагонах отсутствует. Нумерация: С головы
13:57:13: 	Тимошкина С.Я.: 	Повагонная навигация	Принят состав поезда №748 Москва С.Петербург 27 ноября 2018 г.. Вагоны: 0 11 9 8 6 5 41 4 3 2. Нумерация: С хвоста
14:23:26: 	Тимошкина С.Я.: 	Повагонная навигация	Принят состав поезда №766 Москва С.Петербург 27 ноября 2018 г.. Информация о вагонах отсутствует. Нумерация: С головы
14:23:26: 	Тимошкина С.Я.: 	Повагонная навигация	Принят состав поезда №748 Москва С.Петербург 27 ноября 2018 г.. Вагоны: 0 11 9 8 6 5 41 4 3 2. Нумерация: С хвоста
14:28:40: 	Тимошкина С.Я.: 	Повагонная навигация	Принят состав поезда №766 Москва С.Петербург 27 ноября 2018 г.. Информация о вагонах отсутствует. Нумерация: С головы
14:28:40: 	Тимошкина С.Я.: 	Повагонная навигация	Принят состав поезда №748 Москва С.Петербург 27 ноября 2018 г.. Вагоны: 0 11 9 8 6 5 41 4 3 2. Нумерация: С хвоста
14:30:34: 	Тимошкина С.Я.: 	Повагонная навигация	Принят состав поезда №748 Москва С.Петербург 27 ноября 2018 г.. Вагоны: 0 11 9 8 6 5 41 4 3 2. Нумерация: С хвоста
19:12:46: 	Тимошкина С.Я.: 	Повагонная навигация	Принят состав поезда №778 Москва С.Петербург 27 ноября 2018 г.. Информация о вагонах отсутствует. Нумерация: С головы
19:12:46: 	Тимошкина С.Я.: 	Повагонная навигация	Принят состав поезда №92 Москва Мурманск 27 ноября 2018 г.. Вагоны: 0 47 15 14 13 12 11 10 9 8 41 7 6 5. Нумерация: С хвоста
19:36:07: 	Тимошкина С.Я.: 	Повагонная навигация	Принят состав поезда №776 Москва С.Петербург 27 ноября 2018 г.. Информация о вагонах отсутствует. Нумерация: С головы
19:36:07: 	Тимошкина С.Я.: 	Повагонная навигация	Принят состав поезда №778 Москва С.Петербург 27 ноября 2018 г.. Информация о вагонах отсутствует. Нумерация: С головы
19:36:07: 	Тимошкина С.Я.: 	Повагонная навигация	Принят состав поезда №92 Москва Мурманск 27 ноября 2018 г.. Вагоны: 0 47 15 14 13 12 11 10 9 8 41 7 6 5. Нумерация: С хвоста
19:36:07: 	Тимошкина С.Я.: 	Повагонная навигация	Принят состав поезда №10 Москва Псков 27 ноября 2018 г.. Вагоны: 0 87 88 3 4 5 6 7 8 9 41 10 13 14 15 16. Нумерация: С головы
19:39:13: 	Тимошкина С.Я.: 	Повагонная навигация	Принят состав поезда №776 Москва С.Петербург 27 ноября 2018 г.. Информация о вагонах отсутствует. Нумерация: С головы
19:39:13: 	Тимошкина С.Я.: 	Повагонная навигация	Принят состав поезда №778 Москва С.Петербург 27 ноября 2018 г.. Информация о вагонах отсутствует. Нумерация: С головы
19:39:13: 	Тимошкина С.Я.: 	Повагонная навигация	Принят состав поезда №92 Москва Мурманск 27 ноября 2018 г.. Вагоны: 0 47 15 14 13 12 11 10 9 8 41 7 6 5. Нумерация: С хвоста
19:39:13: 	Тимошкина С.Я.: 	Повагонная навигация	Принят состав поезда №10 Москва Псков 27 ноября 2018 г.. Вагоны: 0 87 88 3 4 5 6 7 8 9 41 10 13 14 15 16. Нумерация: С головы
19:41:13: 	Тимошкина С.Я.: 	Повагонная навигация	Изменен состав поезда №10 Москва Псков 27 ноября 2018 г.. Вагоны: 0 87 88 3 4 5 6 7 8 9 41 10 13 14 15 16. Нумерация: С головы
19:41:43: 	Тимошкина С.Я.: 	Повагонная навигация	Изменен состав поезда №10 Москва Псков 27 ноября 2018 г.. Вагоны: 0 87 88 3 4 5 6 7 8 9 41 10 13 14 15 16. Нумерация: С головы
19:53:54: 	Тимошкина С.Я.: 	Повагонная навигация	Принят состав поезда №776 Москва С.Петербург 27 ноября 2018 г.. Информация о вагонах отсутствует. Нумерация: С головы
19:53:54: 	Тимошкина С.Я.: 	Повагонная навигация	Принят состав поезда №778 Москва С.Петербург 27 ноября 2018 г.. Информация о вагонах отсутствует. Нумерация: С головы
19:53:54: 	Тимошкина С.Я.: 	Повагонная навигация	Принят состав поезда №92 Москва Мурманск 27 ноября 2018 г.. Вагоны: 0 47 15 14 13 12 11 10 9 8 41 7 6 5. Нумерация: С хвоста
19:53:54: 	Тимошкина С.Я.: 	Повагонная навигация	Принят состав поезда №10 Москва Псков 27 ноября 2018 г.. Вагоны: 0 87 88 3 4 5 6 7 8 9 41 10 13 14 15 16. Нумерация: С головы
20:05:10: 	Тимошкина С.Я.: 	Повагонная навигация	Принят состав поезда №776 Москва С.Петербург 27 ноября 2018 г.. Информация о вагонах отсутствует. Нумерация: С головы
20:05:10: 	Тимошкина С.Я.: 	Повагонная навигация	Принят состав поезда №778 Москва С.Петербург 27 ноября 2018 г.. Информация о вагонах отсутствует. Нумерация: С головы
20:05:10: 	Тимошкина С.Я.: 	Повагонная навигация	Принят состав поезда №92 Москва Мурманск 27 ноября 2018 г.. Вагоны: 0 47 15 14 13 12 11 10 9 8 41 7 6 5. Нумерация: С хвоста
20:05:10: 	Тимошкина С.Я.: 	Повагонная навигация	Принят состав поезда №10 Москва Псков 27 ноября 2018 г.. Вагоны: 0 87 88 3 4 5 6 7 8 9 41 10 13 14 15 16. Нумерация: С головы
20:05:10: 	Тимошкина С.Я.: 	Повагонная навигация	Принят состав поезда №773 С.Петербург Москва 27 ноября 2018 г.. Информация о вагонах отсутствует. Нумерация: С хвоста
20:05:10: 	Тимошкина С.Я.: 	Повагонная навигация	Принят состав поезда №18 Москва Петрозаводск 27 ноября 2018 г.. Вагоны: 0 87 88 89 15 13 12 11 10 9 8 41 7 6 5 4 1. Нумерация: С хвоста
20:38:59: 	Тимошкина С.Я.: 	Повагонная навигация	Принят состав поезда №778 Москва С.Петербург 27 ноября 2018 г.. Информация о вагонах отсутствует. Нумерация: С головы
20:38:59: 	Тимошкина С.Я.: 	Повагонная навигация	Принят состав поезда №92 Москва Мурманск 27 ноября 2018 г.. Вагоны: 0 47 15 14 13 12 11 10 9 8 41 7 6 5. Нумерация: С хвоста
20:38:59: 	Тимошкина С.Я.: 	Повагонная навигация	Принят состав поезда №10 Москва Псков 27 ноября 2018 г.. Вагоны: 0 87 88 3 4 5 6 7 8 9 41 10 13 14 15 16. Нумерация: С головы
20:38:59: 	Тимошкина С.Я.: 	Повагонная навигация	Принят состав поезда №773 С.Петербург Москва 27 ноября 2018 г.. Информация о вагонах отсутствует. Нумерация: С хвоста
20:38:59: 	Тимошкина С.Я.: 	Повагонная навигация	Принят состав поезда №18 Москва Петрозаводск 27 ноября 2018 г.. Вагоны: 0 87 88 89 15 13 12 11 10 9 8 41 7 6 5 4 1. Нумерация: С хвоста
20:38:59: 	Тимошкина С.Я.: 	Повагонная навигация	Принят состав поезда №24 Москва С.Петербург 27 ноября 2018 г.. Вагоны: 0 11 10 8 7 6 5 4 3 2 1. Нумерация: С хвоста
20:41:16: 	Тимошкина С.Я.: 	Повагонная навигация	Принят состав поезда №92 Москва Мурманск 27 ноября 2018 г.. Вагоны: 0 47 15 14 13 12 11 10 9 8 41 7 6 5. Нумерация: С хвоста
20:41:16: 	Тимошкина С.Я.: 	Повагонная навигация	Принят состав поезда №10 Москва Псков 27 ноября 2018 г.. Вагоны: 0 87 88 3 4 5 6 7 8 9 41 10 13 14 15 16. Нумерация: С головы
20:41:16: 	Тимошкина С.Я.: 	Повагонная навигация	Принят состав поезда №773 С.Петербург Москва 27 ноября 2018 г.. Информация о вагонах отсутствует. Нумерация: С хвоста
20:41:16: 	Тимошкина С.Я.: 	Повагонная навигация	Принят состав поезда №18 Москва Петрозаводск 27 ноября 2018 г.. Вагоны: 0 87 88 89 15 13 12 11 10 9 8 41 7 6 5 4 1. Нумерация: С хвоста
20:41:16: 	Тимошкина С.Я.: 	Повагонная навигация	Принят состав поезда №24 Москва С.Петербург 27 ноября 2018 г.. Вагоны: 0 11 10 8 7 6 5 4 3 2 1. Нумерация: С хвоста
20:42:53: 	Тимошкина С.Я.: 	Повагонная навигация	Принят состав поезда №92 Москва Мурманск 27 ноября 2018 г.. Вагоны: 0 47 15 14 13 12 11 10 9 8 41 7 6 5. Нумерация: С хвоста
20:42:53: 	Тимошкина С.Я.: 	Повагонная навигация	Принят состав поезда №10 Москва Псков 27 ноября 2018 г.. Вагоны: 0 87 88 3 4 5 6 7 8 9 41 10 13 14 15 16. Нумерация: С головы
20:42:53: 	Тимошкина С.Я.: 	Повагонная навигация	Принят состав поезда №773 С.Петербург Москва 27 ноября 2018 г.. Информация о вагонах отсутствует. Нумерация: С хвоста
20:42:53: 	Тимошкина С.Я.: 	Повагонная навигация	Принят состав поезда №18 Москва Петрозаводск 27 ноября 2018 г.. Вагоны: 0 87 88 89 15 13 12 11 10 9 8 41 7 6 5 4 1. Нумерация: С хвоста
20:42:53: 	Тимошкина С.Я.: 	Повагонная навигация	Принят состав поезда №24 Москва С.Петербург 27 ноября 2018 г.. Вагоны: 0 11 10 8 7 6 5 4 3 2 1. Нумерация: С хвоста
20:48:33: 	Тимошкина С.Я.: 	Повагонная навигация	Принят состав поезда №92 Москва Мурманск 27 ноября 2018 г.. Вагоны: 0 47 15 14 13 12 11 10 9 8 41 7 6 5. Нумерация: С хвоста
20:48:33: 	Тимошкина С.Я.: 	Повагонная навигация	Принят состав поезда №10 Москва Псков 27 ноября 2018 г.. Вагоны: 0 87 88 3 4 5 6 7 8 9 41 10 13 14 15 16. Нумерация: С головы
20:48:33: 	Тимошкина С.Я.: 	Повагонная навигация	Принят состав поезда №773 С.Петербург Москва 27 ноября 2018 г.. Информация о вагонах отсутствует. Нумерация: С хвоста
20:48:33: 	Тимошкина С.Я.: 	Повагонная навигация	Принят состав поезда №18 Москва Петрозаводск 27 ноября 2018 г.. Вагоны: 0 87 88 89 15 13 12 11 10 9 8 41 7 6 5 4 1. Нумерация: С хвоста
20:48:33: 	Тимошкина С.Я.: 	Повагонная навигация	Принят состав поезда №24 Москва С.Петербург 27 ноября 2018 г.. Вагоны: 0 11 10 8 7 6 5 4 3 2 1. Нумерация: С хвоста
21:14:10: 	Тимошкина С.Я.: 	Повагонная навигация	Принят состав поезда №10 Москва Псков 27 ноября 2018 г.. Вагоны: 0 87 88 3 4 5 6 7 8 9 41 10 13 14 15 16. Нумерация: С головы
21:14:10: 	Тимошкина С.Я.: 	Повагонная навигация	Принят состав поезда №780 Москва С.Петербург 27 ноября 2018 г.. Информация о вагонах отсутствует. Нумерация: С головы
21:14:10: 	Тимошкина С.Я.: 	Повагонная навигация	Принят состав поезда №18 Москва Петрозаводск 27 ноября 2018 г.. Вагоны: 0 87 88 89 15 13 12 11 10 9 8 41 7 6 5 4 1. Нумерация: С хвоста
21:14:10: 	Тимошкина С.Я.: 	Повагонная навигация	Принят состав поезда №24 Москва С.Петербург 27 ноября 2018 г.. Вагоны: 0 11 10 8 7 6 5 4 3 2 1. Нумерация: С хвоста
21:14:10: 	Тимошкина С.Я.: 	Повагонная навигация	Принят состав поезда №26 Москва С.Петербург 27 ноября 2018 г.. Вагоны: 0 11 9 41 8 7 6 5 4 3 2 1. Нумерация: С хвоста
21:14:10: 	Тимошкина С.Я.: 	Повагонная навигация	Принят состав поезда №42 Москва В.Новгород 27 ноября 2018 г.. Вагоны: 0 2 3 41 4 5 6 7 8 9. Нумерация: С головы
21:15:27: 	Тимошкина С.Я.: 	Повагонная навигация	Принят состав поезда №10 Москва Псков 27 ноября 2018 г.. Вагоны: 0 87 88 3 4 5 6 7 8 9 41 10 13 14 15 16. Нумерация: С головы
21:15:27: 	Тимошкина С.Я.: 	Повагонная навигация	Принят состав поезда №780 Москва С.Петербург 27 ноября 2018 г.. Информация о вагонах отсутствует. Нумерация: С головы
21:15:27: 	Тимошкина С.Я.: 	Повагонная навигация	Принят состав поезда №18 Москва Петрозаводск 27 ноября 2018 г.. Вагоны: 0 87 88 89 15 13 12 11 10 9 8 41 7 6 5 4 1. Нумерация: С хвоста
21:15:27: 	Тимошкина С.Я.: 	Повагонная навигация	Принят состав поезда №24 Москва С.Петербург 27 ноября 2018 г.. Вагоны: 0 11 10 8 7 6 5 4 3 2 1. Нумерация: С хвоста
21:15:27: 	Тимошкина С.Я.: 	Повагонная навигация	Принят состав поезда №26 Москва С.Петербург 27 ноября 2018 г.. Вагоны: 0 11 9 41 8 7 6 5 4 3 2 1. Нумерация: С хвоста
21:15:27: 	Тимошкина С.Я.: 	Повагонная навигация	Принят состав поезда №42 Москва В.Новгород 27 ноября 2018 г.. Вагоны: 0 2 3 41 4 5 6 7 8 9. Нумерация: С головы
21:15:27: 	Тимошкина С.Я.: 	Повагонная навигация	Принят состав поезда №34 Москва Таллинн 27 ноября 2018 г.. Вагоны: 0 6 7 8 9 13 14 15 41 16 17. Нумерация: С головы
21:19:55: 	Тимошкина С.Я.: 	Повагонная навигация	Принят состав поезда №10 Москва Псков 27 ноября 2018 г.. Вагоны: 0 87 88 3 4 5 6 7 8 9 41 10 13 14 15 16. Нумерация: С головы
21:19:55: 	Тимошкина С.Я.: 	Повагонная навигация	Принят состав поезда №780 Москва С.Петербург 27 ноября 2018 г.. Информация о вагонах отсутствует. Нумерация: С головы
21:19:55: 	Тимошкина С.Я.: 	Повагонная навигация	Принят состав поезда №18 Москва Петрозаводск 27 ноября 2018 г.. Вагоны: 0 87 88 89 15 13 12 11 10 9 8 41 7 6 5 4 1. Нумерация: С хвоста
21:19:55: 	Тимошкина С.Я.: 	Повагонная навигация	Принят состав поезда №24 Москва С.Петербург 27 ноября 2018 г.. Вагоны: 0 11 10 8 7 6 5 4 3 2 1. Нумерация: С хвоста
21:19:55: 	Тимошкина С.Я.: 	Повагонная навигация	Принят состав поезда №26 Москва С.Петербург 27 ноября 2018 г.. Вагоны: 0 11 9 41 8 7 6 5 4 3 2 1. Нумерация: С хвоста
21:19:55: 	Тимошкина С.Я.: 	Повагонная навигация	Принят состав поезда №42 Москва В.Новгород 27 ноября 2018 г.. Вагоны: 0 2 3 41 4 5 6 7 8 9. Нумерация: С головы
21:19:55: 	Тимошкина С.Я.: 	Повагонная навигация	Принят состав поезда №34 Москва Таллинн 27 ноября 2018 г.. Вагоны: 0 6 7 8 9 13 14 15 41 16 17. Нумерация: С головы
21:23:24: 	Тимошкина С.Я.: 	Повагонная навигация	Принят состав поезда №780 Москва С.Петербург 27 ноября 2018 г.. Информация о вагонах отсутствует. Нумерация: С головы
21:23:24: 	Тимошкина С.Я.: 	Повагонная навигация	Принят состав поезда №18 Москва Петрозаводск 27 ноября 2018 г.. Вагоны: 0 87 88 89 15 13 12 11 10 9 8 41 7 6 5 4 1. Нумерация: С хвоста
21:23:24: 	Тимошкина С.Я.: 	Повагонная навигация	Принят состав поезда №24 Москва С.Петербург 27 ноября 2018 г.. Вагоны: 0 11 10 8 7 6 5 4 3 2 1. Нумерация: С хвоста
21:23:24: 	Тимошкина С.Я.: 	Повагонная навигация	Принят состав поезда №26 Москва С.Петербург 27 ноября 2018 г.. Вагоны: 0 11 9 41 8 7 6 5 4 3 2 1. Нумерация: С хвоста
21:23:24: 	Тимошкина С.Я.: 	Повагонная навигация	Принят состав поезда №42 Москва В.Новгород 27 ноября 2018 г.. Вагоны: 0 2 3 41 4 5 6 7 8 9. Нумерация: С головы
21:23:24: 	Тимошкина С.Я.: 	Повагонная навигация	Принят состав поезда №34 Москва Таллинн 27 ноября 2018 г.. Вагоны: 0 6 7 8 9 13 14 15 41 16 17. Нумерация: С головы
21:33:56: 	Тимошкина С.Я.: 	Повагонная навигация	Принят состав поезда №780 Москва С.Петербург 27 ноября 2018 г.. Информация о вагонах отсутствует. Нумерация: С головы
21:33:56: 	Тимошкина С.Я.: 	Повагонная навигация	Принят состав поезда №18 Москва Петрозаводск 27 ноября 2018 г.. Вагоны: 0 87 88 89 15 13 12 11 10 9 8 41 7 6 5 4 1. Нумерация: С хвоста
21:33:56: 	Тимошкина С.Я.: 	Повагонная навигация	Принят состав поезда №24 Москва С.Петербург 27 ноября 2018 г.. Вагоны: 0 11 10 8 7 6 5 4 3 2 1. Нумерация: С хвоста
21:33:56: 	Тимошкина С.Я.: 	Повагонная навигация	Принят состав поезда №26 Москва С.Петербург 27 ноября 2018 г.. Вагоны: 0 11 9 41 8 7 6 5 4 3 2 1. Нумерация: С хвоста
21:33:56: 	Тимошкина С.Я.: 	Повагонная навигация	Принят состав поезда №42 Москва В.Новгород 27 ноября 2018 г.. Вагоны: 0 2 3 41 4 5 6 7 8 9. Нумерация: С головы
21:33:56: 	Тимошкина С.Я.: 	Повагонная навигация	Принят состав поезда №34 Москва Таллинн 27 ноября 2018 г.. Вагоны: 0 6 7 8 9 13 14 15 41 16 17. Нумерация: С головы
21:33:56: 	Тимошкина С.Я.: 	Повагонная навигация	Принят состав поезда №28 Москва С.Петербург 27 ноября 2018 г.. Вагоны: 0 1 2 3 4 5 6 7 8 9 41 10 11 12 13. Нумерация: С головы
21:41:26: 	Тимошкина С.Я.: 	Повагонная навигация	Изменен состав поезда №34 Москва Таллинн 27 ноября 2018 г.. Вагоны: 0 6 7 8 9 13 14 15 41 16 17. Нумерация: С головы
21:43:42: 	Тимошкина С.Я.: 	Повагонная навигация	Принят состав поезда №780 Москва С.Петербург 27 ноября 2018 г.. Информация о вагонах отсутствует. Нумерация: С головы
21:43:42: 	Тимошкина С.Я.: 	Повагонная навигация	Принят состав поезда №18 Москва Петрозаводск 27 ноября 2018 г.. Вагоны: 0 87 88 89 15 13 12 11 10 9 8 41 7 6 5 4 1. Нумерация: С хвоста
21:43:42: 	Тимошкина С.Я.: 	Повагонная навигация	Принят состав поезда №24 Москва С.Петербург 27 ноября 2018 г.. Вагоны: 0 11 10 8 7 6 5 4 3 2 1. Нумерация: С хвоста
21:43:42: 	Тимошкина С.Я.: 	Повагонная навигация	Принят состав поезда №26 Москва С.Петербург 27 ноября 2018 г.. Вагоны: 0 11 9 41 8 7 6 5 4 3 2 1. Нумерация: С хвоста
21:43:42: 	Тимошкина С.Я.: 	Повагонная навигация	Принят состав поезда №42 Москва В.Новгород 27 ноября 2018 г.. Вагоны: 0 2 3 41 4 5 6 7 8 9. Нумерация: С головы
21:43:42: 	Тимошкина С.Я.: 	Повагонная навигация	Принят состав поезда №34 Москва Таллинн 27 ноября 2018 г.. Вагоны: 0 6 7 8 9 13 14 15 41 16 17. Нумерация: С головы
21:43:42: 	Тимошкина С.Я.: 	Повагонная навигация	Принят состав поезда №28 Москва С.Петербург 27 ноября 2018 г.. Вагоны: 0 1 2 3 4 5 6 7 8 9 41 10 11 12 13. Нумерация: С головы
21:50:12: 	Тимошкина С.Я.: 	Повагонная навигация	Принят состав поезда №6 Москва С.Петербург 27 ноября 2018 г.. Вагоны: 0 12 11 10 9 41 8 7 6 5 4 3 2 1. Нумерация: С хвоста
21:52:42: 	Тимошкина С.Я.: 	Повагонная навигация	Принят состав поезда №780 Москва С.Петербург 27 ноября 2018 г.. Информация о вагонах отсутствует. Нумерация: С головы
21:52:42: 	Тимошкина С.Я.: 	Повагонная навигация	Принят состав поезда №18 Москва Петрозаводск 27 ноября 2018 г.. Вагоны: 0 87 88 89 15 13 12 11 10 9 8 41 7 6 5 4 1. Нумерация: С хвоста
21:52:42: 	Тимошкина С.Я.: 	Повагонная навигация	Принят состав поезда №24 Москва С.Петербург 27 ноября 2018 г.. Вагоны: 0 11 10 8 7 6 5 4 3 2 1. Нумерация: С хвоста
21:52:42: 	Тимошкина С.Я.: 	Повагонная навигация	Принят состав поезда №26 Москва С.Петербург 27 ноября 2018 г.. Вагоны: 0 11 9 41 8 7 6 5 4 3 2 1. Нумерация: С хвоста
21:52:42: 	Тимошкина С.Я.: 	Повагонная навигация	Принят состав поезда №42 Москва В.Новгород 27 ноября 2018 г.. Вагоны: 0 2 3 41 4 5 6 7 8 9. Нумерация: С головы
21:52:42: 	Тимошкина С.Я.: 	Повагонная навигация	Принят состав поезда №34 Москва Таллинн 27 ноября 2018 г.. Вагоны: 0 6 7 8 9 13 14 15 41 16 17. Нумерация: С головы
21:52:42: 	Тимошкина С.Я.: 	Повагонная навигация	Принят состав поезда №28 Москва С.Петербург 27 ноября 2018 г.. Вагоны: 0 1 2 3 4 5 6 7 8 9 41 10 11 12 13. Нумерация: С головы
21:52:42: 	Тимошкина С.Я.: 	Повагонная навигация	Принят состав поезда №6 Москва С.Петербург 27 ноября 2018 г.. Вагоны: 0 12 11 10 9 41 8 7 6 5 4 3 2 1. Нумерация: С хвоста
