07:24:02: 	Пользователь-1: 	Повагонная навигация	Состав поезда №128 КРАСНОЯРСК АДЛЕР 14 ноября 2018 г. не имеет вагонов. Вагоны: Информация о вагонах отсутствует. Нумерация: 
07:24:02: 	Пользователь-1: 	Повагонная навигация	Принят состав поезда №128 КРАСНОЯРСК АДЛЕР 14 ноября 2018 г.. Вагоны: Информация о вагонах отсутствует. Нумерация: 
08:02:00: 	Пользователь-1: 	Повагонная навигация	Принят состав поезда №2 МОСКВА ВОЛГОГРАД 14 ноября 2018 г.. Вагоны: 0 2 3 4 5 6 41 7 15 16 17 18 19. Нумерация: 
08:02:00: 	Пользователь-1: 	Повагонная навигация	Состав поезда №128 КРАСНОЯРСК АДЛЕР 14 ноября 2018 г. не имеет вагонов. Вагоны: Информация о вагонах отсутствует. Нумерация: 
08:02:00: 	Пользователь-1: 	Повагонная навигация	Принят состав поезда №128 КРАСНОЯРСК АДЛЕР 14 ноября 2018 г.. Вагоны: Информация о вагонах отсутствует. Нумерация: 
08:02:00: 	Пользователь-1: 	Повагонная навигация	Принят состав поезда №346 АДЛЕР НИЖНЕВАРТОВСК 14 ноября 2018 г.. Вагоны: 0 4 5 6 7 41 8 9 10 11 12. Нумерация: 
08:03:00: 	Пользователь-1: 	Повагонная навигация	Поезд №2 МОСКВА ВОЛГОГРАД 14 ноября 2018 г.. Состав изменен. Вагоны: 0 2 3 4 5 6 41 7 15 16 17 18 19. Нумерация: с головы
08:03:00: 	Пользователь-1: 	Повагонная навигация	Состав поезда №128 КРАСНОЯРСК АДЛЕР 14 ноября 2018 г. не имеет вагонов. Вагоны: Информация о вагонах отсутствует. Нумерация: 
08:03:00: 	Пользователь-1: 	Повагонная навигация	Поезд №346 АДЛЕР НИЖНЕВАРТОВСК 14 ноября 2018 г.. Состав изменен. Вагоны: 0 4 5 6 7 41 8 9 10 11 12. Нумерация: с головы
08:04:00: 	Пользователь-1: 	Повагонная навигация	Поезд №2 МОСКВА ВОЛГОГРАД 14 ноября 2018 г.. Состав изменен. Вагоны: 0 2 3 4 5 6 41 7 15 16 17 18 19. Нумерация: с головы
08:04:00: 	Пользователь-1: 	Повагонная навигация	Состав поезда №128 КРАСНОЯРСК АДЛЕР 14 ноября 2018 г. не имеет вагонов. Вагоны: Информация о вагонах отсутствует. Нумерация: 
08:04:00: 	Пользователь-1: 	Повагонная навигация	Поезд №346 АДЛЕР НИЖНЕВАРТОВСК 14 ноября 2018 г.. Состав изменен. Вагоны: 0 4 5 6 7 41 8 9 10 11 12. Нумерация: с головы
08:05:00: 	Пользователь-1: 	Повагонная навигация	Поезд №2 МОСКВА ВОЛГОГРАД 14 ноября 2018 г.. Состав изменен. Вагоны: 0 2 3 4 5 6 41 7 15 16 17 18 19. Нумерация: с головы
08:05:00: 	Пользователь-1: 	Повагонная навигация	Состав поезда №128 КРАСНОЯРСК АДЛЕР 14 ноября 2018 г. не имеет вагонов. Вагоны: Информация о вагонах отсутствует. Нумерация: 
08:05:00: 	Пользователь-1: 	Повагонная навигация	Поезд №346 АДЛЕР НИЖНЕВАРТОВСК 14 ноября 2018 г.. Состав изменен. Вагоны: 0 4 5 6 7 41 8 9 10 11 12. Нумерация: с головы
08:06:00: 	Пользователь-1: 	Повагонная навигация	Поезд №2 МОСКВА ВОЛГОГРАД 14 ноября 2018 г.. Состав изменен. Вагоны: 0 2 3 4 5 6 41 7 15 16 17 18 19. Нумерация: с головы
08:06:00: 	Пользователь-1: 	Повагонная навигация	Состав поезда №128 КРАСНОЯРСК АДЛЕР 14 ноября 2018 г. не имеет вагонов. Вагоны: Информация о вагонах отсутствует. Нумерация: 
08:06:00: 	Пользователь-1: 	Повагонная навигация	Поезд №346 АДЛЕР НИЖНЕВАРТОВСК 14 ноября 2018 г.. Состав изменен. Вагоны: 0 4 5 6 7 41 8 9 10 11 12. Нумерация: с головы
08:07:00: 	Пользователь-1: 	Повагонная навигация	Поезд №2 МОСКВА ВОЛГОГРАД 14 ноября 2018 г.. Состав изменен. Вагоны: 0 2 3 4 5 6 41 7 15 16 17 18 19. Нумерация: с головы
08:07:00: 	Пользователь-1: 	Повагонная навигация	Состав поезда №128 КРАСНОЯРСК АДЛЕР 14 ноября 2018 г. не имеет вагонов. Вагоны: Информация о вагонах отсутствует. Нумерация: 
08:07:00: 	Пользователь-1: 	Повагонная навигация	Поезд №346 АДЛЕР НИЖНЕВАРТОВСК 14 ноября 2018 г.. Состав изменен. Вагоны: 0 4 5 6 7 41 8 9 10 11 12. Нумерация: с головы
08:08:00: 	Пользователь-1: 	Повагонная навигация	Поезд №2 МОСКВА ВОЛГОГРАД 14 ноября 2018 г.. Состав изменен. Вагоны: 0 2 3 4 5 6 41 7 15 16 17 18 19. Нумерация: с головы
08:08:00: 	Пользователь-1: 	Повагонная навигация	Состав поезда №128 КРАСНОЯРСК АДЛЕР 14 ноября 2018 г. не имеет вагонов. Вагоны: Информация о вагонах отсутствует. Нумерация: 
08:08:00: 	Пользователь-1: 	Повагонная навигация	Поезд №346 АДЛЕР НИЖНЕВАРТОВСК 14 ноября 2018 г.. Состав изменен. Вагоны: 0 4 5 6 7 41 8 9 10 11 12. Нумерация: с головы
08:09:00: 	Пользователь-1: 	Повагонная навигация	Поезд №2 МОСКВА ВОЛГОГРАД 14 ноября 2018 г.. Состав изменен. Вагоны: 0 2 3 4 5 6 41 7 15 16 17 18 19. Нумерация: с головы
08:09:00: 	Пользователь-1: 	Повагонная навигация	Состав поезда №128 КРАСНОЯРСК АДЛЕР 14 ноября 2018 г. не имеет вагонов. Вагоны: Информация о вагонах отсутствует. Нумерация: 
08:09:00: 	Пользователь-1: 	Повагонная навигация	Поезд №346 АДЛЕР НИЖНЕВАРТОВСК 14 ноября 2018 г.. Состав изменен. Вагоны: 0 4 5 6 7 41 8 9 10 11 12. Нумерация: с головы
08:10:00: 	Пользователь-1: 	Повагонная навигация	Поезд №2 МОСКВА ВОЛГОГРАД 14 ноября 2018 г.. Состав изменен. Вагоны: 0 2 3 4 5 6 41 7 15 16 17 18 19. Нумерация: с головы
08:10:00: 	Пользователь-1: 	Повагонная навигация	Состав поезда №128 КРАСНОЯРСК АДЛЕР 14 ноября 2018 г. не имеет вагонов. Вагоны: Информация о вагонах отсутствует. Нумерация: 
08:10:01: 	Пользователь-1: 	Повагонная навигация	Поезд №346 АДЛЕР НИЖНЕВАРТОВСК 14 ноября 2018 г.. Состав изменен. Вагоны: 0 4 5 6 7 41 8 9 10 11 12. Нумерация: с головы
08:11:00: 	Пользователь-1: 	Повагонная навигация	Поезд №2 МОСКВА ВОЛГОГРАД 14 ноября 2018 г.. Состав изменен. Вагоны: 0 2 3 4 5 6 41 7 15 16 17 18 19. Нумерация: с головы
08:11:00: 	Пользователь-1: 	Повагонная навигация	Состав поезда №128 КРАСНОЯРСК АДЛЕР 14 ноября 2018 г. не имеет вагонов. Вагоны: Информация о вагонах отсутствует. Нумерация: 
08:11:00: 	Пользователь-1: 	Повагонная навигация	Поезд №346 АДЛЕР НИЖНЕВАРТОВСК 14 ноября 2018 г.. Состав изменен. Вагоны: 0 4 5 6 7 41 8 9 10 11 12. Нумерация: с головы
08:12:00: 	Пользователь-1: 	Повагонная навигация	Поезд №2 МОСКВА ВОЛГОГРАД 14 ноября 2018 г.. Состав изменен. Вагоны: 0 2 3 4 5 6 41 7 15 16 17 18 19. Нумерация: с головы
08:12:00: 	Пользователь-1: 	Повагонная навигация	Состав поезда №128 КРАСНОЯРСК АДЛЕР 14 ноября 2018 г. не имеет вагонов. Вагоны: Информация о вагонах отсутствует. Нумерация: 
08:12:00: 	Пользователь-1: 	Повагонная навигация	Поезд №346 АДЛЕР НИЖНЕВАРТОВСК 14 ноября 2018 г.. Состав изменен. Вагоны: 0 4 5 6 7 41 8 9 10 11 12. Нумерация: с головы
08:13:00: 	Пользователь-1: 	Повагонная навигация	Поезд №2 МОСКВА ВОЛГОГРАД 14 ноября 2018 г.. Состав изменен. Вагоны: 0 2 3 4 5 6 41 7 15 16 17 18 19. Нумерация: с головы
08:13:00: 	Пользователь-1: 	Повагонная навигация	Состав поезда №128 КРАСНОЯРСК АДЛЕР 14 ноября 2018 г. не имеет вагонов. Вагоны: Информация о вагонах отсутствует. Нумерация: 
08:13:00: 	Пользователь-1: 	Повагонная навигация	Поезд №346 АДЛЕР НИЖНЕВАРТОВСК 14 ноября 2018 г.. Состав изменен. Вагоны: 0 4 5 6 7 41 8 9 10 11 12. Нумерация: с головы
08:14:00: 	Пользователь-1: 	Повагонная навигация	Поезд №2 МОСКВА ВОЛГОГРАД 14 ноября 2018 г.. Состав изменен. Вагоны: 0 2 3 4 5 6 41 7 15 16 17 18 19. Нумерация: с головы
08:14:00: 	Пользователь-1: 	Повагонная навигация	Состав поезда №128 КРАСНОЯРСК АДЛЕР 14 ноября 2018 г. не имеет вагонов. Вагоны: Информация о вагонах отсутствует. Нумерация: 
08:14:00: 	Пользователь-1: 	Повагонная навигация	Поезд №346 АДЛЕР НИЖНЕВАРТОВСК 14 ноября 2018 г.. Состав изменен. Вагоны: 0 4 5 6 7 41 8 9 10 11 12. Нумерация: с головы
08:15:01: 	Пользователь-1: 	Повагонная навигация	Поезд №2 МОСКВА ВОЛГОГРАД 14 ноября 2018 г.. Состав изменен. Вагоны: 0 2 3 4 5 6 41 7 15 16 17 18 19. Нумерация: с головы
08:15:01: 	Пользователь-1: 	Повагонная навигация	Состав поезда №128 КРАСНОЯРСК АДЛЕР 14 ноября 2018 г. не имеет вагонов. Вагоны: Информация о вагонах отсутствует. Нумерация: 
08:15:01: 	Пользователь-1: 	Повагонная навигация	Поезд №346 АДЛЕР НИЖНЕВАРТОВСК 14 ноября 2018 г.. Состав изменен. Вагоны: 0 4 5 6 7 41 8 9 10 11 12. Нумерация: с головы
08:16:00: 	Пользователь-1: 	Повагонная навигация	Поезд №2 МОСКВА ВОЛГОГРАД 14 ноября 2018 г.. Состав изменен. Вагоны: 0 2 3 4 5 6 41 7 15 16 17 18 19. Нумерация: с головы
08:16:00: 	Пользователь-1: 	Повагонная навигация	Состав поезда №128 КРАСНОЯРСК АДЛЕР 14 ноября 2018 г. не имеет вагонов. Вагоны: Информация о вагонах отсутствует. Нумерация: 
08:16:00: 	Пользователь-1: 	Повагонная навигация	Поезд №346 АДЛЕР НИЖНЕВАРТОВСК 14 ноября 2018 г.. Состав изменен. Вагоны: 0 4 5 6 7 41 8 9 10 11 12. Нумерация: с головы
08:17:00: 	Пользователь-1: 	Повагонная навигация	Поезд №2 МОСКВА ВОЛГОГРАД 14 ноября 2018 г.. Состав изменен. Вагоны: 0 2 3 4 5 6 41 7 15 16 17 18 19. Нумерация: с головы
08:17:00: 	Пользователь-1: 	Повагонная навигация	Состав поезда №128 КРАСНОЯРСК АДЛЕР 14 ноября 2018 г. не имеет вагонов. Вагоны: Информация о вагонах отсутствует. Нумерация: 
08:17:00: 	Пользователь-1: 	Повагонная навигация	Поезд №346 АДЛЕР НИЖНЕВАРТОВСК 14 ноября 2018 г.. Состав изменен. Вагоны: 0 4 5 6 7 41 8 9 10 11 12. Нумерация: с головы
08:18:01: 	Пользователь-1: 	Повагонная навигация	Поезд №2 МОСКВА ВОЛГОГРАД 14 ноября 2018 г.. Состав изменен. Вагоны: 0 2 3 4 5 6 41 7 15 16 17 18 19. Нумерация: с головы
08:18:01: 	Пользователь-1: 	Повагонная навигация	Состав поезда №128 КРАСНОЯРСК АДЛЕР 14 ноября 2018 г. не имеет вагонов. Вагоны: Информация о вагонах отсутствует. Нумерация: 
08:18:01: 	Пользователь-1: 	Повагонная навигация	Поезд №346 АДЛЕР НИЖНЕВАРТОВСК 14 ноября 2018 г.. Состав изменен. Вагоны: 0 4 5 6 7 41 8 9 10 11 12. Нумерация: с головы
08:19:00: 	Пользователь-1: 	Повагонная навигация	Поезд №2 МОСКВА ВОЛГОГРАД 14 ноября 2018 г.. Состав изменен. Вагоны: 0 2 3 4 5 6 41 7 15 16 17 18 19. Нумерация: с головы
08:19:00: 	Пользователь-1: 	Повагонная навигация	Состав поезда №128 КРАСНОЯРСК АДЛЕР 14 ноября 2018 г. не имеет вагонов. Вагоны: Информация о вагонах отсутствует. Нумерация: 
08:19:01: 	Пользователь-1: 	Повагонная навигация	Поезд №346 АДЛЕР НИЖНЕВАРТОВСК 14 ноября 2018 г.. Состав изменен. Вагоны: 0 4 5 6 7 41 8 9 10 11 12. Нумерация: с головы
08:20:00: 	Пользователь-1: 	Повагонная навигация	Поезд №2 МОСКВА ВОЛГОГРАД 14 ноября 2018 г.. Состав изменен. Вагоны: 0 2 3 4 5 6 41 7 15 16 17 18 19. Нумерация: с головы
08:20:01: 	Пользователь-1: 	Повагонная навигация	Состав поезда №128 КРАСНОЯРСК АДЛЕР 14 ноября 2018 г. не имеет вагонов. Вагоны: Информация о вагонах отсутствует. Нумерация: 
08:20:01: 	Пользователь-1: 	Повагонная навигация	Поезд №346 АДЛЕР НИЖНЕВАРТОВСК 14 ноября 2018 г.. Состав изменен. Вагоны: 0 4 5 6 7 41 8 9 10 11 12. Нумерация: с головы
08:21:01: 	Пользователь-1: 	Повагонная навигация	Поезд №2 МОСКВА ВОЛГОГРАД 14 ноября 2018 г.. Состав изменен. Вагоны: 0 2 3 4 5 6 41 7 15 16 17 18 19. Нумерация: с головы
08:21:01: 	Пользователь-1: 	Повагонная навигация	Состав поезда №128 КРАСНОЯРСК АДЛЕР 14 ноября 2018 г. не имеет вагонов. Вагоны: Информация о вагонах отсутствует. Нумерация: 
08:21:01: 	Пользователь-1: 	Повагонная навигация	Поезд №346 АДЛЕР НИЖНЕВАРТОВСК 14 ноября 2018 г.. Состав изменен. Вагоны: 0 4 5 6 7 41 8 9 10 11 12. Нумерация: с головы
08:22:01: 	Пользователь-1: 	Повагонная навигация	Состав поезда №128 КРАСНОЯРСК АДЛЕР 14 ноября 2018 г. не имеет вагонов. Вагоны: Информация о вагонах отсутствует. Нумерация: 
08:22:01: 	Пользователь-1: 	Повагонная навигация	Поезд №346 АДЛЕР НИЖНЕВАРТОВСК 14 ноября 2018 г.. Состав изменен. Вагоны: 0 4 5 6 7 41 8 9 10 11 12. Нумерация: с головы
08:23:00: 	Пользователь-1: 	Повагонная навигация	Состав поезда №128 КРАСНОЯРСК АДЛЕР 14 ноября 2018 г. не имеет вагонов. Вагоны: Информация о вагонах отсутствует. Нумерация: 
08:23:01: 	Пользователь-1: 	Повагонная навигация	Поезд №346 АДЛЕР НИЖНЕВАРТОВСК 14 ноября 2018 г.. Состав изменен. Вагоны: 0 4 5 6 7 41 8 9 10 11 12. Нумерация: с головы
08:24:00: 	Пользователь-1: 	Повагонная навигация	Состав поезда №128 КРАСНОЯРСК АДЛЕР 14 ноября 2018 г. не имеет вагонов. Вагоны: Информация о вагонах отсутствует. Нумерация: 
08:24:00: 	Пользователь-1: 	Повагонная навигация	Поезд №346 АДЛЕР НИЖНЕВАРТОВСК 14 ноября 2018 г.. Состав изменен. Вагоны: 0 4 5 6 7 41 8 9 10 11 12. Нумерация: с головы
08:25:00: 	Пользователь-1: 	Повагонная навигация	Состав поезда №128 КРАСНОЯРСК АДЛЕР 14 ноября 2018 г. не имеет вагонов. Вагоны: Информация о вагонах отсутствует. Нумерация: 
08:25:00: 	Пользователь-1: 	Повагонная навигация	Поезд №346 АДЛЕР НИЖНЕВАРТОВСК 14 ноября 2018 г.. Состав изменен. Вагоны: 0 4 5 6 7 41 8 9 10 11 12. Нумерация: с головы
08:26:00: 	Пользователь-1: 	Повагонная навигация	Состав поезда №128 КРАСНОЯРСК АДЛЕР 14 ноября 2018 г. не имеет вагонов. Вагоны: Информация о вагонах отсутствует. Нумерация: 
08:26:00: 	Пользователь-1: 	Повагонная навигация	Поезд №346 АДЛЕР НИЖНЕВАРТОВСК 14 ноября 2018 г.. Состав изменен. Вагоны: 0 4 5 6 7 41 8 9 10 11 12. Нумерация: с головы
08:27:00: 	Пользователь-1: 	Повагонная навигация	Состав поезда №128 КРАСНОЯРСК АДЛЕР 14 ноября 2018 г. не имеет вагонов. Вагоны: Информация о вагонах отсутствует. Нумерация: 
08:27:00: 	Пользователь-1: 	Повагонная навигация	Поезд №346 АДЛЕР НИЖНЕВАРТОВСК 14 ноября 2018 г.. Состав изменен. Вагоны: 0 4 5 6 7 41 8 9 10 11 12. Нумерация: с головы
08:28:00: 	Пользователь-1: 	Повагонная навигация	Состав поезда №128 КРАСНОЯРСК АДЛЕР 14 ноября 2018 г. не имеет вагонов. Вагоны: Информация о вагонах отсутствует. Нумерация: 
08:28:01: 	Пользователь-1: 	Повагонная навигация	Поезд №346 АДЛЕР НИЖНЕВАРТОВСК 14 ноября 2018 г.. Состав изменен. Вагоны: 0 4 5 6 7 41 8 9 10 11 12. Нумерация: с головы
08:29:00: 	Пользователь-1: 	Повагонная навигация	Состав поезда №128 КРАСНОЯРСК АДЛЕР 14 ноября 2018 г. не имеет вагонов. Вагоны: Информация о вагонах отсутствует. Нумерация: 
08:29:00: 	Пользователь-1: 	Повагонная навигация	Поезд №346 АДЛЕР НИЖНЕВАРТОВСК 14 ноября 2018 г.. Состав изменен. Вагоны: 0 4 5 6 7 41 8 9 10 11 12. Нумерация: с головы
08:30:01: 	Пользователь-1: 	Повагонная навигация	Состав поезда №128 КРАСНОЯРСК АДЛЕР 14 ноября 2018 г. не имеет вагонов. Вагоны: Информация о вагонах отсутствует. Нумерация: 
08:30:01: 	Пользователь-1: 	Повагонная навигация	Поезд №346 АДЛЕР НИЖНЕВАРТОВСК 14 ноября 2018 г.. Состав изменен. Вагоны: 0 4 5 6 7 41 8 9 10 11 12. Нумерация: с головы
08:31:01: 	Пользователь-1: 	Повагонная навигация	Состав поезда №128 КРАСНОЯРСК АДЛЕР 14 ноября 2018 г. не имеет вагонов. Вагоны: Информация о вагонах отсутствует. Нумерация: 
08:31:01: 	Пользователь-1: 	Повагонная навигация	Поезд №346 АДЛЕР НИЖНЕВАРТОВСК 14 ноября 2018 г.. Состав изменен. Вагоны: 0 4 5 6 7 41 8 9 10 11 12. Нумерация: с головы
08:32:00: 	Пользователь-1: 	Повагонная навигация	Состав поезда №128 КРАСНОЯРСК АДЛЕР 14 ноября 2018 г. не имеет вагонов. Вагоны: Информация о вагонах отсутствует. Нумерация: 
08:32:00: 	Пользователь-1: 	Повагонная навигация	Поезд №346 АДЛЕР НИЖНЕВАРТОВСК 14 ноября 2018 г.. Состав изменен. Вагоны: 0 4 5 6 7 41 8 9 10 11 12. Нумерация: с головы
08:33:01: 	Пользователь-1: 	Повагонная навигация	Состав поезда №128 КРАСНОЯРСК АДЛЕР 14 ноября 2018 г. не имеет вагонов. Вагоны: Информация о вагонах отсутствует. Нумерация: 
08:33:01: 	Пользователь-1: 	Повагонная навигация	Поезд №346 АДЛЕР НИЖНЕВАРТОВСК 14 ноября 2018 г.. Состав изменен. Вагоны: 0 4 5 6 7 41 8 9 10 11 12. Нумерация: с головы
08:34:01: 	Пользователь-1: 	Повагонная навигация	Состав поезда №128 КРАСНОЯРСК АДЛЕР 14 ноября 2018 г. не имеет вагонов. Вагоны: Информация о вагонах отсутствует. Нумерация: 
08:34:01: 	Пользователь-1: 	Повагонная навигация	Поезд №346 АДЛЕР НИЖНЕВАРТОВСК 14 ноября 2018 г.. Состав изменен. Вагоны: 0 4 5 6 7 41 8 9 10 11 12. Нумерация: с головы
08:35:01: 	Пользователь-1: 	Повагонная навигация	Состав поезда №128 КРАСНОЯРСК АДЛЕР 14 ноября 2018 г. не имеет вагонов. Вагоны: Информация о вагонах отсутствует. Нумерация: 
08:35:01: 	Пользователь-1: 	Повагонная навигация	Поезд №346 АДЛЕР НИЖНЕВАРТОВСК 14 ноября 2018 г.. Состав изменен. Вагоны: 0 4 5 6 7 41 8 9 10 11 12. Нумерация: с головы
08:36:00: 	Пользователь-1: 	Повагонная навигация	Состав поезда №128 КРАСНОЯРСК АДЛЕР 14 ноября 2018 г. не имеет вагонов. Вагоны: Информация о вагонах отсутствует. Нумерация: 
08:36:01: 	Пользователь-1: 	Повагонная навигация	Поезд №346 АДЛЕР НИЖНЕВАРТОВСК 14 ноября 2018 г.. Состав изменен. Вагоны: 0 4 5 6 7 41 8 9 10 11 12. Нумерация: с головы
08:37:01: 	Пользователь-1: 	Повагонная навигация	Состав поезда №128 КРАСНОЯРСК АДЛЕР 14 ноября 2018 г. не имеет вагонов. Вагоны: Информация о вагонах отсутствует. Нумерация: 
08:37:01: 	Пользователь-1: 	Повагонная навигация	Поезд №346 АДЛЕР НИЖНЕВАРТОВСК 14 ноября 2018 г.. Состав изменен. Вагоны: 0 4 5 6 7 41 8 9 10 11 12. Нумерация: с головы
08:38:00: 	Пользователь-1: 	Повагонная навигация	Состав поезда №128 КРАСНОЯРСК АДЛЕР 14 ноября 2018 г. не имеет вагонов. Вагоны: Информация о вагонах отсутствует. Нумерация: 
08:38:00: 	Пользователь-1: 	Повагонная навигация	Поезд №346 АДЛЕР НИЖНЕВАРТОВСК 14 ноября 2018 г.. Состав изменен. Вагоны: 0 4 5 6 7 41 8 9 10 11 12. Нумерация: с головы
08:39:01: 	Пользователь-1: 	Повагонная навигация	Состав поезда №128 КРАСНОЯРСК АДЛЕР 14 ноября 2018 г. не имеет вагонов. Вагоны: Информация о вагонах отсутствует. Нумерация: 
08:39:01: 	Пользователь-1: 	Повагонная навигация	Поезд №346 АДЛЕР НИЖНЕВАРТОВСК 14 ноября 2018 г.. Состав изменен. Вагоны: 0 4 5 6 7 41 8 9 10 11 12. Нумерация: с головы
08:40:01: 	Пользователь-1: 	Повагонная навигация	Состав поезда №128 КРАСНОЯРСК АДЛЕР 14 ноября 2018 г. не имеет вагонов. Вагоны: Информация о вагонах отсутствует. Нумерация: 
08:40:01: 	Пользователь-1: 	Повагонная навигация	Поезд №346 АДЛЕР НИЖНЕВАРТОВСК 14 ноября 2018 г.. Состав изменен. Вагоны: 0 4 5 6 7 41 8 9 10 11 12. Нумерация: с головы
08:41:01: 	Пользователь-1: 	Повагонная навигация	Состав поезда №128 КРАСНОЯРСК АДЛЕР 14 ноября 2018 г. не имеет вагонов. Вагоны: Информация о вагонах отсутствует. Нумерация: 
08:41:01: 	Пользователь-1: 	Повагонная навигация	Поезд №346 АДЛЕР НИЖНЕВАРТОВСК 14 ноября 2018 г.. Состав изменен. Вагоны: 0 4 5 6 7 41 8 9 10 11 12. Нумерация: с головы
08:42:00: 	Пользователь-1: 	Повагонная навигация	Состав поезда №128 КРАСНОЯРСК АДЛЕР 14 ноября 2018 г. не имеет вагонов. Вагоны: Информация о вагонах отсутствует. Нумерация: 
08:42:00: 	Пользователь-1: 	Повагонная навигация	Поезд №346 АДЛЕР НИЖНЕВАРТОВСК 14 ноября 2018 г.. Состав изменен. Вагоны: 0 4 5 6 7 41 8 9 10 11 12. Нумерация: с головы
08:43:01: 	Пользователь-1: 	Повагонная навигация	Состав поезда №128 КРАСНОЯРСК АДЛЕР 14 ноября 2018 г. не имеет вагонов. Вагоны: Информация о вагонах отсутствует. Нумерация: 
08:43:01: 	Пользователь-1: 	Повагонная навигация	Поезд №346 АДЛЕР НИЖНЕВАРТОВСК 14 ноября 2018 г.. Состав изменен. Вагоны: 0 4 5 6 7 41 8 9 10 11 12. Нумерация: с головы
08:44:01: 	Пользователь-1: 	Повагонная навигация	Состав поезда №128 КРАСНОЯРСК АДЛЕР 14 ноября 2018 г. не имеет вагонов. Вагоны: Информация о вагонах отсутствует. Нумерация: 
08:44:01: 	Пользователь-1: 	Повагонная навигация	Поезд №346 АДЛЕР НИЖНЕВАРТОВСК 14 ноября 2018 г.. Состав изменен. Вагоны: 0 4 5 6 7 41 8 9 10 11 12. Нумерация: с головы
08:45:01: 	Пользователь-1: 	Повагонная навигация	Состав поезда №128 КРАСНОЯРСК АДЛЕР 14 ноября 2018 г. не имеет вагонов. Вагоны: Информация о вагонах отсутствует. Нумерация: 
08:45:01: 	Пользователь-1: 	Повагонная навигация	Поезд №346 АДЛЕР НИЖНЕВАРТОВСК 14 ноября 2018 г.. Состав изменен. Вагоны: 0 4 5 6 7 41 8 9 10 11 12. Нумерация: с головы
08:46:01: 	Пользователь-1: 	Повагонная навигация	Состав поезда №128 КРАСНОЯРСК АДЛЕР 14 ноября 2018 г. не имеет вагонов. Вагоны: Информация о вагонах отсутствует. Нумерация: 
08:46:01: 	Пользователь-1: 	Повагонная навигация	Поезд №346 АДЛЕР НИЖНЕВАРТОВСК 14 ноября 2018 г.. Состав изменен. Вагоны: 0 4 5 6 7 41 8 9 10 11 12. Нумерация: с головы
08:47:01: 	Пользователь-1: 	Повагонная навигация	Состав поезда №128 КРАСНОЯРСК АДЛЕР 14 ноября 2018 г. не имеет вагонов. Вагоны: Информация о вагонах отсутствует. Нумерация: 
08:47:01: 	Пользователь-1: 	Повагонная навигация	Поезд №346 АДЛЕР НИЖНЕВАРТОВСК 14 ноября 2018 г.. Состав изменен. Вагоны: 0 4 5 6 7 41 8 9 10 11 12. Нумерация: с головы
08:48:01: 	Пользователь-1: 	Повагонная навигация	Состав поезда №128 КРАСНОЯРСК АДЛЕР 14 ноября 2018 г. не имеет вагонов. Вагоны: Информация о вагонах отсутствует. Нумерация: 
08:48:01: 	Пользователь-1: 	Повагонная навигация	Поезд №346 АДЛЕР НИЖНЕВАРТОВСК 14 ноября 2018 г.. Состав изменен. Вагоны: 0 4 5 6 7 41 8 9 10 11 12. Нумерация: с головы
08:49:01: 	Пользователь-1: 	Повагонная навигация	Состав поезда №128 КРАСНОЯРСК АДЛЕР 14 ноября 2018 г. не имеет вагонов. Вагоны: Информация о вагонах отсутствует. Нумерация: 
08:49:01: 	Пользователь-1: 	Повагонная навигация	Поезд №346 АДЛЕР НИЖНЕВАРТОВСК 14 ноября 2018 г.. Состав изменен. Вагоны: 0 4 5 6 7 41 8 9 10 11 12. Нумерация: с головы
08:50:01: 	Пользователь-1: 	Повагонная навигация	Состав поезда №128 КРАСНОЯРСК АДЛЕР 14 ноября 2018 г. не имеет вагонов. Вагоны: Информация о вагонах отсутствует. Нумерация: 
08:50:01: 	Пользователь-1: 	Повагонная навигация	Поезд №346 АДЛЕР НИЖНЕВАРТОВСК 14 ноября 2018 г.. Состав изменен. Вагоны: 0 4 5 6 7 41 8 9 10 11 12. Нумерация: с головы
08:51:01: 	Пользователь-1: 	Повагонная навигация	Состав поезда №128 КРАСНОЯРСК АДЛЕР 14 ноября 2018 г. не имеет вагонов. Вагоны: Информация о вагонах отсутствует. Нумерация: 
08:51:01: 	Пользователь-1: 	Повагонная навигация	Поезд №346 АДЛЕР НИЖНЕВАРТОВСК 14 ноября 2018 г.. Состав изменен. Вагоны: 0 4 5 6 7 41 8 9 10 11 12. Нумерация: с головы
08:52:01: 	Пользователь-1: 	Повагонная навигация	Состав поезда №128 КРАСНОЯРСК АДЛЕР 14 ноября 2018 г. не имеет вагонов. Вагоны: Информация о вагонах отсутствует. Нумерация: 
08:52:01: 	Пользователь-1: 	Повагонная навигация	Поезд №346 АДЛЕР НИЖНЕВАРТОВСК 14 ноября 2018 г.. Состав изменен. Вагоны: 0 4 5 6 7 41 8 9 10 11 12. Нумерация: с головы
08:53:01: 	Пользователь-1: 	Повагонная навигация	Состав поезда №128 КРАСНОЯРСК АДЛЕР 14 ноября 2018 г. не имеет вагонов. Вагоны: Информация о вагонах отсутствует. Нумерация: 
08:53:01: 	Пользователь-1: 	Повагонная навигация	Поезд №346 АДЛЕР НИЖНЕВАРТОВСК 14 ноября 2018 г.. Состав изменен. Вагоны: 0 4 5 6 7 41 8 9 10 11 12. Нумерация: с головы
08:54:01: 	Пользователь-1: 	Повагонная навигация	Состав поезда №128 КРАСНОЯРСК АДЛЕР 14 ноября 2018 г. не имеет вагонов. Вагоны: Информация о вагонах отсутствует. Нумерация: 
08:54:01: 	Пользователь-1: 	Повагонная навигация	Поезд №346 АДЛЕР НИЖНЕВАРТОВСК 14 ноября 2018 г.. Состав изменен. Вагоны: 0 4 5 6 7 41 8 9 10 11 12. Нумерация: с головы
08:55:01: 	Пользователь-1: 	Повагонная навигация	Состав поезда №128 КРАСНОЯРСК АДЛЕР 14 ноября 2018 г. не имеет вагонов. Вагоны: Информация о вагонах отсутствует. Нумерация: 
08:55:01: 	Пользователь-1: 	Повагонная навигация	Поезд №346 АДЛЕР НИЖНЕВАРТОВСК 14 ноября 2018 г.. Состав изменен. Вагоны: 0 4 5 6 7 41 8 9 10 11 12. Нумерация: с головы
08:56:01: 	Пользователь-1: 	Повагонная навигация	Состав поезда №128 КРАСНОЯРСК АДЛЕР 14 ноября 2018 г. не имеет вагонов. Вагоны: Информация о вагонах отсутствует. Нумерация: 
08:56:01: 	Пользователь-1: 	Повагонная навигация	Поезд №346 АДЛЕР НИЖНЕВАРТОВСК 14 ноября 2018 г.. Состав изменен. Вагоны: 0 4 5 6 7 41 8 9 10 11 12. Нумерация: с головы
08:57:01: 	Пользователь-1: 	Повагонная навигация	Состав поезда №128 КРАСНОЯРСК АДЛЕР 14 ноября 2018 г. не имеет вагонов. Вагоны: Информация о вагонах отсутствует. Нумерация: 
08:57:01: 	Пользователь-1: 	Повагонная навигация	Поезд №346 АДЛЕР НИЖНЕВАРТОВСК 14 ноября 2018 г.. Состав изменен. Вагоны: 0 4 5 6 7 41 8 9 10 11 12. Нумерация: с головы
08:58:01: 	Пользователь-1: 	Повагонная навигация	Состав поезда №128 КРАСНОЯРСК АДЛЕР 14 ноября 2018 г. не имеет вагонов. Вагоны: Информация о вагонах отсутствует. Нумерация: 
08:58:01: 	Пользователь-1: 	Повагонная навигация	Поезд №346 АДЛЕР НИЖНЕВАРТОВСК 14 ноября 2018 г.. Состав изменен. Вагоны: 0 4 5 6 7 41 8 9 10 11 12. Нумерация: с головы
08:59:01: 	Пользователь-1: 	Повагонная навигация	Состав поезда №128 КРАСНОЯРСК АДЛЕР 14 ноября 2018 г. не имеет вагонов. Вагоны: Информация о вагонах отсутствует. Нумерация: 
08:59:01: 	Пользователь-1: 	Повагонная навигация	Поезд №346 АДЛЕР НИЖНЕВАРТОВСК 14 ноября 2018 г.. Состав изменен. Вагоны: 0 4 5 6 7 41 8 9 10 11 12. Нумерация: с головы
09:00:01: 	Пользователь-1: 	Повагонная навигация	Состав поезда №128 КРАСНОЯРСК АДЛЕР 14 ноября 2018 г. не имеет вагонов. Вагоны: Информация о вагонах отсутствует. Нумерация: 
09:00:01: 	Пользователь-1: 	Повагонная навигация	Поезд №346 АДЛЕР НИЖНЕВАРТОВСК 14 ноября 2018 г.. Состав изменен. Вагоны: 0 4 5 6 7 41 8 9 10 11 12. Нумерация: с головы
09:01:01: 	Пользователь-1: 	Повагонная навигация	Состав поезда №128 КРАСНОЯРСК АДЛЕР 14 ноября 2018 г. не имеет вагонов. Вагоны: Информация о вагонах отсутствует. Нумерация: 
09:01:01: 	Пользователь-1: 	Повагонная навигация	Поезд №346 АДЛЕР НИЖНЕВАРТОВСК 14 ноября 2018 г.. Состав изменен. Вагоны: 0 4 5 6 7 41 8 9 10 11 12. Нумерация: с головы
09:02:01: 	Пользователь-1: 	Повагонная навигация	Состав поезда №128 КРАСНОЯРСК АДЛЕР 14 ноября 2018 г. не имеет вагонов. Вагоны: Информация о вагонах отсутствует. Нумерация: 
09:02:01: 	Пользователь-1: 	Повагонная навигация	Поезд №346 АДЛЕР НИЖНЕВАРТОВСК 14 ноября 2018 г.. Состав изменен. Вагоны: 0 4 5 6 7 41 8 9 10 11 12. Нумерация: с головы
09:03:01: 	Пользователь-1: 	Повагонная навигация	Состав поезда №128 КРАСНОЯРСК АДЛЕР 14 ноября 2018 г. не имеет вагонов. Вагоны: Информация о вагонах отсутствует. Нумерация: 
09:03:01: 	Пользователь-1: 	Повагонная навигация	Поезд №346 АДЛЕР НИЖНЕВАРТОВСК 14 ноября 2018 г.. Состав изменен. Вагоны: 0 4 5 6 7 41 8 9 10 11 12. Нумерация: с головы
09:04:01: 	Пользователь-1: 	Повагонная навигация	Состав поезда №128 КРАСНОЯРСК АДЛЕР 14 ноября 2018 г. не имеет вагонов. Вагоны: Информация о вагонах отсутствует. Нумерация: 
09:04:01: 	Пользователь-1: 	Повагонная навигация	Поезд №346 АДЛЕР НИЖНЕВАРТОВСК 14 ноября 2018 г.. Состав изменен. Вагоны: 0 4 5 6 7 41 8 9 10 11 12. Нумерация: с головы
09:05:01: 	Пользователь-1: 	Повагонная навигация	Состав поезда №128 КРАСНОЯРСК АДЛЕР 14 ноября 2018 г. не имеет вагонов. Вагоны: Информация о вагонах отсутствует. Нумерация: 
09:05:01: 	Пользователь-1: 	Повагонная навигация	Поезд №346 АДЛЕР НИЖНЕВАРТОВСК 14 ноября 2018 г.. Состав изменен. Вагоны: 0 4 5 6 7 41 8 9 10 11 12. Нумерация: с головы
09:06:01: 	Пользователь-1: 	Повагонная навигация	Состав поезда №128 КРАСНОЯРСК АДЛЕР 14 ноября 2018 г. не имеет вагонов. Вагоны: Информация о вагонах отсутствует. Нумерация: 
09:06:01: 	Пользователь-1: 	Повагонная навигация	Поезд №346 АДЛЕР НИЖНЕВАРТОВСК 14 ноября 2018 г.. Состав изменен. Вагоны: 0 4 5 6 7 41 8 9 10 11 12. Нумерация: с головы
09:07:01: 	Пользователь-1: 	Повагонная навигация	Состав поезда №128 КРАСНОЯРСК АДЛЕР 14 ноября 2018 г. не имеет вагонов. Вагоны: Информация о вагонах отсутствует. Нумерация: 
09:07:01: 	Пользователь-1: 	Повагонная навигация	Поезд №346 АДЛЕР НИЖНЕВАРТОВСК 14 ноября 2018 г.. Состав изменен. Вагоны: 0 4 5 6 7 41 8 9 10 11 12. Нумерация: с головы
09:08:01: 	Пользователь-1: 	Повагонная навигация	Состав поезда №128 КРАСНОЯРСК АДЛЕР 14 ноября 2018 г. не имеет вагонов. Вагоны: Информация о вагонах отсутствует. Нумерация: 
09:08:01: 	Пользователь-1: 	Повагонная навигация	Поезд №346 АДЛЕР НИЖНЕВАРТОВСК 14 ноября 2018 г.. Состав изменен. Вагоны: 0 4 5 6 7 41 8 9 10 11 12. Нумерация: с головы
09:09:01: 	Пользователь-1: 	Повагонная навигация	Состав поезда №128 КРАСНОЯРСК АДЛЕР 14 ноября 2018 г. не имеет вагонов. Вагоны: Информация о вагонах отсутствует. Нумерация: 
09:09:01: 	Пользователь-1: 	Повагонная навигация	Поезд №346 АДЛЕР НИЖНЕВАРТОВСК 14 ноября 2018 г.. Состав изменен. Вагоны: 0 4 5 6 7 41 8 9 10 11 12. Нумерация: с головы
09:10:01: 	Пользователь-1: 	Повагонная навигация	Состав поезда №128 КРАСНОЯРСК АДЛЕР 14 ноября 2018 г. не имеет вагонов. Вагоны: Информация о вагонах отсутствует. Нумерация: 
09:10:01: 	Пользователь-1: 	Повагонная навигация	Поезд №346 АДЛЕР НИЖНЕВАРТОВСК 14 ноября 2018 г.. Состав изменен. Вагоны: 0 4 5 6 7 41 8 9 10 11 12. Нумерация: с головы
09:11:01: 	Пользователь-1: 	Повагонная навигация	Состав поезда №128 КРАСНОЯРСК АДЛЕР 14 ноября 2018 г. не имеет вагонов. Вагоны: Информация о вагонах отсутствует. Нумерация: 
09:11:01: 	Пользователь-1: 	Повагонная навигация	Поезд №346 АДЛЕР НИЖНЕВАРТОВСК 14 ноября 2018 г.. Состав изменен. Вагоны: 0 4 5 6 7 41 8 9 10 11 12. Нумерация: с головы
09:12:01: 	Пользователь-1: 	Повагонная навигация	Состав поезда №128 КРАСНОЯРСК АДЛЕР 14 ноября 2018 г. не имеет вагонов. Вагоны: Информация о вагонах отсутствует. Нумерация: 
09:12:01: 	Пользователь-1: 	Повагонная навигация	Поезд №346 АДЛЕР НИЖНЕВАРТОВСК 14 ноября 2018 г.. Состав изменен. Вагоны: 0 4 5 6 7 41 8 9 10 11 12. Нумерация: с головы
09:13:01: 	Пользователь-1: 	Повагонная навигация	Состав поезда №128 КРАСНОЯРСК АДЛЕР 14 ноября 2018 г. не имеет вагонов. Вагоны: Информация о вагонах отсутствует. Нумерация: 
09:13:01: 	Пользователь-1: 	Повагонная навигация	Поезд №346 АДЛЕР НИЖНЕВАРТОВСК 14 ноября 2018 г.. Состав изменен. Вагоны: 0 4 5 6 7 41 8 9 10 11 12. Нумерация: с головы
09:14:01: 	Пользователь-1: 	Повагонная навигация	Состав поезда №128 КРАСНОЯРСК АДЛЕР 14 ноября 2018 г. не имеет вагонов. Вагоны: Информация о вагонах отсутствует. Нумерация: 
09:14:01: 	Пользователь-1: 	Повагонная навигация	Поезд №346 АДЛЕР НИЖНЕВАРТОВСК 14 ноября 2018 г.. Состав изменен. Вагоны: 0 4 5 6 7 41 8 9 10 11 12. Нумерация: с головы
09:15:01: 	Пользователь-1: 	Повагонная навигация	Состав поезда №128 КРАСНОЯРСК АДЛЕР 14 ноября 2018 г. не имеет вагонов. Вагоны: Информация о вагонах отсутствует. Нумерация: 
09:15:01: 	Пользователь-1: 	Повагонная навигация	Поезд №346 АДЛЕР НИЖНЕВАРТОВСК 14 ноября 2018 г.. Состав изменен. Вагоны: 0 4 5 6 7 41 8 9 10 11 12. Нумерация: с головы
09:16:01: 	Пользователь-1: 	Повагонная навигация	Состав поезда №128 КРАСНОЯРСК АДЛЕР 14 ноября 2018 г. не имеет вагонов. Вагоны: Информация о вагонах отсутствует. Нумерация: 
09:16:01: 	Пользователь-1: 	Повагонная навигация	Поезд №346 АДЛЕР НИЖНЕВАРТОВСК 14 ноября 2018 г.. Состав изменен. Вагоны: 0 4 5 6 7 41 8 9 10 11 12. Нумерация: с головы
09:17:01: 	Пользователь-1: 	Повагонная навигация	Поезд №346 АДЛЕР НИЖНЕВАРТОВСК 14 ноября 2018 г.. Состав изменен. Вагоны: 0 4 5 6 7 41 8 9 10 11 12. Нумерация: с головы
09:18:01: 	Пользователь-1: 	Повагонная навигация	Поезд №346 АДЛЕР НИЖНЕВАРТОВСК 14 ноября 2018 г.. Состав изменен. Вагоны: 0 4 5 6 7 41 8 9 10 11 12. Нумерация: с головы
09:19:01: 	Пользователь-1: 	Повагонная навигация	Поезд №346 АДЛЕР НИЖНЕВАРТОВСК 14 ноября 2018 г.. Состав изменен. Вагоны: 0 4 5 6 7 41 8 9 10 11 12. Нумерация: с головы
09:20:01: 	Пользователь-1: 	Повагонная навигация	Поезд №346 АДЛЕР НИЖНЕВАРТОВСК 14 ноября 2018 г.. Состав изменен. Вагоны: 0 4 5 6 7 41 8 9 10 11 12. Нумерация: с головы
09:21:01: 	Пользователь-1: 	Повагонная навигация	Поезд №346 АДЛЕР НИЖНЕВАРТОВСК 14 ноября 2018 г.. Состав изменен. Вагоны: 0 4 5 6 7 41 8 9 10 11 12. Нумерация: с головы
09:22:01: 	Пользователь-1: 	Повагонная навигация	Поезд №346 АДЛЕР НИЖНЕВАРТОВСК 14 ноября 2018 г.. Состав изменен. Вагоны: 0 4 5 6 7 41 8 9 10 11 12. Нумерация: с головы
09:23:01: 	Пользователь-1: 	Повагонная навигация	Поезд №346 АДЛЕР НИЖНЕВАРТОВСК 14 ноября 2018 г.. Состав изменен. Вагоны: 0 4 5 6 7 41 8 9 10 11 12. Нумерация: с головы
09:24:01: 	Пользователь-1: 	Повагонная навигация	Поезд №346 АДЛЕР НИЖНЕВАРТОВСК 14 ноября 2018 г.. Состав изменен. Вагоны: 0 4 5 6 7 41 8 9 10 11 12. Нумерация: с головы
09:25:01: 	Пользователь-1: 	Повагонная навигация	Поезд №346 АДЛЕР НИЖНЕВАРТОВСК 14 ноября 2018 г.. Состав изменен. Вагоны: 0 4 5 6 7 41 8 9 10 11 12. Нумерация: с головы
09:26:01: 	Пользователь-1: 	Повагонная навигация	Поезд №346 АДЛЕР НИЖНЕВАРТОВСК 14 ноября 2018 г.. Состав изменен. Вагоны: 0 4 5 6 7 41 8 9 10 11 12. Нумерация: с головы
